[NOTICE]2018-03-19 19:37:40:640[::1] /images/favicon.ico
WARNING => Array to string conversion
#1 E:\github\web\lib\TXAutoload.php(59)
[NOTICE]2018-03-19 19:37:40:641[::1] /images/favicon.ico
WARNING => Array to string conversion
#1 E:\github\web\lib\TXAutoload.php(59)
[NOTICE]2018-03-19 19:37:40:641[::1] /images/favicon.ico
WARNING => Array to string conversion
#1 E:\github\web\lib\TXAutoload.php(59)
[NOTICE]2018-03-19 19:37:40:642[::1] /images/favicon.ico
WARNING => Array to string conversion
#1 E:\github\web\lib\TXAutoload.php(59)
[NOTICE]2018-03-19 19:37:40:643[::1] /images/favicon.ico
WARNING => Array to string conversion
#1 E:\github\web\lib\TXAutoload.php(59)
[NOTICE]2018-03-19 19:37:40:644[::1] /images/favicon.ico
WARNING => Array to string conversion
#1 E:\github\web\lib\TXAutoload.php(59)
[NOTICE]2018-03-19 19:37:40:644[::1] /images/favicon.ico
WARNING => Array to string conversion
#1 E:\github\web\lib\TXAutoload.php(59)
[NOTICE]2018-03-19 19:37:40:645[::1] /images/favicon.ico
WARNING => Array to string conversion
#1 E:\github\web\lib\TXAutoload.php(59)
[ERROR]2018-03-19 19:37:40:666[::1] /images/favicon.ico
ERROR CODE: 1003
Autoload file[imagesAction] is fails
#0 [internal function]: biny\lib\TXAutoload::load('imagesAction')
#1 E:\github\web\lib\business\TXFactory.php(68): spl_autoload_call('imagesAction')
#2 E:\github\web\lib\business\TXFactory.php(45): biny\lib\TXFactory::loadClass('imagesAction', 'imagesAction')
#3 E:\github\web\lib\business\TXRequest.php(236): biny\lib\TXFactory::create('imagesAction')
#4 E:\github\web\lib\business\TXController.php(54): biny\lib\TXRequest->getModule(true)
#5 E:\github\web\lib\business\TXController.php(42): biny\lib\TXController->call(Object(biny\lib\TXRequest))
#6 E:\github\web\lib\business\TXController.php(105): biny\lib\TXController->execute()
#7 E:\github\web\lib\TXApp.php(177): biny\lib\TXController->dispatcher()
#8 E:\github\web\index.php(21): TXApp::run()
#9 {main}
[ERROR]2018-03-19 19:37:44:002[::1] /d
ERROR CODE: 1003
Autoload file[dAction] is fails
#0 [internal function]: biny\lib\TXAutoload::load('dAction')
#1 E:\github\web\lib\business\TXFactory.php(68): spl_autoload_call('dAction')
#2 E:\github\web\lib\business\TXFactory.php(45): biny\lib\TXFactory::loadClass('dAction', 'dAction')
#3 E:\github\web\lib\business\TXRequest.php(236): biny\lib\TXFactory::create('dAction')
#4 E:\github\web\lib\business\TXController.php(54): biny\lib\TXRequest->getModule(true)
#5 E:\github\web\lib\business\TXController.php(42): biny\lib\TXController->call(Object(biny\lib\TXRequest))
#6 E:\github\web\lib\business\TXController.php(105): biny\lib\TXController->execute()
#7 E:\github\web\lib\TXApp.php(177): biny\lib\TXController->dispatcher()
#8 E:\github\web\index.php(21): TXApp::run()
#9 {main}
[ERROR]2018-03-19 19:37:44:217[::1] /favicon.ico
ERROR CODE: 2001
Action[favicon.icoAction] is not exists.
#0 E:\github\web\lib\business\TXController.php(54): biny\lib\TXRequest->getModule(true)
#1 E:\github\web\lib\business\TXController.php(42): biny\lib\TXController->call(Object(biny\lib\TXRequest))
#2 E:\github\web\lib\business\TXController.php(105): biny\lib\TXController->execute()
#3 E:\github\web\lib\TXApp.php(177): biny\lib\TXController->dispatcher()
#4 E:\github\web\index.php(21): TXApp::run()
#5 {main}
[NOTICE]2018-03-19 19:38:03:959[::1] /member
WARNING => Array to string conversion
#1 E:\github\web\lib\TXAutoload.php(59)
[NOTICE]2018-03-19 19:38:03:959[::1] /member
WARNING => Array to string conversion
#1 E:\github\web\lib\TXAutoload.php(59)
[NOTICE]2018-03-19 19:38:03:960[::1] /member
WARNING => Array to string conversion
#1 E:\github\web\lib\TXAutoload.php(59)
[NOTICE]2018-03-19 19:38:03:960[::1] /member
WARNING => Array to string conversion
#1 E:\github\web\lib\TXAutoload.php(59)
[NOTICE]2018-03-19 19:38:03:960[::1] /member
WARNING => Array to string conversion
#1 E:\github\web\lib\TXAutoload.php(59)
[NOTICE]2018-03-19 19:38:03:961[::1] /member
WARNING => Array to string conversion
#1 E:\github\web\lib\TXAutoload.php(59)
[NOTICE]2018-03-19 19:38:03:961[::1] /member
WARNING => Array to string conversion
#1 E:\github\web\lib\TXAutoload.php(59)
[NOTICE]2018-03-19 19:38:03:961[::1] /member
WARNING => Array to string conversion
#1 E:\github\web\lib\TXAutoload.php(59)
[ERROR]2018-03-19 19:38:03:963[::1] /member
ERROR CODE: 1003
Autoload file[memberAction] is fails
#0 [internal function]: biny\lib\TXAutoload::load('memberAction')
#1 E:\github\web\lib\business\TXFactory.php(68): spl_autoload_call('memberAction')
#2 E:\github\web\lib\business\TXFactory.php(45): biny\lib\TXFactory::loadClass('memberAction', 'memberAction')
#3 E:\github\web\lib\business\TXRequest.php(236): biny\lib\TXFactory::create('memberAction')
#4 E:\github\web\lib\business\TXController.php(54): biny\lib\TXRequest->getModule(true)
#5 E:\github\web\lib\business\TXController.php(42): biny\lib\TXController->call(Object(biny\lib\TXRequest))
#6 E:\github\web\lib\business\TXController.php(105): biny\lib\TXController->execute()
#7 E:\github\web\lib\TXApp.php(177): biny\lib\TXController->dispatcher()
#8 E:\github\web\index.php(21): TXApp::run()
#9 {main}
[NOTICE]2018-03-19 19:38:33:916[::1] /login
WARNING => Undefined index: CONTENT_TYPE
#1 E:\github\web\lib\business\TXRequest.php(479)
[NOTICE]2018-03-19 19:38:33:917[::1] /login
WARNING => Undefined index: CONTENT_TYPE
#1 E:\github\web\lib\business\TXRequest.php(479)
[NOTICE]2018-03-19 19:39:21:303[::1] /login
WARNING => Undefined index: CONTENT_TYPE
#1 E:\github\web\lib\business\TXRequest.php(479)
[NOTICE]2018-03-19 19:39:21:303[::1] /login
WARNING => Undefined index: CONTENT_TYPE
#1 E:\github\web\lib\business\TXRequest.php(479)
[ERROR]2018-03-19 19:48:22:848[::1] /base/base
ERROR CODE: 2002
Method [action_base] not exists in [app\controller\baseAction]
#0 E:\github\web\lib\business\TXController.php(66): biny\lib\TXController->getArgs(Object(app\controller\baseAction), 'action_base')
#1 E:\github\web\lib\business\TXController.php(42): biny\lib\TXController->call(Object(biny\lib\TXRequest))
#2 E:\github\web\lib\business\TXController.php(105): biny\lib\TXController->execute()
#3 E:\github\web\lib\TXApp.php(177): biny\lib\TXController->dispatcher()
#4 E:\github\web\index.php(21): TXApp::run()
#5 {main}
[ERROR]2018-03-19 19:48:29:825[::1] /base
ERROR CODE: 2002
Method [action_index] not exists in [app\controller\baseAction]
#0 E:\github\web\lib\business\TXController.php(66): biny\lib\TXController->getArgs(Object(app\controller\baseAction), 'action_index')
#1 E:\github\web\lib\business\TXController.php(42): biny\lib\TXController->call(Object(biny\lib\TXRequest))
#2 E:\github\web\lib\business\TXController.php(105): biny\lib\TXController->execute()
#3 E:\github\web\lib\TXApp.php(177): biny\lib\TXController->dispatcher()
#4 E:\github\web\index.php(21): TXApp::run()
#5 {main}
[NOTICE]2018-03-19 19:52:38:139[::1] /images/favicon.ico
WARNING => Array to string conversion
#1 E:\github\web\lib\TXAutoload.php(59)
[NOTICE]2018-03-19 19:52:38:140[::1] /images/favicon.ico
WARNING => Array to string conversion
#1 E:\github\web\lib\TXAutoload.php(59)
[NOTICE]2018-03-19 19:52:38:141[::1] /images/favicon.ico
WARNING => Array to string conversion
#1 E:\github\web\lib\TXAutoload.php(59)
[NOTICE]2018-03-19 19:52:38:142[::1] /images/favicon.ico
WARNING => Array to string conversion
#1 E:\github\web\lib\TXAutoload.php(59)
[NOTICE]2018-03-19 19:52:38:144[::1] /images/favicon.ico
WARNING => Array to string conversion
#1 E:\github\web\lib\TXAutoload.php(59)
[NOTICE]2018-03-19 19:52:38:146[::1] /images/favicon.ico
WARNING => Array to string conversion
#1 E:\github\web\lib\TXAutoload.php(59)
[NOTICE]2018-03-19 19:52:38:147[::1] /images/favicon.ico
WARNING => Array to string conversion
#1 E:\github\web\lib\TXAutoload.php(59)
[NOTICE]2018-03-19 19:52:38:148[::1] /images/favicon.ico
WARNING => Array to string conversion
#1 E:\github\web\lib\TXAutoload.php(59)
[ERROR]2018-03-19 19:52:38:152[::1] /images/favicon.ico
ERROR CODE: 1003
Autoload file[imagesAction] is fails
#0 [internal function]: biny\lib\TXAutoload::load('imagesAction')
#1 E:\github\web\lib\business\TXFactory.php(68): spl_autoload_call('imagesAction')
#2 E:\github\web\lib\business\TXFactory.php(45): biny\lib\TXFactory::loadClass('imagesAction', 'imagesAction')
#3 E:\github\web\lib\business\TXRequest.php(236): biny\lib\TXFactory::create('imagesAction')
#4 E:\github\web\lib\business\TXController.php(54): biny\lib\TXRequest->getModule(true)
#5 E:\github\web\lib\business\TXController.php(42): biny\lib\TXController->call(Object(biny\lib\TXRequest))
#6 E:\github\web\lib\business\TXController.php(105): biny\lib\TXController->execute()
#7 E:\github\web\lib\TXApp.php(177): biny\lib\TXController->dispatcher()
#8 E:\github\web\index.php(21): TXApp::run()
#9 {main}
[NOTICE]2018-03-19 19:56:40:167[::1] /reg/
WARNING => Array to string conversion
#1 E:\github\web\lib\TXAutoload.php(59)
[NOTICE]2018-03-19 19:56:40:168[::1] /reg/
WARNING => Array to string conversion
#1 E:\github\web\lib\TXAutoload.php(59)
[NOTICE]2018-03-19 19:56:40:168[::1] /reg/
WARNING => Array to string conversion
#1 E:\github\web\lib\TXAutoload.php(59)
[NOTICE]2018-03-19 19:56:40:168[::1] /reg/
WARNING => Array to string conversion
#1 E:\github\web\lib\TXAutoload.php(59)
[NOTICE]2018-03-19 19:56:40:169[::1] /reg/
WARNING => Array to string conversion
#1 E:\github\web\lib\TXAutoload.php(59)
[NOTICE]2018-03-19 19:56:40:169[::1] /reg/
WARNING => Array to string conversion
#1 E:\github\web\lib\TXAutoload.php(59)
[NOTICE]2018-03-19 19:56:40:169[::1] /reg/
WARNING => Array to string conversion
#1 E:\github\web\lib\TXAutoload.php(59)
[NOTICE]2018-03-19 19:56:40:170[::1] /reg/
WARNING => Array to string conversion
#1 E:\github\web\lib\TXAutoload.php(59)
[ERROR]2018-03-19 19:56:40:171[::1] /reg/
ERROR CODE: 1003
Autoload file[regAction] is fails
#0 [internal function]: biny\lib\TXAutoload::load('regAction')
#1 E:\github\web\lib\business\TXFactory.php(68): spl_autoload_call('regAction')
#2 E:\github\web\lib\business\TXFactory.php(45): biny\lib\TXFactory::loadClass('regAction', 'regAction')
#3 E:\github\web\lib\business\TXRequest.php(236): biny\lib\TXFactory::create('regAction')
#4 E:\github\web\lib\business\TXController.php(54): biny\lib\TXRequest->getModule(true)
#5 E:\github\web\lib\business\TXController.php(42): biny\lib\TXController->call(Object(biny\lib\TXRequest))
#6 E:\github\web\lib\business\TXController.php(105): biny\lib\TXController->execute()
#7 E:\github\web\lib\TXApp.php(177): biny\lib\TXController->dispatcher()
#8 E:\github\web\index.php(21): TXApp::run()
#9 {main}
[NOTICE]2018-03-19 19:57:25:060[::1] /df
WARNING => Array to string conversion
#1 E:\github\web\lib\TXAutoload.php(59)
[NOTICE]2018-03-19 19:57:25:060[::1] /df
WARNING => Array to string conversion
#1 E:\github\web\lib\TXAutoload.php(59)
[NOTICE]2018-03-19 19:57:25:060[::1] /df
WARNING => Array to string conversion
#1 E:\github\web\lib\TXAutoload.php(59)
[NOTICE]2018-03-19 19:57:25:061[::1] /df
WARNING => Array to string conversion
#1 E:\github\web\lib\TXAutoload.php(59)
[NOTICE]2018-03-19 19:57:25:061[::1] /df
WARNING => Array to string conversion
#1 E:\github\web\lib\TXAutoload.php(59)
[NOTICE]2018-03-19 19:57:25:061[::1] /df
WARNING => Array to string conversion
#1 E:\github\web\lib\TXAutoload.php(59)
[NOTICE]2018-03-19 19:57:25:062[::1] /df
WARNING => Array to string conversion
#1 E:\github\web\lib\TXAutoload.php(59)
[NOTICE]2018-03-19 19:57:25:062[::1] /df
WARNING => Array to string conversion
#1 E:\github\web\lib\TXAutoload.php(59)
[ERROR]2018-03-19 19:57:25:063[::1] /df
ERROR CODE: 1003
Autoload file[dfAction] is fails
#0 [internal function]: biny\lib\TXAutoload::load('dfAction')
#1 E:\github\web\lib\business\TXFactory.php(68): spl_autoload_call('dfAction')
#2 E:\github\web\lib\business\TXFactory.php(45): biny\lib\TXFactory::loadClass('dfAction', 'dfAction')
#3 E:\github\web\lib\business\TXRequest.php(236): biny\lib\TXFactory::create('dfAction')
#4 E:\github\web\lib\business\TXController.php(54): biny\lib\TXRequest->getModule(true)
#5 E:\github\web\lib\business\TXController.php(42): biny\lib\TXController->call(Object(biny\lib\TXRequest))
#6 E:\github\web\lib\business\TXController.php(105): biny\lib\TXController->execute()
#7 E:\github\web\lib\TXApp.php(177): biny\lib\TXController->dispatcher()
#8 E:\github\web\index.php(21): TXApp::run()
#9 {main}
[NOTICE]2018-03-19 20:14:02:250[::1] /reg
WARNING => Array to string conversion
#1 E:\github\web\lib\TXAutoload.php(59)
[NOTICE]2018-03-19 20:14:02:251[::1] /reg
WARNING => Array to string conversion
#1 E:\github\web\lib\TXAutoload.php(59)
[NOTICE]2018-03-19 20:14:02:251[::1] /reg
WARNING => Array to string conversion
#1 E:\github\web\lib\TXAutoload.php(59)
[NOTICE]2018-03-19 20:14:02:253[::1] /reg
WARNING => Array to string conversion
#1 E:\github\web\lib\TXAutoload.php(59)
[NOTICE]2018-03-19 20:14:02:254[::1] /reg
WARNING => Array to string conversion
#1 E:\github\web\lib\TXAutoload.php(59)
[NOTICE]2018-03-19 20:14:02:254[::1] /reg
WARNING => Array to string conversion
#1 E:\github\web\lib\TXAutoload.php(59)
[NOTICE]2018-03-19 20:14:02:255[::1] /reg
WARNING => Array to string conversion
#1 E:\github\web\lib\TXAutoload.php(59)
[NOTICE]2018-03-19 20:14:02:255[::1] /reg
WARNING => Array to string conversion
#1 E:\github\web\lib\TXAutoload.php(59)
[ERROR]2018-03-19 20:14:02:293[::1] /reg
ERROR CODE: 1000
System Error [Class 'app\controller\regAction' not found]
#0 [internal function]: TXApp::handleFatalError()
#1 {main}
[ERROR]2018-03-19 20:14:43:514[::1] /reg/
ERROR CODE: 1000
System Error [Class 'app\controller\regAction' not found]
#0 [internal function]: TXApp::handleFatalError()
#1 {main}
[ERROR]2018-03-19 20:16:10:536[::1] /reg
ERROR CODE: 1000
System Error [Class 'app\controller\regAction' not found]
#0 [internal function]: TXApp::handleFatalError()
#1 {main}
[NOTICE]2018-03-19 20:17:02:531[::1] /reg
WARNING => Undefined index: CONTENT_TYPE
#1 E:\github\web\lib\business\TXRequest.php(479)
[NOTICE]2018-03-19 20:17:02:531[::1] /reg
WARNING => Undefined index: CONTENT_TYPE
#1 E:\github\web\lib\business\TXRequest.php(479)
[NOTICE]2018-03-19 20:17:02:886[::1] /img/banner.png
WARNING => Array to string conversion
#1 E:\github\web\lib\TXAutoload.php(59)
[NOTICE]2018-03-19 20:17:02:884[::1] /img/decoration.png
WARNING => Array to string conversion
#1 E:\github\web\lib\TXAutoload.php(59)
[NOTICE]2018-03-19 20:17:02:887[::1] /img/banner.png
WARNING => Array to string conversion
#1 E:\github\web\lib\TXAutoload.php(59)
[NOTICE]2018-03-19 20:17:02:888[::1] /img/decoration.png
WARNING => Array to string conversion
#1 E:\github\web\lib\TXAutoload.php(59)
[NOTICE]2018-03-19 20:17:02:888[::1] /img/decoration.png
WARNING => Array to string conversion
#1 E:\github\web\lib\TXAutoload.php(59)
[NOTICE]2018-03-19 20:17:02:889[::1] /img/decoration.png
WARNING => Array to string conversion
#1 E:\github\web\lib\TXAutoload.php(59)
[NOTICE]2018-03-19 20:17:02:888[::1] /img/banner.png
WARNING => Array to string conversion
#1 E:\github\web\lib\TXAutoload.php(59)
[NOTICE]2018-03-19 20:17:02:890[::1] /img/decoration.png
WARNING => Array to string conversion
#1 E:\github\web\lib\TXAutoload.php(59)
[NOTICE]2018-03-19 20:17:02:890[::1] /img/banner.png
WARNING => Array to string conversion
#1 E:\github\web\lib\TXAutoload.php(59)
[NOTICE]2018-03-19 20:17:02:891[::1] /img/banner.png
WARNING => Array to string conversion
#1 E:\github\web\lib\TXAutoload.php(59)
[NOTICE]2018-03-19 20:17:02:891[::1] /img/decoration.png
WARNING => Array to string conversion
#1 E:\github\web\lib\TXAutoload.php(59)
[NOTICE]2018-03-19 20:17:02:891[::1] /img/banner.png
WARNING => Array to string conversion
#1 E:\github\web\lib\TXAutoload.php(59)
[NOTICE]2018-03-19 20:17:02:892[::1] /img/decoration.png
WARNING => Array to string conversion
#1 E:\github\web\lib\TXAutoload.php(59)
[NOTICE]2018-03-19 20:17:02:892[::1] /img/banner.png
WARNING => Array to string conversion
#1 E:\github\web\lib\TXAutoload.php(59)
[NOTICE]2018-03-19 20:17:02:892[::1] /img/decoration.png
WARNING => Array to string conversion
#1 E:\github\web\lib\TXAutoload.php(59)
[NOTICE]2018-03-19 20:17:02:892[::1] /img/banner.png
WARNING => Array to string conversion
#1 E:\github\web\lib\TXAutoload.php(59)
[ERROR]2018-03-19 20:17:02:894[::1] /img/banner.png
ERROR CODE: 1003
Autoload file[imgAction] is fails
#0 [internal function]: biny\lib\TXAutoload::load('imgAction')
#1 E:\github\web\lib\business\TXFactory.php(68): spl_autoload_call('imgAction')
#2 E:\github\web\lib\business\TXFactory.php(45): biny\lib\TXFactory::loadClass('imgAction', 'imgAction')
#3 E:\github\web\lib\business\TXRequest.php(236): biny\lib\TXFactory::create('imgAction')
#4 E:\github\web\lib\business\TXController.php(54): biny\lib\TXRequest->getModule(true)
#5 E:\github\web\lib\business\TXController.php(42): biny\lib\TXController->call(Object(biny\lib\TXRequest))
#6 E:\github\web\lib\business\TXController.php(105): biny\lib\TXController->execute()
#7 E:\github\web\lib\TXApp.php(177): biny\lib\TXController->dispatcher()
#8 E:\github\web\index.php(21): TXApp::run()
#9 {main}
[ERROR]2018-03-19 20:17:02:895[::1] /img/decoration.png
ERROR CODE: 1003
Autoload file[imgAction] is fails
#0 [internal function]: biny\lib\TXAutoload::load('imgAction')
#1 E:\github\web\lib\business\TXFactory.php(68): spl_autoload_call('imgAction')
#2 E:\github\web\lib\business\TXFactory.php(45): biny\lib\TXFactory::loadClass('imgAction', 'imgAction')
#3 E:\github\web\lib\business\TXRequest.php(236): biny\lib\TXFactory::create('imgAction')
#4 E:\github\web\lib\business\TXController.php(54): biny\lib\TXRequest->getModule(true)
#5 E:\github\web\lib\business\TXController.php(42): biny\lib\TXController->call(Object(biny\lib\TXRequest))
#6 E:\github\web\lib\business\TXController.php(105): biny\lib\TXController->execute()
#7 E:\github\web\lib\TXApp.php(177): biny\lib\TXController->dispatcher()
#8 E:\github\web\index.php(21): TXApp::run()
#9 {main}
[ERROR]2018-03-19 20:17:07:364[::1] /img/banner.png
ERROR CODE: 1003
Autoload file[imgAction] is fails
#0 [internal function]: biny\lib\TXAutoload::load('imgAction')
#1 E:\github\web\lib\business\TXFactory.php(68): spl_autoload_call('imgAction')
#2 E:\github\web\lib\business\TXFactory.php(45): biny\lib\TXFactory::loadClass('imgAction', 'imgAction')
#3 E:\github\web\lib\business\TXRequest.php(236): biny\lib\TXFactory::create('imgAction')
#4 E:\github\web\lib\business\TXController.php(54): biny\lib\TXRequest->getModule(true)
#5 E:\github\web\lib\business\TXController.php(42): biny\lib\TXController->call(Object(biny\lib\TXRequest))
#6 E:\github\web\lib\business\TXController.php(105): biny\lib\TXController->execute()
#7 E:\github\web\lib\TXApp.php(177): biny\lib\TXController->dispatcher()
#8 E:\github\web\index.php(21): TXApp::run()
#9 {main}
[NOTICE]2018-03-19 20:17:32:926[::1] /bootstrap/css/bootstrap.css.map
WARNING => Array to string conversion
#1 E:\github\web\lib\TXAutoload.php(59)
[NOTICE]2018-03-19 20:17:32:927[::1] /bootstrap/css/bootstrap.css.map
WARNING => Array to string conversion
#1 E:\github\web\lib\TXAutoload.php(59)
[NOTICE]2018-03-19 20:17:32:927[::1] /bootstrap/css/bootstrap.css.map
WARNING => Array to string conversion
#1 E:\github\web\lib\TXAutoload.php(59)
[NOTICE]2018-03-19 20:17:32:928[::1] /bootstrap/css/bootstrap.css.map
WARNING => Array to string conversion
#1 E:\github\web\lib\TXAutoload.php(59)
[NOTICE]2018-03-19 20:17:32:928[::1] /bootstrap/css/bootstrap.css.map
WARNING => Array to string conversion
#1 E:\github\web\lib\TXAutoload.php(59)
[NOTICE]2018-03-19 20:17:32:928[::1] /bootstrap/css/bootstrap.css.map
WARNING => Array to string conversion
#1 E:\github\web\lib\TXAutoload.php(59)
[NOTICE]2018-03-19 20:17:32:929[::1] /bootstrap/css/bootstrap.css.map
WARNING => Array to string conversion
#1 E:\github\web\lib\TXAutoload.php(59)
[NOTICE]2018-03-19 20:17:32:929[::1] /bootstrap/css/bootstrap.css.map
WARNING => Array to string conversion
#1 E:\github\web\lib\TXAutoload.php(59)
[ERROR]2018-03-19 20:17:32:931[::1] /bootstrap/css/bootstrap.css.map
ERROR CODE: 1003
Autoload file[bootstrapAction] is fails
#0 [internal function]: biny\lib\TXAutoload::load('bootstrapAction')
#1 E:\github\web\lib\business\TXFactory.php(68): spl_autoload_call('bootstrapAction')
#2 E:\github\web\lib\business\TXFactory.php(45): biny\lib\TXFactory::loadClass('bootstrapAction', 'bootstrapAction')
#3 E:\github\web\lib\business\TXRequest.php(236): biny\lib\TXFactory::create('bootstrapAction')
#4 E:\github\web\lib\business\TXController.php(54): biny\lib\TXRequest->getModule(true)
#5 E:\github\web\lib\business\TXController.php(42): biny\lib\TXController->call(Object(biny\lib\TXRequest))
#6 E:\github\web\lib\business\TXController.php(105): biny\lib\TXController->execute()
#7 E:\github\web\lib\TXApp.php(177): biny\lib\TXController->dispatcher()
#8 E:\github\web\index.php(21): TXApp::run()
#9 {main}
[NOTICE]2018-03-19 20:19:14:475[::1] /reg
WARNING => Undefined index: CONTENT_TYPE
#1 E:\github\web\lib\business\TXRequest.php(479)
[NOTICE]2018-03-19 20:19:14:475[::1] /reg
WARNING => Undefined index: CONTENT_TYPE
#1 E:\github\web\lib\business\TXRequest.php(479)
[NOTICE]2018-03-19 20:19:14:740[::1] /img/decoration.png
WARNING => Array to string conversion
#1 E:\github\web\lib\TXAutoload.php(59)
[NOTICE]2018-03-19 20:19:14:740[::1] /img/decoration.png
WARNING => Array to string conversion
#1 E:\github\web\lib\TXAutoload.php(59)
[NOTICE]2018-03-19 20:19:14:741[::1] /img/decoration.png
WARNING => Array to string conversion
#1 E:\github\web\lib\TXAutoload.php(59)
[NOTICE]2018-03-19 20:19:14:741[::1] /img/decoration.png
WARNING => Array to string conversion
#1 E:\github\web\lib\TXAutoload.php(59)
[NOTICE]2018-03-19 20:19:14:742[::1] /img/decoration.png
WARNING => Array to string conversion
#1 E:\github\web\lib\TXAutoload.php(59)
[NOTICE]2018-03-19 20:19:14:742[::1] /img/decoration.png
WARNING => Array to string conversion
#1 E:\github\web\lib\TXAutoload.php(59)
[NOTICE]2018-03-19 20:19:14:743[::1] /img/decoration.png
WARNING => Array to string conversion
#1 E:\github\web\lib\TXAutoload.php(59)
[NOTICE]2018-03-19 20:19:14:743[::1] /img/decoration.png
WARNING => Array to string conversion
#1 E:\github\web\lib\TXAutoload.php(59)
[ERROR]2018-03-19 20:19:14:745[::1] /img/decoration.png
ERROR CODE: 1003
Autoload file[imgAction] is fails
#0 [internal function]: biny\lib\TXAutoload::load('imgAction')
#1 E:\github\web\lib\business\TXFactory.php(68): spl_autoload_call('imgAction')
#2 E:\github\web\lib\business\TXFactory.php(45): biny\lib\TXFactory::loadClass('imgAction', 'imgAction')
#3 E:\github\web\lib\business\TXRequest.php(236): biny\lib\TXFactory::create('imgAction')
#4 E:\github\web\lib\business\TXController.php(54): biny\lib\TXRequest->getModule(true)
#5 E:\github\web\lib\business\TXController.php(42): biny\lib\TXController->call(Object(biny\lib\TXRequest))
#6 E:\github\web\lib\business\TXController.php(105): biny\lib\TXController->execute()
#7 E:\github\web\lib\TXApp.php(177): biny\lib\TXController->dispatcher()
#8 E:\github\web\index.php(21): TXApp::run()
#9 {main}
