[NOTICE]2018-04-04 11:44:24:312[::1] /images/favicon.ico
WARNING => Array to string conversion
#1 E:\github\web\lib\TXAutoload.php(59)
[NOTICE]2018-04-04 11:44:24:326[::1] /images/favicon.ico
WARNING => Array to string conversion
#1 E:\github\web\lib\TXAutoload.php(59)
[NOTICE]2018-04-04 11:44:24:328[::1] /images/favicon.ico
WARNING => Array to string conversion
#1 E:\github\web\lib\TXAutoload.php(59)
[NOTICE]2018-04-04 11:44:24:329[::1] /images/favicon.ico
WARNING => Array to string conversion
#1 E:\github\web\lib\TXAutoload.php(59)
[NOTICE]2018-04-04 11:44:24:330[::1] /images/favicon.ico
WARNING => Array to string conversion
#1 E:\github\web\lib\TXAutoload.php(59)
[NOTICE]2018-04-04 11:44:24:331[::1] /images/favicon.ico
WARNING => Array to string conversion
#1 E:\github\web\lib\TXAutoload.php(59)
[NOTICE]2018-04-04 11:44:24:332[::1] /images/favicon.ico
WARNING => Array to string conversion
#1 E:\github\web\lib\TXAutoload.php(59)
[NOTICE]2018-04-04 11:44:24:333[::1] /images/favicon.ico
WARNING => Array to string conversion
#1 E:\github\web\lib\TXAutoload.php(59)
[ERROR]2018-04-04 11:44:24:341[::1] /images/favicon.ico
ERROR CODE: 1003
Autoload file[imagesAction] is fails
#0 [internal function]: biny\lib\TXAutoload::load('imagesAction')
#1 E:\github\web\lib\business\TXFactory.php(68): spl_autoload_call('imagesAction')
#2 E:\github\web\lib\business\TXFactory.php(45): biny\lib\TXFactory::loadClass('imagesAction', 'imagesAction')
#3 E:\github\web\lib\business\TXRequest.php(236): biny\lib\TXFactory::create('imagesAction')
#4 E:\github\web\lib\business\TXController.php(54): biny\lib\TXRequest->getModule(true)
#5 E:\github\web\lib\business\TXController.php(42): biny\lib\TXController->call(Object(biny\lib\TXRequest))
#6 E:\github\web\lib\business\TXController.php(105): biny\lib\TXController->execute()
#7 E:\github\web\lib\TXApp.php(178): biny\lib\TXController->dispatcher()
#8 E:\github\web\index.php(21): TXApp::run()
#9 {main}
[NOTICE]2018-04-04 11:44:27:615[::1] /login
WARNING => Undefined index: CONTENT_TYPE
#1 E:\github\web\lib\business\TXRequest.php(479)
[NOTICE]2018-04-04 11:44:27:615[::1] /login
WARNING => Undefined index: CONTENT_TYPE
#1 E:\github\web\lib\business\TXRequest.php(479)
[NOTICE]2018-04-04 11:44:27:661[::1] /login
WARNING => Undefined variable: SwebRoot
#1 E:\github\web\app\template\mytest\login.tpl.php(16)
[ERROR]2018-04-04 11:44:29:138[::1] /favicon.ico
ERROR CODE: 2001
Action[favicon.icoAction] is not exists.
#0 E:\github\web\lib\business\TXController.php(54): biny\lib\TXRequest->getModule(true)
#1 E:\github\web\lib\business\TXController.php(42): biny\lib\TXController->call(Object(biny\lib\TXRequest))
#2 E:\github\web\lib\business\TXController.php(105): biny\lib\TXController->execute()
#3 E:\github\web\lib\TXApp.php(178): biny\lib\TXController->dispatcher()
#4 E:\github\web\index.php(21): TXApp::run()
#5 {main}
[NOTICE]2018-04-04 11:44:44:912[::1] /login
WARNING => Undefined index: CONTENT_TYPE
#1 E:\github\web\lib\business\TXRequest.php(479)
[NOTICE]2018-04-04 11:44:44:913[::1] /login
WARNING => Undefined index: CONTENT_TYPE
#1 E:\github\web\lib\business\TXRequest.php(479)
[NOTICE]2018-04-04 11:44:44:920[::1] /login
WARNING => Undefined variable: SwebRoot
#1 E:\github\web\app\template\mytest\login.tpl.php(16)
[ERROR]2018-04-04 11:44:44:986[::1] /favicon.ico
ERROR CODE: 2001
Action[favicon.icoAction] is not exists.
#0 E:\github\web\lib\business\TXController.php(54): biny\lib\TXRequest->getModule(true)
#1 E:\github\web\lib\business\TXController.php(42): biny\lib\TXController->call(Object(biny\lib\TXRequest))
#2 E:\github\web\lib\business\TXController.php(105): biny\lib\TXController->execute()
#3 E:\github\web\lib\TXApp.php(178): biny\lib\TXController->dispatcher()
#4 E:\github\web\index.php(21): TXApp::run()
#5 {main}
[NOTICE]2018-04-04 11:45:50:258[::1] /login
WARNING => Undefined index: CONTENT_TYPE
#1 E:\github\web\lib\business\TXRequest.php(479)
[NOTICE]2018-04-04 11:45:50:259[::1] /login
WARNING => Undefined index: CONTENT_TYPE
#1 E:\github\web\lib\business\TXRequest.php(479)
[NOTICE]2018-04-04 11:45:50:268[::1] /login
WARNING => Undefined variable: SwebRoot
#1 E:\github\web\app\template\mytest\login.tpl.php(16)
[ERROR]2018-04-04 11:45:50:339[::1] /favicon.ico
ERROR CODE: 2001
Action[favicon.icoAction] is not exists.
#0 E:\github\web\lib\business\TXController.php(54): biny\lib\TXRequest->getModule(true)
#1 E:\github\web\lib\business\TXController.php(42): biny\lib\TXController->call(Object(biny\lib\TXRequest))
#2 E:\github\web\lib\business\TXController.php(105): biny\lib\TXController->execute()
#3 E:\github\web\lib\TXApp.php(178): biny\lib\TXController->dispatcher()
#4 E:\github\web\index.php(21): TXApp::run()
#5 {main}
[NOTICE]2018-04-04 11:45:56:739[::1] /login
WARNING => Undefined index: CONTENT_TYPE
#1 E:\github\web\lib\business\TXRequest.php(479)
[NOTICE]2018-04-04 11:45:56:740[::1] /login
WARNING => Undefined index: CONTENT_TYPE
#1 E:\github\web\lib\business\TXRequest.php(479)
[NOTICE]2018-04-04 11:45:56:743[::1] /login
WARNING => Undefined variable: SwebRoot
#1 E:\github\web\app\template\mytest\login.tpl.php(16)
[ERROR]2018-04-04 11:45:56:804[::1] /favicon.ico
ERROR CODE: 2001
Action[favicon.icoAction] is not exists.
#0 E:\github\web\lib\business\TXController.php(54): biny\lib\TXRequest->getModule(true)
#1 E:\github\web\lib\business\TXController.php(42): biny\lib\TXController->call(Object(biny\lib\TXRequest))
#2 E:\github\web\lib\business\TXController.php(105): biny\lib\TXController->execute()
#3 E:\github\web\lib\TXApp.php(178): biny\lib\TXController->dispatcher()
#4 E:\github\web\index.php(21): TXApp::run()
#5 {main}
[NOTICE]2018-04-04 11:45:56:972[::1] /login
WARNING => Undefined index: CONTENT_TYPE
#1 E:\github\web\lib\business\TXRequest.php(479)
[NOTICE]2018-04-04 11:45:56:972[::1] /login
WARNING => Undefined index: CONTENT_TYPE
#1 E:\github\web\lib\business\TXRequest.php(479)
[NOTICE]2018-04-04 11:45:56:976[::1] /login
WARNING => Undefined variable: SwebRoot
#1 E:\github\web\app\template\mytest\login.tpl.php(16)
[ERROR]2018-04-04 11:45:57:049[::1] /favicon.ico
ERROR CODE: 2001
Action[favicon.icoAction] is not exists.
#0 E:\github\web\lib\business\TXController.php(54): biny\lib\TXRequest->getModule(true)
#1 E:\github\web\lib\business\TXController.php(42): biny\lib\TXController->call(Object(biny\lib\TXRequest))
#2 E:\github\web\lib\business\TXController.php(105): biny\lib\TXController->execute()
#3 E:\github\web\lib\TXApp.php(178): biny\lib\TXController->dispatcher()
#4 E:\github\web\index.php(21): TXApp::run()
#5 {main}
[NOTICE]2018-04-04 11:45:57:210[::1] /login
WARNING => Undefined index: CONTENT_TYPE
#1 E:\github\web\lib\business\TXRequest.php(479)
[NOTICE]2018-04-04 11:45:57:210[::1] /login
WARNING => Undefined index: CONTENT_TYPE
#1 E:\github\web\lib\business\TXRequest.php(479)
[NOTICE]2018-04-04 11:45:57:216[::1] /login
WARNING => Undefined variable: SwebRoot
#1 E:\github\web\app\template\mytest\login.tpl.php(16)
[ERROR]2018-04-04 11:45:57:276[::1] /favicon.ico
ERROR CODE: 2001
Action[favicon.icoAction] is not exists.
#0 E:\github\web\lib\business\TXController.php(54): biny\lib\TXRequest->getModule(true)
#1 E:\github\web\lib\business\TXController.php(42): biny\lib\TXController->call(Object(biny\lib\TXRequest))
#2 E:\github\web\lib\business\TXController.php(105): biny\lib\TXController->execute()
#3 E:\github\web\lib\TXApp.php(178): biny\lib\TXController->dispatcher()
#4 E:\github\web\index.php(21): TXApp::run()
#5 {main}
[NOTICE]2018-04-04 11:45:57:413[::1] /login
WARNING => Undefined index: CONTENT_TYPE
#1 E:\github\web\lib\business\TXRequest.php(479)
[NOTICE]2018-04-04 11:45:57:413[::1] /login
WARNING => Undefined index: CONTENT_TYPE
#1 E:\github\web\lib\business\TXRequest.php(479)
[NOTICE]2018-04-04 11:45:57:416[::1] /login
WARNING => Undefined variable: SwebRoot
#1 E:\github\web\app\template\mytest\login.tpl.php(16)
[ERROR]2018-04-04 11:45:57:499[::1] /favicon.ico
ERROR CODE: 2001
Action[favicon.icoAction] is not exists.
#0 E:\github\web\lib\business\TXController.php(54): biny\lib\TXRequest->getModule(true)
#1 E:\github\web\lib\business\TXController.php(42): biny\lib\TXController->call(Object(biny\lib\TXRequest))
#2 E:\github\web\lib\business\TXController.php(105): biny\lib\TXController->execute()
#3 E:\github\web\lib\TXApp.php(178): biny\lib\TXController->dispatcher()
#4 E:\github\web\index.php(21): TXApp::run()
#5 {main}
[NOTICE]2018-04-04 11:45:57:609[::1] /login
WARNING => Undefined index: CONTENT_TYPE
#1 E:\github\web\lib\business\TXRequest.php(479)
[NOTICE]2018-04-04 11:45:57:610[::1] /login
WARNING => Undefined index: CONTENT_TYPE
#1 E:\github\web\lib\business\TXRequest.php(479)
[NOTICE]2018-04-04 11:45:57:616[::1] /login
WARNING => Undefined variable: SwebRoot
#1 E:\github\web\app\template\mytest\login.tpl.php(16)
[ERROR]2018-04-04 11:45:57:691[::1] /favicon.ico
ERROR CODE: 2001
Action[favicon.icoAction] is not exists.
#0 E:\github\web\lib\business\TXController.php(54): biny\lib\TXRequest->getModule(true)
#1 E:\github\web\lib\business\TXController.php(42): biny\lib\TXController->call(Object(biny\lib\TXRequest))
#2 E:\github\web\lib\business\TXController.php(105): biny\lib\TXController->execute()
#3 E:\github\web\lib\TXApp.php(178): biny\lib\TXController->dispatcher()
#4 E:\github\web\index.php(21): TXApp::run()
#5 {main}
[NOTICE]2018-04-04 11:45:57:785[::1] /login
WARNING => Undefined index: CONTENT_TYPE
#1 E:\github\web\lib\business\TXRequest.php(479)
[NOTICE]2018-04-04 11:45:57:786[::1] /login
WARNING => Undefined index: CONTENT_TYPE
#1 E:\github\web\lib\business\TXRequest.php(479)
[NOTICE]2018-04-04 11:45:57:789[::1] /login
WARNING => Undefined variable: SwebRoot
#1 E:\github\web\app\template\mytest\login.tpl.php(16)
[ERROR]2018-04-04 11:45:57:848[::1] /favicon.ico
ERROR CODE: 2001
Action[favicon.icoAction] is not exists.
#0 E:\github\web\lib\business\TXController.php(54): biny\lib\TXRequest->getModule(true)
#1 E:\github\web\lib\business\TXController.php(42): biny\lib\TXController->call(Object(biny\lib\TXRequest))
#2 E:\github\web\lib\business\TXController.php(105): biny\lib\TXController->execute()
#3 E:\github\web\lib\TXApp.php(178): biny\lib\TXController->dispatcher()
#4 E:\github\web\index.php(21): TXApp::run()
#5 {main}
[NOTICE]2018-04-04 11:45:57:946[::1] /login
WARNING => Undefined index: CONTENT_TYPE
#1 E:\github\web\lib\business\TXRequest.php(479)
[NOTICE]2018-04-04 11:45:57:946[::1] /login
WARNING => Undefined index: CONTENT_TYPE
#1 E:\github\web\lib\business\TXRequest.php(479)
[NOTICE]2018-04-04 11:45:57:950[::1] /login
WARNING => Undefined variable: SwebRoot
#1 E:\github\web\app\template\mytest\login.tpl.php(16)
[ERROR]2018-04-04 11:45:58:028[::1] /favicon.ico
ERROR CODE: 2001
Action[favicon.icoAction] is not exists.
#0 E:\github\web\lib\business\TXController.php(54): biny\lib\TXRequest->getModule(true)
#1 E:\github\web\lib\business\TXController.php(42): biny\lib\TXController->call(Object(biny\lib\TXRequest))
#2 E:\github\web\lib\business\TXController.php(105): biny\lib\TXController->execute()
#3 E:\github\web\lib\TXApp.php(178): biny\lib\TXController->dispatcher()
#4 E:\github\web\index.php(21): TXApp::run()
#5 {main}
[NOTICE]2018-04-04 11:46:00:326[::1] /login
WARNING => Undefined index: CONTENT_TYPE
#1 E:\github\web\lib\business\TXRequest.php(479)
[NOTICE]2018-04-04 11:46:00:327[::1] /login
WARNING => Undefined index: CONTENT_TYPE
#1 E:\github\web\lib\business\TXRequest.php(479)
[NOTICE]2018-04-04 11:46:00:330[::1] /login
WARNING => Undefined variable: SwebRoot
#1 E:\github\web\app\template\mytest\login.tpl.php(16)
[ERROR]2018-04-04 11:46:00:389[::1] /favicon.ico
ERROR CODE: 2001
Action[favicon.icoAction] is not exists.
#0 E:\github\web\lib\business\TXController.php(54): biny\lib\TXRequest->getModule(true)
#1 E:\github\web\lib\business\TXController.php(42): biny\lib\TXController->call(Object(biny\lib\TXRequest))
#2 E:\github\web\lib\business\TXController.php(105): biny\lib\TXController->execute()
#3 E:\github\web\lib\TXApp.php(178): biny\lib\TXController->dispatcher()
#4 E:\github\web\index.php(21): TXApp::run()
#5 {main}
[NOTICE]2018-04-04 11:46:00:954[::1] /login
WARNING => Undefined index: CONTENT_TYPE
#1 E:\github\web\lib\business\TXRequest.php(479)
[NOTICE]2018-04-04 11:46:00:954[::1] /login
WARNING => Undefined index: CONTENT_TYPE
#1 E:\github\web\lib\business\TXRequest.php(479)
[NOTICE]2018-04-04 11:46:00:964[::1] /login
WARNING => Undefined variable: SwebRoot
#1 E:\github\web\app\template\mytest\login.tpl.php(16)
[ERROR]2018-04-04 11:46:01:019[::1] /favicon.ico
ERROR CODE: 2001
Action[favicon.icoAction] is not exists.
#0 E:\github\web\lib\business\TXController.php(54): biny\lib\TXRequest->getModule(true)
#1 E:\github\web\lib\business\TXController.php(42): biny\lib\TXController->call(Object(biny\lib\TXRequest))
#2 E:\github\web\lib\business\TXController.php(105): biny\lib\TXController->execute()
#3 E:\github\web\lib\TXApp.php(178): biny\lib\TXController->dispatcher()
#4 E:\github\web\index.php(21): TXApp::run()
#5 {main}
[NOTICE]2018-04-04 11:46:01:566[::1] /login
WARNING => Undefined index: CONTENT_TYPE
#1 E:\github\web\lib\business\TXRequest.php(479)
[NOTICE]2018-04-04 11:46:01:567[::1] /login
WARNING => Undefined index: CONTENT_TYPE
#1 E:\github\web\lib\business\TXRequest.php(479)
[NOTICE]2018-04-04 11:46:01:571[::1] /login
WARNING => Undefined variable: SwebRoot
#1 E:\github\web\app\template\mytest\login.tpl.php(16)
[ERROR]2018-04-04 11:46:01:623[::1] /favicon.ico
ERROR CODE: 2001
Action[favicon.icoAction] is not exists.
#0 E:\github\web\lib\business\TXController.php(54): biny\lib\TXRequest->getModule(true)
#1 E:\github\web\lib\business\TXController.php(42): biny\lib\TXController->call(Object(biny\lib\TXRequest))
#2 E:\github\web\lib\business\TXController.php(105): biny\lib\TXController->execute()
#3 E:\github\web\lib\TXApp.php(178): biny\lib\TXController->dispatcher()
#4 E:\github\web\index.php(21): TXApp::run()
#5 {main}
[NOTICE]2018-04-04 11:47:25:582[::1] /images/favicon.ico
WARNING => Array to string conversion
#1 E:\github\web\lib\TXAutoload.php(59)
[NOTICE]2018-04-04 11:47:25:583[::1] /images/favicon.ico
WARNING => Array to string conversion
#1 E:\github\web\lib\TXAutoload.php(59)
[NOTICE]2018-04-04 11:47:25:584[::1] /images/favicon.ico
WARNING => Array to string conversion
#1 E:\github\web\lib\TXAutoload.php(59)
[NOTICE]2018-04-04 11:47:25:585[::1] /images/favicon.ico
WARNING => Array to string conversion
#1 E:\github\web\lib\TXAutoload.php(59)
[NOTICE]2018-04-04 11:47:25:585[::1] /images/favicon.ico
WARNING => Array to string conversion
#1 E:\github\web\lib\TXAutoload.php(59)
[NOTICE]2018-04-04 11:47:25:586[::1] /images/favicon.ico
WARNING => Array to string conversion
#1 E:\github\web\lib\TXAutoload.php(59)
[NOTICE]2018-04-04 11:47:25:586[::1] /images/favicon.ico
WARNING => Array to string conversion
#1 E:\github\web\lib\TXAutoload.php(59)
[NOTICE]2018-04-04 11:47:25:587[::1] /images/favicon.ico
WARNING => Array to string conversion
#1 E:\github\web\lib\TXAutoload.php(59)
[ERROR]2018-04-04 11:47:25:589[::1] /images/favicon.ico
ERROR CODE: 1003
Autoload file[imagesAction] is fails
#0 [internal function]: biny\lib\TXAutoload::load('imagesAction')
#1 E:\github\web\lib\business\TXFactory.php(68): spl_autoload_call('imagesAction')
#2 E:\github\web\lib\business\TXFactory.php(45): biny\lib\TXFactory::loadClass('imagesAction', 'imagesAction')
#3 E:\github\web\lib\business\TXRequest.php(236): biny\lib\TXFactory::create('imagesAction')
#4 E:\github\web\lib\business\TXController.php(54): biny\lib\TXRequest->getModule(true)
#5 E:\github\web\lib\business\TXController.php(42): biny\lib\TXController->call(Object(biny\lib\TXRequest))
#6 E:\github\web\lib\business\TXController.php(105): biny\lib\TXController->execute()
#7 E:\github\web\lib\TXApp.php(178): biny\lib\TXController->dispatcher()
#8 E:\github\web\index.php(21): TXApp::run()
#9 {main}
[NOTICE]2018-04-04 11:47:27:722[::1] /login
WARNING => Undefined index: CONTENT_TYPE
#1 E:\github\web\lib\business\TXRequest.php(479)
[NOTICE]2018-04-04 11:47:27:722[::1] /login
WARNING => Undefined index: CONTENT_TYPE
#1 E:\github\web\lib\business\TXRequest.php(479)
[NOTICE]2018-04-04 11:47:27:727[::1] /login
WARNING => Undefined variable: SwebRoot
#1 E:\github\web\app\template\mytest\login.tpl.php(16)
[ERROR]2018-04-04 11:47:28:077[::1] /favicon.ico
ERROR CODE: 2001
Action[favicon.icoAction] is not exists.
#0 E:\github\web\lib\business\TXController.php(54): biny\lib\TXRequest->getModule(true)
#1 E:\github\web\lib\business\TXController.php(42): biny\lib\TXController->call(Object(biny\lib\TXRequest))
#2 E:\github\web\lib\business\TXController.php(105): biny\lib\TXController->execute()
#3 E:\github\web\lib\TXApp.php(178): biny\lib\TXController->dispatcher()
#4 E:\github\web\index.php(21): TXApp::run()
#5 {main}
[ERROR]2018-04-04 11:47:28:086[::1] /favicon.ico
ERROR CODE: 2001
Action[favicon.icoAction] is not exists.
#0 E:\github\web\lib\business\TXController.php(54): biny\lib\TXRequest->getModule(true)
#1 E:\github\web\lib\business\TXController.php(42): biny\lib\TXController->call(Object(biny\lib\TXRequest))
#2 E:\github\web\lib\business\TXController.php(105): biny\lib\TXController->execute()
#3 E:\github\web\lib\TXApp.php(178): biny\lib\TXController->dispatcher()
#4 E:\github\web\index.php(21): TXApp::run()
#5 {main}
[NOTICE]2018-04-04 11:49:32:707[::1] /login
WARNING => Undefined index: CONTENT_TYPE
#1 E:\github\web\lib\business\TXRequest.php(479)
[NOTICE]2018-04-04 11:49:32:707[::1] /login
WARNING => Undefined index: CONTENT_TYPE
#1 E:\github\web\lib\business\TXRequest.php(479)
[NOTICE]2018-04-04 11:49:32:713[::1] /login
WARNING => Undefined variable: SwebRoot
#1 E:\github\web\app\template\mytest\login.tpl.php(16)
[NOTICE]2018-04-04 11:51:34:313[::1] /login
WARNING => Undefined index: CONTENT_TYPE
#1 E:\github\web\lib\business\TXRequest.php(479)
[NOTICE]2018-04-04 11:51:34:313[::1] /login
WARNING => Undefined index: CONTENT_TYPE
#1 E:\github\web\lib\business\TXRequest.php(479)
[NOTICE]2018-04-04 11:51:34:318[::1] /login
WARNING => Undefined variable: SwebRoot
#1 E:\github\web\app\template\mytest\login.tpl.php(16)
[NOTICE]2018-04-04 11:52:10:983[::1] /login
WARNING => Undefined index: CONTENT_TYPE
#1 E:\github\web\lib\business\TXRequest.php(479)
[NOTICE]2018-04-04 11:52:10:984[::1] /login
WARNING => Undefined index: CONTENT_TYPE
#1 E:\github\web\lib\business\TXRequest.php(479)
[NOTICE]2018-04-04 11:52:10:992[::1] /login
WARNING => Undefined variable: SwebRoot
#1 E:\github\web\app\template\mytest\login.tpl.php(16)
[ERROR]2018-04-04 11:52:11:138[::1] /favicon.ico
ERROR CODE: 2001
Action[favicon.icoAction] is not exists.
#0 E:\github\web\lib\business\TXController.php(54): biny\lib\TXRequest->getModule(true)
#1 E:\github\web\lib\business\TXController.php(42): biny\lib\TXController->call(Object(biny\lib\TXRequest))
#2 E:\github\web\lib\business\TXController.php(105): biny\lib\TXController->execute()
#3 E:\github\web\lib\TXApp.php(178): biny\lib\TXController->dispatcher()
#4 E:\github\web\index.php(21): TXApp::run()
#5 {main}
[NOTICE]2018-04-04 11:53:20:283[::1] /login
WARNING => Undefined index: CONTENT_TYPE
#1 E:\github\web\lib\business\TXRequest.php(479)
[NOTICE]2018-04-04 11:53:20:284[::1] /login
WARNING => Undefined index: CONTENT_TYPE
#1 E:\github\web\lib\business\TXRequest.php(479)
[NOTICE]2018-04-04 11:53:20:287[::1] /login
WARNING => Undefined variable: SwebRoot
#1 E:\github\web\app\template\mytest\login.tpl.php(16)
[NOTICE]2018-04-04 12:00:56:943[::1] /reg
WARNING => Undefined index: CONTENT_TYPE
#1 E:\github\web\lib\business\TXRequest.php(479)
[NOTICE]2018-04-04 12:00:56:944[::1] /reg
WARNING => Undefined index: CONTENT_TYPE
#1 E:\github\web\lib\business\TXRequest.php(479)
[NOTICE]2018-04-04 12:01:01:809[::1] /reg
WARNING => Undefined index: CONTENT_TYPE
#1 E:\github\web\lib\business\TXRequest.php(479)
[NOTICE]2018-04-04 12:01:01:810[::1] /reg
WARNING => Undefined index: CONTENT_TYPE
#1 E:\github\web\lib\business\TXRequest.php(479)
[NOTICE]2018-04-04 12:01:30:282[::1] /reg
WARNING => Undefined index: CONTENT_TYPE
#1 E:\github\web\lib\business\TXRequest.php(479)
[NOTICE]2018-04-04 12:01:30:282[::1] /reg
WARNING => Undefined index: CONTENT_TYPE
#1 E:\github\web\lib\business\TXRequest.php(479)
[NOTICE]2018-04-04 12:01:32:458[::1] /reg
WARNING => Undefined index: CONTENT_TYPE
#1 E:\github\web\lib\business\TXRequest.php(479)
[NOTICE]2018-04-04 12:01:32:458[::1] /reg
WARNING => Undefined index: CONTENT_TYPE
#1 E:\github\web\lib\business\TXRequest.php(479)
[NOTICE]2018-04-04 12:13:08:346[::1] /reg
WARNING => Undefined index: CONTENT_TYPE
#1 E:\github\web\lib\business\TXRequest.php(479)
[NOTICE]2018-04-04 12:13:08:346[::1] /reg
WARNING => Undefined index: CONTENT_TYPE
#1 E:\github\web\lib\business\TXRequest.php(479)
[NOTICE]2018-04-04 12:13:11:246[::1] /reg
WARNING => Undefined index: CONTENT_TYPE
#1 E:\github\web\lib\business\TXRequest.php(479)
[NOTICE]2018-04-04 12:13:11:246[::1] /reg
WARNING => Undefined index: CONTENT_TYPE
#1 E:\github\web\lib\business\TXRequest.php(479)
[NOTICE]2018-04-04 12:13:21:236[::1] /login
WARNING => Undefined index: CONTENT_TYPE
#1 E:\github\web\lib\business\TXRequest.php(479)
[NOTICE]2018-04-04 12:13:21:237[::1] /login
WARNING => Undefined index: CONTENT_TYPE
#1 E:\github\web\lib\business\TXRequest.php(479)
[NOTICE]2018-04-04 12:13:21:242[::1] /login
WARNING => Undefined variable: SwebRoot
#1 E:\github\web\app\template\mytest\login.tpl.php(16)
[ERROR]2018-04-04 12:13:21:318[::1] /favicon.ico
ERROR CODE: 2001
Action[favicon.icoAction] is not exists.
#0 E:\github\web\lib\business\TXController.php(54): biny\lib\TXRequest->getModule(true)
#1 E:\github\web\lib\business\TXController.php(42): biny\lib\TXController->call(Object(biny\lib\TXRequest))
#2 E:\github\web\lib\business\TXController.php(105): biny\lib\TXController->execute()
#3 E:\github\web\lib\TXApp.php(178): biny\lib\TXController->dispatcher()
#4 E:\github\web\index.php(21): TXApp::run()
#5 {main}
[NOTICE]2018-04-04 12:13:32:308[::1] /reg
WARNING => Undefined index: CONTENT_TYPE
#1 E:\github\web\lib\business\TXRequest.php(479)
[NOTICE]2018-04-04 12:13:32:308[::1] /reg
WARNING => Undefined index: CONTENT_TYPE
#1 E:\github\web\lib\business\TXRequest.php(479)
[NOTICE]2018-04-04 12:14:39:372[::1] /images/favicon.ico
WARNING => Array to string conversion
#1 E:\github\web\lib\TXAutoload.php(59)
[NOTICE]2018-04-04 12:14:39:372[::1] /images/favicon.ico
WARNING => Array to string conversion
#1 E:\github\web\lib\TXAutoload.php(59)
[NOTICE]2018-04-04 12:14:39:372[::1] /images/favicon.ico
WARNING => Array to string conversion
#1 E:\github\web\lib\TXAutoload.php(59)
[NOTICE]2018-04-04 12:14:39:372[::1] /images/favicon.ico
WARNING => Array to string conversion
#1 E:\github\web\lib\TXAutoload.php(59)
[NOTICE]2018-04-04 12:14:39:374[::1] /images/favicon.ico
WARNING => Array to string conversion
#1 E:\github\web\lib\TXAutoload.php(59)
[NOTICE]2018-04-04 12:14:39:374[::1] /images/favicon.ico
WARNING => Array to string conversion
#1 E:\github\web\lib\TXAutoload.php(59)
[NOTICE]2018-04-04 12:14:39:374[::1] /images/favicon.ico
WARNING => Array to string conversion
#1 E:\github\web\lib\TXAutoload.php(59)
[NOTICE]2018-04-04 12:14:39:374[::1] /images/favicon.ico
WARNING => Array to string conversion
#1 E:\github\web\lib\TXAutoload.php(59)
[ERROR]2018-04-04 12:14:39:374[::1] /images/favicon.ico
ERROR CODE: 1003
Autoload file[imagesAction] is fails
#0 [internal function]: biny\lib\TXAutoload::load('imagesAction')
#1 E:\github\web\lib\business\TXFactory.php(68): spl_autoload_call('imagesAction')
#2 E:\github\web\lib\business\TXFactory.php(45): biny\lib\TXFactory::loadClass('imagesAction', 'imagesAction')
#3 E:\github\web\lib\business\TXRequest.php(236): biny\lib\TXFactory::create('imagesAction')
#4 E:\github\web\lib\business\TXController.php(54): biny\lib\TXRequest->getModule(true)
#5 E:\github\web\lib\business\TXController.php(42): biny\lib\TXController->call(Object(biny\lib\TXRequest))
#6 E:\github\web\lib\business\TXController.php(105): biny\lib\TXController->execute()
#7 E:\github\web\lib\TXApp.php(178): biny\lib\TXController->dispatcher()
#8 E:\github\web\index.php(21): TXApp::run()
#9 {main}
[ERROR]2018-04-04 12:14:41:262[::1] /images/favicon.ico
ERROR CODE: 1003
Autoload file[imagesAction] is fails
#0 [internal function]: biny\lib\TXAutoload::load('imagesAction')
#1 E:\github\web\lib\business\TXFactory.php(68): spl_autoload_call('imagesAction')
#2 E:\github\web\lib\business\TXFactory.php(45): biny\lib\TXFactory::loadClass('imagesAction', 'imagesAction')
#3 E:\github\web\lib\business\TXRequest.php(236): biny\lib\TXFactory::create('imagesAction')
#4 E:\github\web\lib\business\TXController.php(54): biny\lib\TXRequest->getModule(true)
#5 E:\github\web\lib\business\TXController.php(42): biny\lib\TXController->call(Object(biny\lib\TXRequest))
#6 E:\github\web\lib\business\TXController.php(105): biny\lib\TXController->execute()
#7 E:\github\web\lib\TXApp.php(178): biny\lib\TXController->dispatcher()
#8 E:\github\web\index.php(21): TXApp::run()
#9 {main}
[ERROR]2018-04-04 12:14:42:719[::1] /images/favicon.ico
ERROR CODE: 1003
Autoload file[imagesAction] is fails
#0 [internal function]: biny\lib\TXAutoload::load('imagesAction')
#1 E:\github\web\lib\business\TXFactory.php(68): spl_autoload_call('imagesAction')
#2 E:\github\web\lib\business\TXFactory.php(45): biny\lib\TXFactory::loadClass('imagesAction', 'imagesAction')
#3 E:\github\web\lib\business\TXRequest.php(236): biny\lib\TXFactory::create('imagesAction')
#4 E:\github\web\lib\business\TXController.php(54): biny\lib\TXRequest->getModule(true)
#5 E:\github\web\lib\business\TXController.php(42): biny\lib\TXController->call(Object(biny\lib\TXRequest))
#6 E:\github\web\lib\business\TXController.php(105): biny\lib\TXController->execute()
#7 E:\github\web\lib\TXApp.php(178): biny\lib\TXController->dispatcher()
#8 E:\github\web\index.php(21): TXApp::run()
#9 {main}
[NOTICE]2018-04-04 12:14:47:652[::1] /reg
WARNING => Undefined index: CONTENT_TYPE
#1 E:\github\web\lib\business\TXRequest.php(479)
[NOTICE]2018-04-04 12:14:47:652[::1] /reg
WARNING => Undefined index: CONTENT_TYPE
#1 E:\github\web\lib\business\TXRequest.php(479)
[NOTICE]2018-04-04 12:14:51:662[::1] /reg
WARNING => Undefined index: CONTENT_TYPE
#1 E:\github\web\lib\business\TXRequest.php(479)
[NOTICE]2018-04-04 12:14:51:662[::1] /reg
WARNING => Undefined index: CONTENT_TYPE
#1 E:\github\web\lib\business\TXRequest.php(479)
[NOTICE]2018-04-04 12:14:56:934[::1] /login
WARNING => Undefined index: CONTENT_TYPE
#1 E:\github\web\lib\business\TXRequest.php(479)
[NOTICE]2018-04-04 12:14:56:934[::1] /login
WARNING => Undefined index: CONTENT_TYPE
#1 E:\github\web\lib\business\TXRequest.php(479)
[NOTICE]2018-04-04 12:14:56:934[::1] /login
WARNING => Undefined variable: SwebRoot
#1 E:\github\web\app\template\mytest\login.tpl.php(16)
[NOTICE]2018-04-04 12:14:59:214[::1] /login
WARNING => Undefined index: CONTENT_TYPE
#1 E:\github\web\lib\business\TXRequest.php(479)
[NOTICE]2018-04-04 12:14:59:214[::1] /login
WARNING => Undefined index: CONTENT_TYPE
#1 E:\github\web\lib\business\TXRequest.php(479)
[NOTICE]2018-04-04 12:14:59:224[::1] /login
WARNING => Undefined variable: SwebRoot
#1 E:\github\web\app\template\mytest\login.tpl.php(16)
[NOTICE]2018-04-04 12:15:06:754[::1] /login
WARNING => Undefined index: CONTENT_TYPE
#1 E:\github\web\lib\business\TXRequest.php(479)
[NOTICE]2018-04-04 12:15:06:754[::1] /login
WARNING => Undefined index: CONTENT_TYPE
#1 E:\github\web\lib\business\TXRequest.php(479)
[NOTICE]2018-04-04 12:15:06:764[::1] /login
WARNING => Undefined variable: SwebRoot
#1 E:\github\web\app\template\mytest\login.tpl.php(16)
[ERROR]2018-04-04 12:15:49:959[127.0.0.1] /analytics.js
ERROR CODE: 2001
Action[analytics.jsAction] is not exists.
#0 E:\github\web\lib\business\TXController.php(54): biny\lib\TXRequest->getModule(true)
#1 E:\github\web\lib\business\TXController.php(42): biny\lib\TXController->call(Object(biny\lib\TXRequest))
#2 E:\github\web\lib\business\TXController.php(105): biny\lib\TXController->execute()
#3 E:\github\web\lib\TXApp.php(178): biny\lib\TXController->dispatcher()
#4 E:\github\web\index.php(21): TXApp::run()
#5 {main}
[NOTICE]2018-04-04 12:19:09:179[::1] /login
WARNING => Undefined index: CONTENT_TYPE
#1 E:\github\web\lib\business\TXRequest.php(479)
[NOTICE]2018-04-04 12:19:09:179[::1] /login
WARNING => Undefined index: CONTENT_TYPE
#1 E:\github\web\lib\business\TXRequest.php(479)
[NOTICE]2018-04-04 12:19:09:179[::1] /login
WARNING => Undefined variable: SwebRoot
#1 E:\github\web\app\template\mytest\login.tpl.php(16)
[NOTICE]2018-04-04 12:19:09:889[::1] /login
WARNING => Undefined index: CONTENT_TYPE
#1 E:\github\web\lib\business\TXRequest.php(479)
[NOTICE]2018-04-04 12:19:09:889[::1] /login
WARNING => Undefined index: CONTENT_TYPE
#1 E:\github\web\lib\business\TXRequest.php(479)
[NOTICE]2018-04-04 12:19:09:889[::1] /login
WARNING => Undefined variable: SwebRoot
#1 E:\github\web\app\template\mytest\login.tpl.php(16)
[NOTICE]2018-04-04 12:19:10:079[::1] /login
WARNING => Undefined index: CONTENT_TYPE
#1 E:\github\web\lib\business\TXRequest.php(479)
[NOTICE]2018-04-04 12:19:10:079[::1] /login
WARNING => Undefined index: CONTENT_TYPE
#1 E:\github\web\lib\business\TXRequest.php(479)
[NOTICE]2018-04-04 12:19:10:079[::1] /login
WARNING => Undefined variable: SwebRoot
#1 E:\github\web\app\template\mytest\login.tpl.php(16)
[NOTICE]2018-04-04 12:19:10:249[::1] /login
WARNING => Undefined index: CONTENT_TYPE
#1 E:\github\web\lib\business\TXRequest.php(479)
[NOTICE]2018-04-04 12:19:10:249[::1] /login
WARNING => Undefined index: CONTENT_TYPE
#1 E:\github\web\lib\business\TXRequest.php(479)
[NOTICE]2018-04-04 12:19:10:249[::1] /login
WARNING => Undefined variable: SwebRoot
#1 E:\github\web\app\template\mytest\login.tpl.php(16)
[NOTICE]2018-04-04 12:19:10:379[::1] /login
WARNING => Undefined index: CONTENT_TYPE
#1 E:\github\web\lib\business\TXRequest.php(479)
[NOTICE]2018-04-04 12:19:10:379[::1] /login
WARNING => Undefined index: CONTENT_TYPE
#1 E:\github\web\lib\business\TXRequest.php(479)
[NOTICE]2018-04-04 12:19:10:389[::1] /login
WARNING => Undefined variable: SwebRoot
#1 E:\github\web\app\template\mytest\login.tpl.php(16)
[NOTICE]2018-04-04 12:19:10:529[::1] /login
WARNING => Undefined index: CONTENT_TYPE
#1 E:\github\web\lib\business\TXRequest.php(479)
[NOTICE]2018-04-04 12:19:10:529[::1] /login
WARNING => Undefined index: CONTENT_TYPE
#1 E:\github\web\lib\business\TXRequest.php(479)
[NOTICE]2018-04-04 12:19:10:539[::1] /login
WARNING => Undefined variable: SwebRoot
#1 E:\github\web\app\template\mytest\login.tpl.php(16)
[NOTICE]2018-04-04 12:19:30:758[::1] /login
WARNING => Undefined index: CONTENT_TYPE
#1 E:\github\web\lib\business\TXRequest.php(479)
[NOTICE]2018-04-04 12:19:30:758[::1] /login
WARNING => Undefined index: CONTENT_TYPE
#1 E:\github\web\lib\business\TXRequest.php(479)
[NOTICE]2018-04-04 12:19:30:762[::1] /login
WARNING => Undefined variable: SwebRoot
#1 E:\github\web\app\template\mytest\login.tpl.php(16)
[ERROR]2018-04-04 12:19:30:817[::1] /favicon.ico
ERROR CODE: 2001
Action[favicon.icoAction] is not exists.
#0 E:\github\web\lib\business\TXController.php(54): biny\lib\TXRequest->getModule(true)
#1 E:\github\web\lib\business\TXController.php(42): biny\lib\TXController->call(Object(biny\lib\TXRequest))
#2 E:\github\web\lib\business\TXController.php(105): biny\lib\TXController->execute()
#3 E:\github\web\lib\TXApp.php(178): biny\lib\TXController->dispatcher()
#4 E:\github\web\index.php(21): TXApp::run()
#5 {main}
[NOTICE]2018-04-04 12:19:33:207[::1] /login
WARNING => Undefined index: CONTENT_TYPE
#1 E:\github\web\lib\business\TXRequest.php(479)
[NOTICE]2018-04-04 12:19:33:208[::1] /login
WARNING => Undefined index: CONTENT_TYPE
#1 E:\github\web\lib\business\TXRequest.php(479)
[NOTICE]2018-04-04 12:19:33:212[::1] /login
WARNING => Undefined variable: SwebRoot
#1 E:\github\web\app\template\mytest\login.tpl.php(16)
[ERROR]2018-04-04 12:19:33:273[::1] /favicon.ico
ERROR CODE: 2001
Action[favicon.icoAction] is not exists.
#0 E:\github\web\lib\business\TXController.php(54): biny\lib\TXRequest->getModule(true)
#1 E:\github\web\lib\business\TXController.php(42): biny\lib\TXController->call(Object(biny\lib\TXRequest))
#2 E:\github\web\lib\business\TXController.php(105): biny\lib\TXController->execute()
#3 E:\github\web\lib\TXApp.php(178): biny\lib\TXController->dispatcher()
#4 E:\github\web\index.php(21): TXApp::run()
#5 {main}
[NOTICE]2018-04-04 12:19:41:351[::1] /login
WARNING => Undefined index: CONTENT_TYPE
#1 E:\github\web\lib\business\TXRequest.php(479)
[NOTICE]2018-04-04 12:19:41:351[::1] /login
WARNING => Undefined index: CONTENT_TYPE
#1 E:\github\web\lib\business\TXRequest.php(479)
[NOTICE]2018-04-04 12:19:41:351[::1] /login
WARNING => Undefined variable: SwebRoot
#1 E:\github\web\app\template\mytest\login.tpl.php(16)
[NOTICE]2018-04-04 12:19:51:063[::1] /login
WARNING => Undefined index: CONTENT_TYPE
#1 E:\github\web\lib\business\TXRequest.php(479)
[NOTICE]2018-04-04 12:19:51:073[::1] /login
WARNING => Undefined index: CONTENT_TYPE
#1 E:\github\web\lib\business\TXRequest.php(479)
[NOTICE]2018-04-04 12:19:51:073[::1] /login
WARNING => Undefined variable: SwebRoot
#1 E:\github\web\app\template\mytest\login.tpl.php(16)
[NOTICE]2018-04-04 12:20:51:102[::1] /images/favicon.ico
WARNING => Array to string conversion
#1 E:\github\web\lib\TXAutoload.php(59)
[NOTICE]2018-04-04 12:20:51:104[::1] /images/favicon.ico
WARNING => Array to string conversion
#1 E:\github\web\lib\TXAutoload.php(59)
[NOTICE]2018-04-04 12:20:51:104[::1] /images/favicon.ico
WARNING => Array to string conversion
#1 E:\github\web\lib\TXAutoload.php(59)
[NOTICE]2018-04-04 12:20:51:104[::1] /images/favicon.ico
WARNING => Array to string conversion
#1 E:\github\web\lib\TXAutoload.php(59)
[NOTICE]2018-04-04 12:20:51:104[::1] /images/favicon.ico
WARNING => Array to string conversion
#1 E:\github\web\lib\TXAutoload.php(59)
[NOTICE]2018-04-04 12:20:51:107[::1] /images/favicon.ico
WARNING => Array to string conversion
#1 E:\github\web\lib\TXAutoload.php(59)
[NOTICE]2018-04-04 12:20:51:107[::1] /images/favicon.ico
WARNING => Array to string conversion
#1 E:\github\web\lib\TXAutoload.php(59)
[NOTICE]2018-04-04 12:20:51:107[::1] /images/favicon.ico
WARNING => Array to string conversion
#1 E:\github\web\lib\TXAutoload.php(59)
[ERROR]2018-04-04 12:20:51:107[::1] /images/favicon.ico
ERROR CODE: 1003
Autoload file[imagesAction] is fails
#0 [internal function]: biny\lib\TXAutoload::load('imagesAction')
#1 E:\github\web\lib\business\TXFactory.php(68): spl_autoload_call('imagesAction')
#2 E:\github\web\lib\business\TXFactory.php(45): biny\lib\TXFactory::loadClass('imagesAction', 'imagesAction')
#3 E:\github\web\lib\business\TXRequest.php(236): biny\lib\TXFactory::create('imagesAction')
#4 E:\github\web\lib\business\TXController.php(54): biny\lib\TXRequest->getModule(true)
#5 E:\github\web\lib\business\TXController.php(42): biny\lib\TXController->call(Object(biny\lib\TXRequest))
#6 E:\github\web\lib\business\TXController.php(105): biny\lib\TXController->execute()
#7 E:\github\web\lib\TXApp.php(178): biny\lib\TXController->dispatcher()
#8 E:\github\web\index.php(21): TXApp::run()
#9 {main}
[NOTICE]2018-04-04 12:30:21:012[::1] /login
WARNING => Undefined index: CONTENT_TYPE
#1 E:\github\web\lib\business\TXRequest.php(479)
[NOTICE]2018-04-04 12:30:21:012[::1] /login
WARNING => Undefined index: CONTENT_TYPE
#1 E:\github\web\lib\business\TXRequest.php(479)
[NOTICE]2018-04-04 12:30:21:022[::1] /login
WARNING => Undefined variable: SwebRoot
#1 E:\github\web\app\template\mytest\login.tpl.php(16)
[NOTICE]2018-04-04 12:30:22:522[::1] /login
WARNING => Undefined index: CONTENT_TYPE
#1 E:\github\web\lib\business\TXRequest.php(479)
[NOTICE]2018-04-04 12:30:22:522[::1] /login
WARNING => Undefined index: CONTENT_TYPE
#1 E:\github\web\lib\business\TXRequest.php(479)
[NOTICE]2018-04-04 12:30:22:522[::1] /login
WARNING => Undefined variable: SwebRoot
#1 E:\github\web\app\template\mytest\login.tpl.php(16)
[NOTICE]2018-04-04 12:30:22:962[::1] /login
WARNING => Undefined index: CONTENT_TYPE
#1 E:\github\web\lib\business\TXRequest.php(479)
[NOTICE]2018-04-04 12:30:22:962[::1] /login
WARNING => Undefined index: CONTENT_TYPE
#1 E:\github\web\lib\business\TXRequest.php(479)
[NOTICE]2018-04-04 12:30:22:962[::1] /login
WARNING => Undefined variable: SwebRoot
#1 E:\github\web\app\template\mytest\login.tpl.php(16)
[NOTICE]2018-04-04 12:30:23:222[::1] /login
WARNING => Undefined index: CONTENT_TYPE
#1 E:\github\web\lib\business\TXRequest.php(479)
[NOTICE]2018-04-04 12:30:23:222[::1] /login
WARNING => Undefined index: CONTENT_TYPE
#1 E:\github\web\lib\business\TXRequest.php(479)
[NOTICE]2018-04-04 12:30:23:222[::1] /login
WARNING => Undefined variable: SwebRoot
#1 E:\github\web\app\template\mytest\login.tpl.php(16)
[NOTICE]2018-04-04 12:30:23:422[::1] /login
WARNING => Undefined index: CONTENT_TYPE
#1 E:\github\web\lib\business\TXRequest.php(479)
[NOTICE]2018-04-04 12:30:23:422[::1] /login
WARNING => Undefined index: CONTENT_TYPE
#1 E:\github\web\lib\business\TXRequest.php(479)
[NOTICE]2018-04-04 12:30:23:422[::1] /login
WARNING => Undefined variable: SwebRoot
#1 E:\github\web\app\template\mytest\login.tpl.php(16)
[NOTICE]2018-04-04 12:30:23:612[::1] /login
WARNING => Undefined index: CONTENT_TYPE
#1 E:\github\web\lib\business\TXRequest.php(479)
[NOTICE]2018-04-04 12:30:23:612[::1] /login
WARNING => Undefined index: CONTENT_TYPE
#1 E:\github\web\lib\business\TXRequest.php(479)
[NOTICE]2018-04-04 12:30:23:612[::1] /login
WARNING => Undefined variable: SwebRoot
#1 E:\github\web\app\template\mytest\login.tpl.php(16)
[NOTICE]2018-04-04 12:30:41:662[::1] /login
WARNING => Undefined index: CONTENT_TYPE
#1 E:\github\web\lib\business\TXRequest.php(479)
[NOTICE]2018-04-04 12:30:41:662[::1] /login
WARNING => Undefined index: CONTENT_TYPE
#1 E:\github\web\lib\business\TXRequest.php(479)
[NOTICE]2018-04-04 12:30:41:662[::1] /login
WARNING => Undefined variable: SwebRoot
#1 E:\github\web\app\template\mytest\login.tpl.php(16)
[NOTICE]2018-04-04 12:30:46:212[::1] /login
WARNING => Undefined index: CONTENT_TYPE
#1 E:\github\web\lib\business\TXRequest.php(479)
[NOTICE]2018-04-04 12:30:46:212[::1] /login
WARNING => Undefined index: CONTENT_TYPE
#1 E:\github\web\lib\business\TXRequest.php(479)
[NOTICE]2018-04-04 12:30:46:212[::1] /login
WARNING => Undefined variable: SwebRoot
#1 E:\github\web\app\template\mytest\login.tpl.php(16)
[NOTICE]2018-04-04 12:30:47:142[::1] /login
WARNING => Undefined index: CONTENT_TYPE
#1 E:\github\web\lib\business\TXRequest.php(479)
[NOTICE]2018-04-04 12:30:47:142[::1] /login
WARNING => Undefined index: CONTENT_TYPE
#1 E:\github\web\lib\business\TXRequest.php(479)
[NOTICE]2018-04-04 12:30:47:142[::1] /login
WARNING => Undefined variable: SwebRoot
#1 E:\github\web\app\template\mytest\login.tpl.php(16)
[NOTICE]2018-04-04 12:30:47:482[::1] /login
WARNING => Undefined index: CONTENT_TYPE
#1 E:\github\web\lib\business\TXRequest.php(479)
[NOTICE]2018-04-04 12:30:47:482[::1] /login
WARNING => Undefined index: CONTENT_TYPE
#1 E:\github\web\lib\business\TXRequest.php(479)
[NOTICE]2018-04-04 12:30:47:482[::1] /login
WARNING => Undefined variable: SwebRoot
#1 E:\github\web\app\template\mytest\login.tpl.php(16)
[NOTICE]2018-04-04 12:30:47:682[::1] /login
WARNING => Undefined index: CONTENT_TYPE
#1 E:\github\web\lib\business\TXRequest.php(479)
[NOTICE]2018-04-04 12:30:47:682[::1] /login
WARNING => Undefined index: CONTENT_TYPE
#1 E:\github\web\lib\business\TXRequest.php(479)
[NOTICE]2018-04-04 12:30:47:682[::1] /login
WARNING => Undefined variable: SwebRoot
#1 E:\github\web\app\template\mytest\login.tpl.php(16)
[NOTICE]2018-04-04 12:30:47:902[::1] /login
WARNING => Undefined index: CONTENT_TYPE
#1 E:\github\web\lib\business\TXRequest.php(479)
[NOTICE]2018-04-04 12:30:47:902[::1] /login
WARNING => Undefined index: CONTENT_TYPE
#1 E:\github\web\lib\business\TXRequest.php(479)
[NOTICE]2018-04-04 12:30:47:912[::1] /login
WARNING => Undefined variable: SwebRoot
#1 E:\github\web\app\template\mytest\login.tpl.php(16)
[NOTICE]2018-04-04 12:30:48:132[::1] /login
WARNING => Undefined index: CONTENT_TYPE
#1 E:\github\web\lib\business\TXRequest.php(479)
[NOTICE]2018-04-04 12:30:48:132[::1] /login
WARNING => Undefined index: CONTENT_TYPE
#1 E:\github\web\lib\business\TXRequest.php(479)
[NOTICE]2018-04-04 12:30:48:132[::1] /login
WARNING => Undefined variable: SwebRoot
#1 E:\github\web\app\template\mytest\login.tpl.php(16)
[NOTICE]2018-04-04 12:30:48:332[::1] /login
WARNING => Undefined index: CONTENT_TYPE
#1 E:\github\web\lib\business\TXRequest.php(479)
[NOTICE]2018-04-04 12:30:48:332[::1] /login
WARNING => Undefined index: CONTENT_TYPE
#1 E:\github\web\lib\business\TXRequest.php(479)
[NOTICE]2018-04-04 12:30:48:332[::1] /login
WARNING => Undefined variable: SwebRoot
#1 E:\github\web\app\template\mytest\login.tpl.php(16)
[NOTICE]2018-04-04 12:30:48:562[::1] /login
WARNING => Undefined index: CONTENT_TYPE
#1 E:\github\web\lib\business\TXRequest.php(479)
[NOTICE]2018-04-04 12:30:48:562[::1] /login
WARNING => Undefined index: CONTENT_TYPE
#1 E:\github\web\lib\business\TXRequest.php(479)
[NOTICE]2018-04-04 12:30:48:572[::1] /login
WARNING => Undefined variable: SwebRoot
#1 E:\github\web\app\template\mytest\login.tpl.php(16)
[NOTICE]2018-04-04 12:30:56:711[::1] /images/favicon.ico
WARNING => Array to string conversion
#1 E:\github\web\lib\TXAutoload.php(59)
[NOTICE]2018-04-04 12:30:56:711[::1] /images/favicon.ico
WARNING => Array to string conversion
#1 E:\github\web\lib\TXAutoload.php(59)
[NOTICE]2018-04-04 12:30:56:711[::1] /images/favicon.ico
WARNING => Array to string conversion
#1 E:\github\web\lib\TXAutoload.php(59)
[NOTICE]2018-04-04 12:30:56:711[::1] /images/favicon.ico
WARNING => Array to string conversion
#1 E:\github\web\lib\TXAutoload.php(59)
[NOTICE]2018-04-04 12:30:56:711[::1] /images/favicon.ico
WARNING => Array to string conversion
#1 E:\github\web\lib\TXAutoload.php(59)
[NOTICE]2018-04-04 12:30:56:711[::1] /images/favicon.ico
WARNING => Array to string conversion
#1 E:\github\web\lib\TXAutoload.php(59)
[NOTICE]2018-04-04 12:30:56:711[::1] /images/favicon.ico
WARNING => Array to string conversion
#1 E:\github\web\lib\TXAutoload.php(59)
[NOTICE]2018-04-04 12:30:56:711[::1] /images/favicon.ico
WARNING => Array to string conversion
#1 E:\github\web\lib\TXAutoload.php(59)
[ERROR]2018-04-04 12:30:56:721[::1] /images/favicon.ico
ERROR CODE: 1003
Autoload file[imagesAction] is fails
#0 [internal function]: biny\lib\TXAutoload::load('imagesAction')
#1 E:\github\web\lib\business\TXFactory.php(68): spl_autoload_call('imagesAction')
#2 E:\github\web\lib\business\TXFactory.php(45): biny\lib\TXFactory::loadClass('imagesAction', 'imagesAction')
#3 E:\github\web\lib\business\TXRequest.php(236): biny\lib\TXFactory::create('imagesAction')
#4 E:\github\web\lib\business\TXController.php(54): biny\lib\TXRequest->getModule(true)
#5 E:\github\web\lib\business\TXController.php(42): biny\lib\TXController->call(Object(biny\lib\TXRequest))
#6 E:\github\web\lib\business\TXController.php(105): biny\lib\TXController->execute()
#7 E:\github\web\lib\TXApp.php(178): biny\lib\TXController->dispatcher()
#8 E:\github\web\index.php(21): TXApp::run()
#9 {main}
[ERROR]2018-04-04 12:30:58:281[::1] /images/favicon.ico
ERROR CODE: 1003
Autoload file[imagesAction] is fails
#0 [internal function]: biny\lib\TXAutoload::load('imagesAction')
#1 E:\github\web\lib\business\TXFactory.php(68): spl_autoload_call('imagesAction')
#2 E:\github\web\lib\business\TXFactory.php(45): biny\lib\TXFactory::loadClass('imagesAction', 'imagesAction')
#3 E:\github\web\lib\business\TXRequest.php(236): biny\lib\TXFactory::create('imagesAction')
#4 E:\github\web\lib\business\TXController.php(54): biny\lib\TXRequest->getModule(true)
#5 E:\github\web\lib\business\TXController.php(42): biny\lib\TXController->call(Object(biny\lib\TXRequest))
#6 E:\github\web\lib\business\TXController.php(105): biny\lib\TXController->execute()
#7 E:\github\web\lib\TXApp.php(178): biny\lib\TXController->dispatcher()
#8 E:\github\web\index.php(21): TXApp::run()
#9 {main}
[NOTICE]2018-04-04 12:31:00:181[::1] /reg
WARNING => Undefined index: CONTENT_TYPE
#1 E:\github\web\lib\business\TXRequest.php(479)
[NOTICE]2018-04-04 12:31:00:181[::1] /reg
WARNING => Undefined index: CONTENT_TYPE
#1 E:\github\web\lib\business\TXRequest.php(479)
[NOTICE]2018-04-04 12:31:06:959[::1] /images/favicon.ico
WARNING => Array to string conversion
#1 E:\github\web\lib\TXAutoload.php(59)
[NOTICE]2018-04-04 12:31:06:961[::1] /images/favicon.ico
WARNING => Array to string conversion
#1 E:\github\web\lib\TXAutoload.php(59)
[NOTICE]2018-04-04 12:31:06:961[::1] /images/favicon.ico
WARNING => Array to string conversion
#1 E:\github\web\lib\TXAutoload.php(59)
[NOTICE]2018-04-04 12:31:06:961[::1] /images/favicon.ico
WARNING => Array to string conversion
#1 E:\github\web\lib\TXAutoload.php(59)
[NOTICE]2018-04-04 12:31:06:961[::1] /images/favicon.ico
WARNING => Array to string conversion
#1 E:\github\web\lib\TXAutoload.php(59)
[NOTICE]2018-04-04 12:31:06:961[::1] /images/favicon.ico
WARNING => Array to string conversion
#1 E:\github\web\lib\TXAutoload.php(59)
[NOTICE]2018-04-04 12:31:06:961[::1] /images/favicon.ico
WARNING => Array to string conversion
#1 E:\github\web\lib\TXAutoload.php(59)
[NOTICE]2018-04-04 12:31:06:961[::1] /images/favicon.ico
WARNING => Array to string conversion
#1 E:\github\web\lib\TXAutoload.php(59)
[ERROR]2018-04-04 12:31:06:961[::1] /images/favicon.ico
ERROR CODE: 1003
Autoload file[imagesAction] is fails
#0 [internal function]: biny\lib\TXAutoload::load('imagesAction')
#1 E:\github\web\lib\business\TXFactory.php(68): spl_autoload_call('imagesAction')
#2 E:\github\web\lib\business\TXFactory.php(45): biny\lib\TXFactory::loadClass('imagesAction', 'imagesAction')
#3 E:\github\web\lib\business\TXRequest.php(236): biny\lib\TXFactory::create('imagesAction')
#4 E:\github\web\lib\business\TXController.php(54): biny\lib\TXRequest->getModule(true)
#5 E:\github\web\lib\business\TXController.php(42): biny\lib\TXController->call(Object(biny\lib\TXRequest))
#6 E:\github\web\lib\business\TXController.php(105): biny\lib\TXController->execute()
#7 E:\github\web\lib\TXApp.php(178): biny\lib\TXController->dispatcher()
#8 E:\github\web\index.php(21): TXApp::run()
#9 {main}
[NOTICE]2018-04-04 12:31:08:501[::1] /login
WARNING => Undefined index: CONTENT_TYPE
#1 E:\github\web\lib\business\TXRequest.php(479)
[NOTICE]2018-04-04 12:31:08:501[::1] /login
WARNING => Undefined index: CONTENT_TYPE
#1 E:\github\web\lib\business\TXRequest.php(479)
[NOTICE]2018-04-04 12:31:08:501[::1] /login
WARNING => Undefined variable: SwebRoot
#1 E:\github\web\app\template\mytest\login.tpl.php(16)
[NOTICE]2018-04-04 12:31:09:371[::1] /login
WARNING => Undefined index: CONTENT_TYPE
#1 E:\github\web\lib\business\TXRequest.php(479)
[NOTICE]2018-04-04 12:31:09:371[::1] /login
WARNING => Undefined index: CONTENT_TYPE
#1 E:\github\web\lib\business\TXRequest.php(479)
[NOTICE]2018-04-04 12:31:09:371[::1] /login
WARNING => Undefined variable: SwebRoot
#1 E:\github\web\app\template\mytest\login.tpl.php(16)
[NOTICE]2018-04-04 12:31:13:082[::1] /login
WARNING => Undefined index: CONTENT_TYPE
#1 E:\github\web\lib\business\TXRequest.php(479)
[NOTICE]2018-04-04 12:31:13:082[::1] /login
WARNING => Undefined index: CONTENT_TYPE
#1 E:\github\web\lib\business\TXRequest.php(479)
[NOTICE]2018-04-04 12:31:13:092[::1] /login
WARNING => Undefined variable: SwebRoot
#1 E:\github\web\app\template\mytest\login.tpl.php(16)
[NOTICE]2018-04-04 12:31:15:194[::1] /login
WARNING => Undefined index: CONTENT_TYPE
#1 E:\github\web\lib\business\TXRequest.php(479)
[NOTICE]2018-04-04 12:31:15:204[::1] /login
WARNING => Undefined index: CONTENT_TYPE
#1 E:\github\web\lib\business\TXRequest.php(479)
[NOTICE]2018-04-04 12:31:15:204[::1] /login
WARNING => Undefined variable: SwebRoot
#1 E:\github\web\app\template\mytest\login.tpl.php(16)
[NOTICE]2018-04-04 12:31:33:833[::1] /reg
WARNING => Undefined index: CONTENT_TYPE
#1 E:\github\web\lib\business\TXRequest.php(479)
[NOTICE]2018-04-04 12:31:33:833[::1] /reg
WARNING => Undefined index: CONTENT_TYPE
#1 E:\github\web\lib\business\TXRequest.php(479)
[NOTICE]2018-04-04 12:31:41:907[::1] /login
WARNING => Undefined index: CONTENT_TYPE
#1 E:\github\web\lib\business\TXRequest.php(479)
[NOTICE]2018-04-04 12:31:41:907[::1] /login
WARNING => Undefined index: CONTENT_TYPE
#1 E:\github\web\lib\business\TXRequest.php(479)
[NOTICE]2018-04-04 12:31:41:907[::1] /login
WARNING => Undefined variable: SwebRoot
#1 E:\github\web\app\template\mytest\login.tpl.php(16)
[NOTICE]2018-04-04 12:32:02:179[::1] /login
WARNING => Undefined index: CONTENT_TYPE
#1 E:\github\web\lib\business\TXRequest.php(479)
[NOTICE]2018-04-04 12:32:02:179[::1] /login
WARNING => Undefined index: CONTENT_TYPE
#1 E:\github\web\lib\business\TXRequest.php(479)
[NOTICE]2018-04-04 12:32:02:189[::1] /login
WARNING => Undefined variable: SwebRoot
#1 E:\github\web\app\template\mytest\login.tpl.php(16)
[NOTICE]2018-04-04 12:32:03:439[::1] /login
WARNING => Undefined index: CONTENT_TYPE
#1 E:\github\web\lib\business\TXRequest.php(479)
[NOTICE]2018-04-04 12:32:03:439[::1] /login
WARNING => Undefined index: CONTENT_TYPE
#1 E:\github\web\lib\business\TXRequest.php(479)
[NOTICE]2018-04-04 12:32:03:449[::1] /login
WARNING => Undefined variable: SwebRoot
#1 E:\github\web\app\template\mytest\login.tpl.php(16)
[NOTICE]2018-04-04 12:32:03:749[::1] /login
WARNING => Undefined index: CONTENT_TYPE
#1 E:\github\web\lib\business\TXRequest.php(479)
[NOTICE]2018-04-04 12:32:03:759[::1] /login
WARNING => Undefined index: CONTENT_TYPE
#1 E:\github\web\lib\business\TXRequest.php(479)
[NOTICE]2018-04-04 12:32:03:759[::1] /login
WARNING => Undefined variable: SwebRoot
#1 E:\github\web\app\template\mytest\login.tpl.php(16)
[NOTICE]2018-04-04 12:32:03:969[::1] /login
WARNING => Undefined index: CONTENT_TYPE
#1 E:\github\web\lib\business\TXRequest.php(479)
[NOTICE]2018-04-04 12:32:03:969[::1] /login
WARNING => Undefined index: CONTENT_TYPE
#1 E:\github\web\lib\business\TXRequest.php(479)
[NOTICE]2018-04-04 12:32:03:979[::1] /login
WARNING => Undefined variable: SwebRoot
#1 E:\github\web\app\template\mytest\login.tpl.php(16)
[NOTICE]2018-04-04 12:32:04:179[::1] /login
WARNING => Undefined index: CONTENT_TYPE
#1 E:\github\web\lib\business\TXRequest.php(479)
[NOTICE]2018-04-04 12:32:04:179[::1] /login
WARNING => Undefined index: CONTENT_TYPE
#1 E:\github\web\lib\business\TXRequest.php(479)
[NOTICE]2018-04-04 12:32:04:189[::1] /login
WARNING => Undefined variable: SwebRoot
#1 E:\github\web\app\template\mytest\login.tpl.php(16)
[NOTICE]2018-04-04 12:32:04:379[::1] /login
WARNING => Undefined index: CONTENT_TYPE
#1 E:\github\web\lib\business\TXRequest.php(479)
[NOTICE]2018-04-04 12:32:04:389[::1] /login
WARNING => Undefined index: CONTENT_TYPE
#1 E:\github\web\lib\business\TXRequest.php(479)
[NOTICE]2018-04-04 12:32:04:389[::1] /login
WARNING => Undefined variable: SwebRoot
#1 E:\github\web\app\template\mytest\login.tpl.php(16)
[NOTICE]2018-04-04 12:32:04:549[::1] /login
WARNING => Undefined index: CONTENT_TYPE
#1 E:\github\web\lib\business\TXRequest.php(479)
[NOTICE]2018-04-04 12:32:04:549[::1] /login
WARNING => Undefined index: CONTENT_TYPE
#1 E:\github\web\lib\business\TXRequest.php(479)
[NOTICE]2018-04-04 12:32:04:559[::1] /login
WARNING => Undefined variable: SwebRoot
#1 E:\github\web\app\template\mytest\login.tpl.php(16)
[NOTICE]2018-04-04 12:32:04:739[::1] /login
WARNING => Undefined index: CONTENT_TYPE
#1 E:\github\web\lib\business\TXRequest.php(479)
[NOTICE]2018-04-04 12:32:04:739[::1] /login
WARNING => Undefined index: CONTENT_TYPE
#1 E:\github\web\lib\business\TXRequest.php(479)
[NOTICE]2018-04-04 12:32:04:739[::1] /login
WARNING => Undefined variable: SwebRoot
#1 E:\github\web\app\template\mytest\login.tpl.php(16)
[NOTICE]2018-04-04 12:32:04:979[::1] /login
WARNING => Undefined index: CONTENT_TYPE
#1 E:\github\web\lib\business\TXRequest.php(479)
[NOTICE]2018-04-04 12:32:04:979[::1] /login
WARNING => Undefined index: CONTENT_TYPE
#1 E:\github\web\lib\business\TXRequest.php(479)
[NOTICE]2018-04-04 12:32:04:979[::1] /login
WARNING => Undefined variable: SwebRoot
#1 E:\github\web\app\template\mytest\login.tpl.php(16)
[NOTICE]2018-04-04 12:32:05:219[::1] /login
WARNING => Undefined index: CONTENT_TYPE
#1 E:\github\web\lib\business\TXRequest.php(479)
[NOTICE]2018-04-04 12:32:05:219[::1] /login
WARNING => Undefined index: CONTENT_TYPE
#1 E:\github\web\lib\business\TXRequest.php(479)
[NOTICE]2018-04-04 12:32:05:229[::1] /login
WARNING => Undefined variable: SwebRoot
#1 E:\github\web\app\template\mytest\login.tpl.php(16)
[NOTICE]2018-04-04 12:32:05:459[::1] /login
WARNING => Undefined index: CONTENT_TYPE
#1 E:\github\web\lib\business\TXRequest.php(479)
[NOTICE]2018-04-04 12:32:05:459[::1] /login
WARNING => Undefined index: CONTENT_TYPE
#1 E:\github\web\lib\business\TXRequest.php(479)
[NOTICE]2018-04-04 12:32:05:469[::1] /login
WARNING => Undefined variable: SwebRoot
#1 E:\github\web\app\template\mytest\login.tpl.php(16)
[NOTICE]2018-04-04 12:32:05:669[::1] /login
WARNING => Undefined index: CONTENT_TYPE
#1 E:\github\web\lib\business\TXRequest.php(479)
[NOTICE]2018-04-04 12:32:05:669[::1] /login
WARNING => Undefined index: CONTENT_TYPE
#1 E:\github\web\lib\business\TXRequest.php(479)
[NOTICE]2018-04-04 12:32:05:669[::1] /login
WARNING => Undefined variable: SwebRoot
#1 E:\github\web\app\template\mytest\login.tpl.php(16)
[NOTICE]2018-04-04 12:32:39:171[::1] /images/favicon.ico
WARNING => Array to string conversion
#1 E:\github\web\lib\TXAutoload.php(59)
[NOTICE]2018-04-04 12:32:39:171[::1] /images/favicon.ico
WARNING => Array to string conversion
#1 E:\github\web\lib\TXAutoload.php(59)
[NOTICE]2018-04-04 12:32:39:171[::1] /images/favicon.ico
WARNING => Array to string conversion
#1 E:\github\web\lib\TXAutoload.php(59)
[NOTICE]2018-04-04 12:32:39:171[::1] /images/favicon.ico
WARNING => Array to string conversion
#1 E:\github\web\lib\TXAutoload.php(59)
[NOTICE]2018-04-04 12:32:39:171[::1] /images/favicon.ico
WARNING => Array to string conversion
#1 E:\github\web\lib\TXAutoload.php(59)
[NOTICE]2018-04-04 12:32:39:171[::1] /images/favicon.ico
WARNING => Array to string conversion
#1 E:\github\web\lib\TXAutoload.php(59)
[NOTICE]2018-04-04 12:32:39:171[::1] /images/favicon.ico
WARNING => Array to string conversion
#1 E:\github\web\lib\TXAutoload.php(59)
[NOTICE]2018-04-04 12:32:39:171[::1] /images/favicon.ico
WARNING => Array to string conversion
#1 E:\github\web\lib\TXAutoload.php(59)
[ERROR]2018-04-04 12:32:39:171[::1] /images/favicon.ico
ERROR CODE: 1003
Autoload file[imagesAction] is fails
#0 [internal function]: biny\lib\TXAutoload::load('imagesAction')
#1 E:\github\web\lib\business\TXFactory.php(68): spl_autoload_call('imagesAction')
#2 E:\github\web\lib\business\TXFactory.php(45): biny\lib\TXFactory::loadClass('imagesAction', 'imagesAction')
#3 E:\github\web\lib\business\TXRequest.php(236): biny\lib\TXFactory::create('imagesAction')
#4 E:\github\web\lib\business\TXController.php(54): biny\lib\TXRequest->getModule(true)
#5 E:\github\web\lib\business\TXController.php(42): biny\lib\TXController->call(Object(biny\lib\TXRequest))
#6 E:\github\web\lib\business\TXController.php(105): biny\lib\TXController->execute()
#7 E:\github\web\lib\TXApp.php(178): biny\lib\TXController->dispatcher()
#8 E:\github\web\index.php(21): TXApp::run()
#9 {main}
[NOTICE]2018-04-04 12:32:41:121[::1] /reg
WARNING => Undefined index: CONTENT_TYPE
#1 E:\github\web\lib\business\TXRequest.php(479)
[NOTICE]2018-04-04 12:32:41:121[::1] /reg
WARNING => Undefined index: CONTENT_TYPE
#1 E:\github\web\lib\business\TXRequest.php(479)
[NOTICE]2018-04-04 12:32:51:359[::1] /images/favicon.ico
WARNING => Array to string conversion
#1 E:\github\web\lib\TXAutoload.php(59)
[NOTICE]2018-04-04 12:32:51:361[::1] /images/favicon.ico
WARNING => Array to string conversion
#1 E:\github\web\lib\TXAutoload.php(59)
[NOTICE]2018-04-04 12:32:51:361[::1] /images/favicon.ico
WARNING => Array to string conversion
#1 E:\github\web\lib\TXAutoload.php(59)
[NOTICE]2018-04-04 12:32:51:361[::1] /images/favicon.ico
WARNING => Array to string conversion
#1 E:\github\web\lib\TXAutoload.php(59)
[NOTICE]2018-04-04 12:32:51:364[::1] /images/favicon.ico
WARNING => Array to string conversion
#1 E:\github\web\lib\TXAutoload.php(59)
[NOTICE]2018-04-04 12:32:51:364[::1] /images/favicon.ico
WARNING => Array to string conversion
#1 E:\github\web\lib\TXAutoload.php(59)
[NOTICE]2018-04-04 12:32:51:364[::1] /images/favicon.ico
WARNING => Array to string conversion
#1 E:\github\web\lib\TXAutoload.php(59)
[NOTICE]2018-04-04 12:32:51:364[::1] /images/favicon.ico
WARNING => Array to string conversion
#1 E:\github\web\lib\TXAutoload.php(59)
[ERROR]2018-04-04 12:32:51:366[::1] /images/favicon.ico
ERROR CODE: 1003
Autoload file[imagesAction] is fails
#0 [internal function]: biny\lib\TXAutoload::load('imagesAction')
#1 E:\github\web\lib\business\TXFactory.php(68): spl_autoload_call('imagesAction')
#2 E:\github\web\lib\business\TXFactory.php(45): biny\lib\TXFactory::loadClass('imagesAction', 'imagesAction')
#3 E:\github\web\lib\business\TXRequest.php(236): biny\lib\TXFactory::create('imagesAction')
#4 E:\github\web\lib\business\TXController.php(54): biny\lib\TXRequest->getModule(true)
#5 E:\github\web\lib\business\TXController.php(42): biny\lib\TXController->call(Object(biny\lib\TXRequest))
#6 E:\github\web\lib\business\TXController.php(105): biny\lib\TXController->execute()
#7 E:\github\web\lib\TXApp.php(178): biny\lib\TXController->dispatcher()
#8 E:\github\web\index.php(21): TXApp::run()
#9 {main}
[NOTICE]2018-04-04 12:32:53:616[::1] /login
WARNING => Undefined index: CONTENT_TYPE
#1 E:\github\web\lib\business\TXRequest.php(479)
[NOTICE]2018-04-04 12:32:53:616[::1] /login
WARNING => Undefined index: CONTENT_TYPE
#1 E:\github\web\lib\business\TXRequest.php(479)
[NOTICE]2018-04-04 12:32:53:626[::1] /login
WARNING => Undefined variable: SwebRoot
#1 E:\github\web\app\template\mytest\login.tpl.php(16)
[NOTICE]2018-04-04 12:33:38:016[::1] /login
WARNING => Undefined index: CONTENT_TYPE
#1 E:\github\web\lib\business\TXRequest.php(479)
[NOTICE]2018-04-04 12:33:38:016[::1] /login
WARNING => Undefined index: CONTENT_TYPE
#1 E:\github\web\lib\business\TXRequest.php(479)
[NOTICE]2018-04-04 12:33:38:016[::1] /login
WARNING => Undefined variable: SwebRoot
#1 E:\github\web\app\template\mytest\login.tpl.php(16)
[NOTICE]2018-04-04 12:34:04:524[::1] /login
WARNING => Undefined index: CONTENT_TYPE
#1 E:\github\web\lib\business\TXRequest.php(479)
[NOTICE]2018-04-04 12:34:04:539[::1] /login
WARNING => Undefined index: CONTENT_TYPE
#1 E:\github\web\lib\business\TXRequest.php(479)
[NOTICE]2018-04-04 12:34:04:539[::1] /login
WARNING => Undefined variable: SwebRoot
#1 E:\github\web\app\template\mytest\login.tpl.php(16)
[NOTICE]2018-04-04 12:34:23:072[::1] /login
WARNING => Undefined index: CONTENT_TYPE
#1 E:\github\web\lib\business\TXRequest.php(479)
[NOTICE]2018-04-04 12:34:23:072[::1] /login
WARNING => Undefined index: CONTENT_TYPE
#1 E:\github\web\lib\business\TXRequest.php(479)
[NOTICE]2018-04-04 12:34:23:072[::1] /login
WARNING => Undefined variable: SwebRoot
#1 E:\github\web\app\template\mytest\login.tpl.php(16)
