[INFO]2018-03-26 16:15:01:174 [127.0.0.1] request: http://googleads.g.doubleclick.net/pagead/html/r20180319/r20170110/zrt_lookup.html
[INFO]2018-03-26 16:19:01:436 [::1] request: http://localhost/
[INFO]2018-03-26 16:19:02:276 [::1] request: http://localhost/images/favicon.ico
[INFO]2018-03-26 16:19:07:168 [::1] request: http://localhost/reg
[INFO]2018-03-26 16:19:07:474 [::1] request: http://localhost/favicon.ico
[INFO]2018-03-26 16:19:07:498 [::1] request: http://localhost/favicon.ico
[INFO]2018-03-26 16:30:39:008 [::1] request: http://localhost/base
[INFO]2018-03-26 16:30:45:665 [::1] request: http://localhost/demo
[INFO]2018-03-26 16:52:24:109 [::1] request: http://localhost/
[INFO]2018-03-26 16:52:24:649 [::1] request: http://localhost/images/favicon.ico
[INFO]2018-03-26 16:52:44:212 [::1] request: http://localhost/
[INFO]2018-03-26 16:53:10:378 [::1] request: http://localhost/
[INFO]2018-03-26 16:54:19:838 [::1] request: http://localhost/reg
[INFO]2018-03-26 16:54:29:979 [::1] request: http://localhost/reg
[INFO]2018-03-26 16:58:03:587 [::1] request: http://localhost/reg
[INFO]2018-03-26 16:58:28:549 [::1] request: http://localhost/reg
[INFO]2018-03-26 16:59:05:388 [::1] request: http://localhost/reg
[INFO]2018-03-26 16:59:06:605 [::1] request: http://localhost/reg
[INFO]2018-03-26 16:59:07:292 [::1] request: http://localhost/reg
[INFO]2018-03-26 17:01:00:034 [::1] request: http://localhost/reg
[INFO]2018-03-26 17:09:24:193 [::1] request: http://localhost/reg
[INFO]2018-03-26 17:09:38:331 [::1] request: http://localhost/reg
[INFO]2018-03-26 17:09:39:798 [::1] request: http://localhost/reg
[INFO]2018-03-26 17:09:41:498 [::1] request: http://localhost/reg
[INFO]2018-03-26 17:09:42:325 [::1] request: http://localhost/reg
[INFO]2018-03-26 17:09:59:003 [::1] request: http://localhost/reg
[INFO]2018-03-26 17:10:35:417 [::1] request: http://localhost/reg
[INFO]2018-03-26 17:10:37:164 [::1] request: http://localhost/reg
[INFO]2018-03-26 17:10:46:602 [::1] request: http://localhost/reg
[INFO]2018-03-26 17:10:48:552 [::1] request: http://localhost/reg
[INFO]2018-03-26 17:10:49:426 [::1] request: http://localhost/reg
[INFO]2018-03-26 17:10:50:580 [::1] request: http://localhost/reg
[INFO]2018-03-26 17:15:33:435 [::1] request: http://localhost/reg
[INFO]2018-03-26 17:15:56:338 [::1] request: http://localhost/reg
[INFO]2018-03-26 17:17:12:812 [::1] request: http://localhost/reg
[INFO]2018-03-26 17:17:20:581 [::1] request: http://localhost/reg
[INFO]2018-03-26 17:31:44:563 [::1] request: http://localhost/reg
[INFO]2018-03-26 17:32:18:839 [::1] request: http://localhost/reg.php?name=&A=&company=&title=&mobile=13061454471&yzm=&email=
[INFO]2018-03-26 17:32:32:446 [::1] request: http://localhost/reg
[INFO]2018-03-26 17:34:54:224 [::1] request: http://localhost/
[INFO]2018-03-26 17:34:55:019 [::1] request: http://localhost/images/favicon.ico
[INFO]2018-03-26 17:34:57:742 [::1] request: http://localhost/reg
[INFO]2018-03-26 17:37:49:033 [::1] request: http://localhost/reg
[INFO]2018-03-26 17:48:07:642 [::1] request: http://localhost/reg
[INFO]2018-03-26 17:48:41:352 [::1] request: http://localhost/reg/getcode
[INFO]2018-03-26 17:48:47:202 [::1] request: http://localhost/reg
[INFO]2018-03-26 18:11:50:612 [::1] request: http://localhost/
[INFO]2018-03-26 18:32:07:163 [127.0.0.1] request: http://googleads.g.doubleclick.net/pagead/html/r20180319/r20170110/zrt_lookup.html
[INFO]2018-03-26 18:32:07:478 [127.0.0.1] request: http://googleads.g.doubleclick.net/pagead/ads?client=ca-pub-5751451760833794&output=html&h=600&slotname=4106274865&adk=547437612&adf=963056215&w=160&lmt=1522060327&loeid=38893312&format=160x600&url=http%3A%2F%2Fwww.runoob.com%2Fphp%2Fphp-get.html&flash=0&wgl=1&dt=1522060327118&bpp=16&bdt=4739&fdt=19&idt=304&shv=r20180319&cbv=r20170110&saldr=aa&correlator=6406011635025&frm=20&ga_vid=973842477.1522060327&ga_sid=1522060327&ga_hid=1880289473&ga_fc=0&pv=2&iag=3&icsg=2&nhd=1&dssz=3&mdo=0&mso=0&u_tz=480&u_his=1&u_java=0&u_h=768&u_w=1366&u_ah=728&u_aw=1366&u_cd=24&u_nplug=4&u_nmime=5&adx=1073&ady=618&biw=1349&bih=662&abxe=1&scr_x=0&scr_y=0&eid=4089042%2C21060551%2C21060979%2C21061122%2C38893302%2C191880502%2C20040065%2C21060977&oid=3&ref=https%3A%2F%2Fwww.baidu.com%2Flink%3Furl%3DI6SDPpq16bR9QHAhPwDQgKyrrkUgdqr-PJrzn9uakEDCGj9dL9Ng4GeBeP4w25af%26wd%3D%26eqid%3D91ffa6da0001ef64000000035ab8cc1b&rx=0&eae=0&fc=528&brdim=0%2C0%2C0%2C0%2C1366%2C0%2C1366%2C728%2C1366%2C662&vis=1&rsz=%7C%7CoeE%7C&abl=CS&ppjl=f&pfx=0&fu=8200&bc=1&ifi=1&xpc=LUZHUmjM3a&p=http%3A//www.runoob.com&dtd=341
[INFO]2018-03-26 18:34:19:742 [::1] request: http://localhost/
[INFO]2018-03-26 18:34:20:198 [::1] request: http://localhost/images/favicon.ico
[INFO]2018-03-26 18:34:24:254 [::1] request: http://localhost/reg
[INFO]2018-03-26 18:38:52:557 [127.0.0.1] request: http://googleads.g.doubleclick.net/pagead/html/r20180319/r20170110/zrt_lookup.html
[INFO]2018-03-26 18:38:52:816 [127.0.0.1] request: http://googleads.g.doubleclick.net/pagead/ads?client=ca-pub-2076739524120221&output=html&h=250&slotname=8248687447&adk=4099989242&adf=1344174124&w=250&lmt=1522060732&loeid=38893312%2C332260004&format=250x250&url=http%3A%2F%2Fwww.thinkphp.cn%2Ftopic%2F44860.html&flash=0&wgl=1&adsid=NT&dt=1522060732515&bpp=16&bdt=754&fdt=19&idt=238&shv=r20180319&cbv=r20170110&saldr=aa&correlator=8532731681922&frm=20&ga_vid=233945407.1522060733&ga_sid=1522060733&ga_hid=357807753&ga_fc=0&pv=2&iag=3&icsg=2&nhd=1&dssz=3&mdo=0&mso=0&u_tz=480&u_his=1&u_java=0&u_h=768&u_w=1366&u_ah=728&u_aw=1366&u_cd=24&u_nplug=4&u_nmime=5&adx=915&ady=902&biw=1349&bih=662&abxe=1&scr_x=0&scr_y=0&eid=21060551%2C21060979%2C21061122%2C38893302%2C191880502%2C332260000%2C828064255%2C20040069%2C188690903%2C21060977&oid=3&ref=https%3A%2F%2Fwww.baidu.com%2Flink%3Furl%3D-naJmzhJUhBWavAmWOWP0UfL45Qvva9Dv4GHQ2Jg4UUmKgqfZ9yQNwfJnDunJk94FoufBfTGJg96nfDF5sDFp_%26wd%3D%26eqid%3Deb46cf8f0002096e000000035ab8cdb7&rx=0&eae=0&fc=528&brdim=0%2C0%2C0%2C0%2C1366%2C0%2C1366%2C728%2C1366%2C662&vis=1&rsz=%7C%7CeoEbr%7C&abl=CS&ppjl=t&pfx=0&fu=8200&bc=1&ifi=1&xpc=0UP3d7X8wl&p=http%3A//www.thinkphp.cn&dtd=279
[INFO]2018-03-26 18:52:15:838 [127.0.0.1] request: http://googleads.g.doubleclick.net/pagead/html/r20180319/r20170110/zrt_lookup.html
[INFO]2018-03-26 18:52:15:941 [127.0.0.1] request: http://googleads.g.doubleclick.net/pagead/ads?client=ca-pub-5399482037315154&output=html&h=403&slotname=5194724509&adk=2087480215&adf=1537644835&w=1200&lmt=1518149245&loeid=38893312&rafmt=11&format=1200x403&url=http%3A%2F%2Fwww.golaravel.com%2F&flash=0&wgl=1&dt=1522061535747&bpp=32&bdt=2684&fdt=40&idt=115&shv=r20180319&cbv=r20170110&saldr=aa&correlator=5925578089620&frm=20&ga_vid=582055920.1522061536&ga_sid=1522061536&ga_hid=790049624&ga_fc=0&pv=2&iag=3&icsg=2&nhd=1&dssz=3&mdo=0&mso=0&u_tz=480&u_his=1&u_java=0&u_h=768&u_w=1366&u_ah=728&u_aw=1366&u_cd=24&u_nplug=4&u_nmime=5&adx=43&ady=2092&biw=1349&bih=645&abxe=1&scr_x=0&scr_y=0&eid=21060551%2C21060830%2C21060979%2C38893302%2C191880502%2C33895412%2C20040066%2C21060977&oid=3&ref=https%3A%2F%2Fwww.baidu.com%2Flink%3Furl%3D9YarU6D7vQrfFp_7EgHYZZjKrh0x8jxbHIoIg-pR48ybXB5s4DsX1QZ5A-w66UM_%26wd%3D%26eqid%3Da419170000029128000000035ab8d0d7&rx=0&eae=0&fc=528&brdim=0%2C0%2C0%2C0%2C1366%2C0%2C1366%2C728%2C1366%2C662&vis=1&rsz=%7C%7CoeEbr%7C&abl=CS&ppjl=u&pfx=0&fu=9352&bc=1&ifi=1&xpc=1iWRuyUgZU&p=http%3A//www.golaravel.com&dtd=170
[INFO]2018-03-26 18:56:40:026 [::1] request: http://localhost/reg
[INFO]2018-03-26 18:56:40:541 [::1] request: http://localhost/favicon.ico
[INFO]2018-03-26 19:02:40:157 [::1] request: http://localhost/reg
[INFO]2018-03-26 19:02:40:445 [::1] request: http://localhost/reg
[INFO]2018-03-26 19:02:40:696 [::1] request: http://localhost/reg
[INFO]2018-03-26 19:02:40:866 [::1] request: http://localhost/reg
[INFO]2018-03-26 19:06:28:361 [127.0.0.1] request: http://googleads.g.doubleclick.net/pagead/html/r20180319/r20170110/zrt_lookup.html
[INFO]2018-03-26 19:06:28:540 [127.0.0.1] request: http://googleads.g.doubleclick.net/pagead/ads?client=ca-pub-6384567588307613&output=html&h=175&slotname=1322220884&adk=2658866024&adf=447846898&w=700&fwrn=4&lmt=1522062388&loeid=38893312%2C332260004&rafmt=11&format=700x175&url=http%3A%2F%2Fwww.jb51.net%2Farticle%2F65461.htm&flash=0&wgl=1&dt=1522062388314&bpp=21&bdt=533&fdt=25&idt=148&shv=r20180319&cbv=r20170110&saldr=aa&correlator=7219649585033&frm=20&ga_vid=854845866.1522062388&ga_sid=1522062388&ga_hid=1375992534&ga_fc=0&pv=2&iag=3&icsg=2&nhd=1&dssz=3&mdo=0&mso=0&rplot=4&u_tz=480&u_his=1&u_java=0&u_h=768&u_w=1366&u_ah=728&u_aw=1366&u_cd=24&u_nplug=4&u_nmime=5&adx=150&ady=1999&biw=1349&bih=662&abxe=1&scr_x=0&scr_y=0&eid=21060551%2C21060979%2C21061122%2C38893302%2C62710015%2C62710017%2C191880502%2C332260000%2C20040069%2C21060977&oid=3&ref=https%3A%2F%2Fwww.baidu.com%2Flink%3Furl%3DpldCQgJt5zdlU2YugLv5zDYY0OzTCti3_5n6P4s5a1lRWhggeuzNYZzy0abDp9HK%26wd%3D%26eqid%3D83ddf88c0002e139000000035ab8d40c&rx=0&eae=0&fc=528&brdim=0%2C0%2C0%2C0%2C1366%2C0%2C1366%2C728%2C1366%2C662&vis=1&rsz=%7C%7CoeEbr%7C&abl=CS&ppjl=f&pfx=0&fu=8328&bc=1&ifi=1&xpc=sIyi9aU2Tq&p=http%3A//www.jb51.net&dtd=201
[INFO]2018-03-26 19:06:28:795 [127.0.0.1] request: http://googleads.g.doubleclick.net/pagead/ads?client=ca-pub-6384567588307613&output=html&h=250&slotname=2817964327&adk=4098554371&adf=456500327&w=300&lmt=1522062388&loeid=38893312%2C332260004&format=300x250&url=http%3A%2F%2Fwww.jb51.net%2Farticle%2F65461.htm&flash=0&avail_w=0&wgl=1&dt=1522062388688&bpp=23&bdt=908&fdt=24&idt=60&shv=r20180319&cbv=r20170110&saldr=aa&prev_fmts=700x175&correlator=7219649585033&frm=20&ga_vid=854845866.1522062388&ga_sid=1522062388&ga_hid=1375992534&ga_fc=0&pv=1&iag=3&icsg=2&nhd=1&dssz=3&mdo=0&mso=0&u_tz=480&u_his=1&u_java=0&u_h=768&u_w=1366&u_ah=728&u_aw=1366&u_cd=24&u_nplug=4&u_nmime=5&adx=0&ady=0&biw=1349&bih=662&abxe=1&scr_x=0&scr_y=0&eid=21060551%2C21060979%2C21061122%2C38893302%2C62710015%2C62710017%2C191880502%2C332260000%2C20040069%2C21060977&oid=3&ref=https%3A%2F%2Fwww.baidu.com%2Flink%3Furl%3DpldCQgJt5zdlU2YugLv5zDYY0OzTCti3_5n6P4s5a1lRWhggeuzNYZzy0abDp9HK%26wd%3D%26eqid%3D83ddf88c0002e139000000035ab8d40c&rx=0&eae=0&fc=528&brdim=0%2C0%2C0%2C0%2C1366%2C0%2C1366%2C728%2C1366%2C662&vis=1&rsz=%7C%7CenEr%7C&abl=CS&ppjl=f&pfx=0&fu=8200&bc=1&ifi=2&xpc=hMUjkPLgb2&p=http%3A//www.jb51.net&dtd=87
[INFO]2018-03-26 19:06:28:843 [127.0.0.1] request: http://googleads.g.doubleclick.net/pagead/ads?client=ca-pub-6389290466807248&output=html&h=250&slotname=6788945816&adk=42694111&adf=1049069573&w=300&lmt=1522062388&loeid=38893312%2C332260004&format=300x250&url=http%3A%2F%2Fwww.jb51.net%2Farticle%2F65461.htm&flash=0&avail_w=0&wgl=1&dt=1522062388795&bpp=11&bdt=1016&fdt=13&idt=14&shv=r20180319&cbv=r20170110&saldr=aa&prev_fmts=700x175%2C300x250&correlator=7219649585033&frm=20&ga_vid=854845866.1522062388&ga_sid=1522062388&ga_hid=1375992534&ga_fc=0&pv=2&iag=3&icsg=2&nhd=1&dssz=3&mdo=0&mso=0&u_tz=480&u_his=1&u_java=0&u_h=768&u_w=1366&u_ah=728&u_aw=1366&u_cd=24&u_nplug=4&u_nmime=5&adx=0&ady=0&biw=1349&bih=662&abxe=1&scr_x=0&scr_y=0&eid=21060551%2C21060979%2C21061122%2C38893302%2C62710015%2C62710017%2C191880502%2C332260000%2C20040069%2C21060977&oid=3&ref=https%3A%2F%2Fwww.baidu.com%2Flink%3Furl%3DpldCQgJt5zdlU2YugLv5zDYY0OzTCti3_5n6P4s5a1lRWhggeuzNYZzy0abDp9HK%26wd%3D%26eqid%3D83ddf88c0002e139000000035ab8d40c&rx=0&eae=0&fc=528&brdim=0%2C0%2C0%2C0%2C1366%2C0%2C1366%2C728%2C1366%2C662&vis=1&rsz=%7C%7CenEr%7C&abl=CS&ppjl=u&pfx=0&fu=8200&bc=1&ifi=3&xpc=wR6H1evej6&p=http%3A//www.jb51.net&dtd=23
[INFO]2018-03-26 19:06:28:966 [127.0.0.1] request: http://googleads.g.doubleclick.net/pagead/ads?client=ca-pub-6384567588307613&output=html&h=250&slotname=2817964327&adk=4098554371&adf=456500327&w=300&lmt=1522062388&loeid=38893312%2C332260004&format=300x250&url=http%3A%2F%2Fwww.jb51.net%2Farticle%2F65461.htm&flash=0&avail_w=0&wgl=1&dt=1522062388688&bpp=23&bdt=908&fdt=224&idt=226&shv=r20180319&cbv=r20170110&saldr=aa&prev_fmts=700x175%2C300x250%2C300x250&correlator=7219649585033&frm=20&ga_vid=854845866.1522062388&ga_sid=1522062388&ga_hid=1375992534&ga_fc=0&pv=1&iag=3&icsg=2&nhd=1&dssz=3&mdo=0&mso=0&u_tz=480&u_his=1&u_java=0&u_h=768&u_w=1366&u_ah=728&u_aw=1366&u_cd=24&u_nplug=4&u_nmime=5&adx=900&ady=749&biw=1349&bih=662&abxe=1&scr_x=0&scr_y=0&eid=21060551%2C21060979%2C21061122%2C38893302%2C62710015%2C62710017%2C191880502%2C332260000%2C20040069%2C21060977&oid=3&ref=https%3A%2F%2Fwww.baidu.com%2Flink%3Furl%3DpldCQgJt5zdlU2YugLv5zDYY0OzTCti3_5n6P4s5a1lRWhggeuzNYZzy0abDp9HK%26wd%3D%26eqid%3D83ddf88c0002e139000000035ab8d40c&rr=1&rx=0&eae=0&fc=528&brdim=0%2C0%2C0%2C0%2C1366%2C0%2C1366%2C728%2C1366%2C662&vis=1&rsz=%7C%7CoeEbr%7C&abl=CS&ppjl=f&pfx=0&fu=8200&bc=1&ifi=2&xpc=jNarCovyJp&p=http%3A//www.jb51.net&dtd=242
[INFO]2018-03-26 19:06:28:977 [127.0.0.1] request: http://googleads.g.doubleclick.net/pagead/ads?client=ca-pub-6389290466807248&output=html&h=250&slotname=6788945816&adk=42694111&adf=1049069573&w=300&lmt=1522062388&loeid=38893312%2C332260004&format=300x250&url=http%3A%2F%2Fwww.jb51.net%2Farticle%2F65461.htm&flash=0&avail_w=0&wgl=1&dt=1522062388795&bpp=11&bdt=1016&fdt=141&idt=144&shv=r20180319&cbv=r20170110&saldr=aa&prev_fmts=700x175%2C300x250%2C300x250%2C300x250&correlator=7219649585033&frm=20&ga_vid=854845866.1522062388&ga_sid=1522062388&ga_hid=1375992534&ga_fc=0&pv=1&iag=3&icsg=2&nhd=1&dssz=3&mdo=0&mso=0&u_tz=480&u_his=1&u_java=0&u_h=768&u_w=1366&u_ah=728&u_aw=1366&u_cd=24&u_nplug=4&u_nmime=5&adx=900&ady=1395&biw=1349&bih=662&abxe=1&scr_x=0&scr_y=0&eid=21060551%2C21060979%2C21061122%2C38893302%2C62710015%2C62710017%2C191880502%2C332260000%2C20040069%2C21060977&oid=3&ref=https%3A%2F%2Fwww.baidu.com%2Flink%3Furl%3DpldCQgJt5zdlU2YugLv5zDYY0OzTCti3_5n6P4s5a1lRWhggeuzNYZzy0abDp9HK%26wd%3D%26eqid%3D83ddf88c0002e139000000035ab8d40c&rr=1&rx=0&eae=0&fc=528&brdim=0%2C0%2C0%2C0%2C1366%2C0%2C1366%2C728%2C1366%2C662&vis=1&rsz=%7C%7CoeEbr%7C&abl=CS&ppjl=u&pfx=0&fu=8200&bc=1&ifi=3&xpc=nQ2c5bIQKp&p=http%3A//www.jb51.net&dtd=160
[INFO]2018-03-26 19:08:04:971 [::1] request: http://localhost/reg
[INFO]2018-03-26 19:08:05:815 [::1] request: http://localhost/reg
[INFO]2018-03-26 19:08:06:141 [::1] request: http://localhost/reg
[INFO]2018-03-26 19:08:06:390 [::1] request: http://localhost/reg
[INFO]2018-03-26 19:08:06:600 [::1] request: http://localhost/reg
[INFO]2018-03-26 19:08:06:835 [::1] request: http://localhost/reg
[INFO]2018-03-26 19:08:15:133 [::1] request: http://localhost/reg/getcode
[INFO]2018-03-26 19:11:10:134 [::1] request: http://localhost/reg
[INFO]2018-03-26 19:11:13:685 [::1] request: http://localhost/reg/getcode
[INFO]2018-03-26 19:12:22:636 [::1] request: http://localhost/reg
[INFO]2018-03-26 19:12:26:634 [::1] request: http://localhost/reg/getcode
[INFO]2018-03-26 19:20:03:549 [127.0.0.1] request: http://googleads.g.doubleclick.net/pagead/ads?client=ca-pub-0676661022110159&output=html&h=250&slotname=4361612305&adk=306780833&adf=3279755396&w=250&loeid=38893312&format=250x250&url=e.firefoxchina.cn&ea=0&flash=29.0.0&wgl=1&dt=1522063202812&bpp=20&bdt=1108&fdt=116&idt=588&shv=r20180319&cbv=r20170110&saldr=aa&correlator=382715369647&frm=24&ga_vid=1935377666.1522063203&ga_sid=1522063203&ga_hid=1745205754&ga_fc=0&pv=2&icsg=2&nhd=2&dssz=3&mdo=0&mso=0&u_tz=480&u_his=1&u_java=0&u_h=768&u_w=1366&u_ah=728&u_aw=1366&u_cd=24&u_nplug=1&u_nmime=2&adx=0&ady=0&biw=-12245933&bih=-12245933&isw=250&ish=250&ifk=3114062544&scr_x=-12245933&scr_y=-12245933&eid=21060551%2C21061122%2C38893302%2C191880502%2C33895413%2C20040065%2C389613004&oid=3&loc=http%3A%2F%2Fhome.firefoxchina.cn%2F&rx=0&eae=2&brdim=%2C%2C-8%2C-8%2C1366%2C0%2C1382%2C744%2C250%2C250&vis=1&rsz=%7C%7CcE%7C&abl=NS&ppjl=u&pfx=0&fu=8200&bc=1&ifi=1&dtd=652
