[INFO]2018-04-06 11:21:25:720 [::1] request: http://localhost/
[INFO]2018-04-06 11:21:26:594 [::1] request: http://localhost/images/favicon.ico
[INFO]2018-04-06 11:21:28:827 [::1] request: http://localhost/reg
[INFO]2018-04-06 11:21:33:925 [::1] request: http://localhost/favicon.ico
[INFO]2018-04-06 11:21:33:977 [::1] request: http://localhost/favicon.ico
[INFO]2018-04-06 11:21:35:166 [::1] request: http://localhost/hz
[INFO]2018-04-06 11:21:35:207 [::1] request: http://localhost/login
[INFO]2018-04-06 11:24:18:252 [::1] request: http://localhost/hz
[INFO]2018-04-06 11:24:18:300 [::1] request: http://localhost/login
[INFO]2018-04-06 11:25:10:593 [::1] request: http://localhost/demo
[INFO]2018-04-06 12:23:39:107 [::1] request: http://localhost/
[INFO]2018-04-06 12:23:41:587 [::1] request: http://localhost/reg
[INFO]2018-04-06 12:23:46:174 [::1] request: http://localhost/hz
[INFO]2018-04-06 12:23:46:205 [::1] request: http://localhost/login
[INFO]2018-04-06 12:24:09:043 [::1] request: http://localhost/login
[INFO]2018-04-06 12:24:25:410 [::1] request: http://localhost/login
[INFO]2018-04-06 12:35:31:355 [::1] request: http://localhost/hz
[INFO]2018-04-06 12:35:31:402 [::1] request: http://localhost/login
[INFO]2018-04-06 13:06:30:883 [::1] request: http://localhost/login
[INFO]2018-04-06 13:06:35:704 [::1] request: http://localhost/
[INFO]2018-04-06 13:06:38:090 [::1] request: http://localhost/hz
[INFO]2018-04-06 13:06:38:122 [::1] request: http://localhost/login
[INFO]2018-04-06 13:07:43:451 [::1] request: http://localhost/login
[INFO]2018-04-06 13:09:30:814 [::1] request: http://localhost/login
[INFO]2018-04-06 13:09:31:703 [::1] request: http://localhost/login
[INFO]2018-04-06 13:09:32:109 [::1] request: http://localhost/login
[INFO]2018-04-06 13:09:36:820 [::1] request: http://localhost/login
[INFO]2018-04-06 13:10:33:248 [::1] request: http://localhost/login
[INFO]2018-04-06 13:10:39:706 [::1] request: http://localhost/login
[INFO]2018-04-06 13:10:44:620 [::1] request: http://localhost/login
[INFO]2018-04-06 13:10:44:948 [::1] request: http://localhost/login
[INFO]2018-04-06 13:10:45:182 [::1] request: http://localhost/login
[INFO]2018-04-06 13:11:06:351 [::1] request: http://localhost/login
[INFO]2018-04-06 13:12:14:136 [::1] request: http://localhost/login
[INFO]2018-04-06 13:12:28:801 [::1] request: http://localhost/login
[INFO]2018-04-06 13:13:24:152 [::1] request: http://localhost/login
[INFO]2018-04-06 13:13:47:365 [::1] request: http://localhost/login
[INFO]2018-04-06 13:17:41:007 [::1] request: http://localhost/login
[INFO]2018-04-06 13:17:53:394 [::1] request: http://localhost/login
[INFO]2018-04-06 13:18:34:392 [::1] request: http://localhost/login
[INFO]2018-04-06 13:19:52:540 [::1] request: http://localhost/login
[INFO]2018-04-06 13:19:56:408 [::1] request: http://localhost/login
[INFO]2018-04-06 13:19:56:767 [::1] request: http://localhost/login
[INFO]2018-04-06 13:19:56:830 [::1] request: http://localhost/login
[INFO]2018-04-06 13:19:57:220 [::1] request: http://localhost/login
[INFO]2018-04-06 13:19:57:594 [::1] request: http://localhost/login
[INFO]2018-04-06 13:19:57:953 [::1] request: http://localhost/login
[INFO]2018-04-06 13:19:58:046 [::1] request: http://localhost/login
[INFO]2018-04-06 13:20:02:524 [::1] request: http://localhost/login
[INFO]2018-04-06 13:21:57:469 [::1] request: http://localhost/login
[INFO]2018-04-06 13:22:02:273 [::1] request: http://localhost/login
[INFO]2018-04-06 13:22:12:130 [::1] request: http://localhost/
[INFO]2018-04-06 13:22:12:636 [::1] request: http://localhost/images/favicon.ico
[INFO]2018-04-06 13:22:14:551 [::1] request: http://localhost/hz
[INFO]2018-04-06 13:22:14:617 [::1] request: http://localhost/login
[INFO]2018-04-06 13:22:15:455 [::1] request: http://localhost/favicon.ico
[INFO]2018-04-06 13:22:18:657 [::1] request: http://localhost/login?
[INFO]2018-04-06 13:22:18:679 [::1] request: http://localhost/login/yz
[INFO]2018-04-06 13:22:18:783 [::1] request: http://localhost/favicon.ico
[INFO]2018-04-06 13:22:58:347 [::1] request: http://localhost/login
[INFO]2018-04-06 13:23:26:047 [::1] request: http://localhost/login
[INFO]2018-04-06 13:23:31:632 [::1] request: http://localhost/login
[INFO]2018-04-06 13:23:32:942 [::1] request: http://localhost/login
[INFO]2018-04-06 13:23:33:332 [::1] request: http://localhost/login
[INFO]2018-04-06 13:23:33:410 [::1] request: http://localhost/login
[INFO]2018-04-06 13:23:33:831 [::1] request: http://localhost/login
[INFO]2018-04-06 13:23:33:940 [::1] request: http://localhost/login
[INFO]2018-04-06 13:23:34:050 [::1] request: http://localhost/login
[INFO]2018-04-06 13:23:34:486 [::1] request: http://localhost/login
[INFO]2018-04-06 13:23:34:923 [::1] request: http://localhost/login
[INFO]2018-04-06 13:23:54:616 [::1] request: http://localhost/login
[INFO]2018-04-06 13:24:30:388 [::1] request: http://localhost/login
[INFO]2018-04-06 13:28:24:386 [::1] request: http://localhost/login
[INFO]2018-04-06 13:28:28:303 [::1] request: http://localhost/login
[INFO]2018-04-06 13:28:33:279 [::1] request: http://localhost/login/yz
[INFO]2018-04-06 13:29:22:293 [::1] request: http://localhost/login
[INFO]2018-04-06 13:29:39:656 [::1] request: http://localhost/login
[INFO]2018-04-06 13:29:40:139 [::1] request: http://localhost/login
[INFO]2018-04-06 13:29:40:217 [::1] request: http://localhost/login
[INFO]2018-04-06 13:29:46:114 [::1] request: http://localhost/login
[INFO]2018-04-06 13:35:33:401 [::1] request: http://localhost/login
[INFO]2018-04-06 13:35:33:900 [::1] request: http://localhost/login
[INFO]2018-04-06 13:35:34:337 [::1] request: http://localhost/login
[INFO]2018-04-06 13:35:45:553 [::1] request: http://localhost/login/yz?name=kk%40dk.com&tel=122
[INFO]2018-04-06 13:37:02:308 [::1] request: http://localhost/login
[INFO]2018-04-06 13:37:08:048 [::1] request: http://localhost/login/yz
[INFO]2018-04-06 13:39:29:314 [::1] request: http://localhost/login
[INFO]2018-04-06 13:40:47:784 [::1] request: http://localhost/login
[INFO]2018-04-06 13:40:48:236 [::1] request: http://localhost/login
[INFO]2018-04-06 13:40:52:932 [::1] request: http://localhost/login/yz
[INFO]2018-04-06 13:40:52:994 [::1] request: http://localhost/login
[INFO]2018-04-06 13:42:54:742 [::1] request: http://localhost/login/yz
[INFO]2018-04-06 13:42:54:789 [::1] request: http://localhost/login
[INFO]2018-04-06 13:44:51:887 [::1] request: http://localhost/login
[INFO]2018-04-06 13:44:57:862 [::1] request: http://localhost/login
[INFO]2018-04-06 13:57:15:367 [::1] request: http://localhost/login
[INFO]2018-04-06 13:57:22:404 [::1] request: http://localhost/login?name=kk%40dk.com&tel=j
[INFO]2018-04-06 14:00:02:090 [::1] request: http://localhost/login?name=kk%40dk.com&tel=k
[INFO]2018-04-06 14:00:24:572 [::1] request: http://localhost/login?name=kk%40dk.com&tel=k
[INFO]2018-04-06 14:00:35:305 [::1] request: http://localhost/login?name=kk%40dk.com&tel=j
[INFO]2018-04-06 14:00:52:590 [::1] request: http://localhost/login?name=kk%40dk.com&tel=j
[INFO]2018-04-06 14:01:01:139 [::1] request: http://localhost/login?name=kk%40dk.com&tel=jj
[INFO]2018-04-06 14:08:12:349 [::1] request: http://localhost/login?name=kk%40dk.com&tel=jj
[INFO]2018-04-06 14:08:18:691 [::1] request: http://localhost/login?name=kk%40dk.com&tel=k
[INFO]2018-04-06 14:12:34:923 [::1] request: http://localhost/login?
[INFO]2018-04-06 14:12:35:062 [::1] request: http://localhost/favicon.ico
[INFO]2018-04-06 14:12:35:784 [::1] request: http://localhost/login?
[INFO]2018-04-06 14:12:35:923 [::1] request: http://localhost/favicon.ico
[INFO]2018-04-06 14:12:36:031 [::1] request: http://localhost/login?
[INFO]2018-04-06 14:12:36:115 [::1] request: http://localhost/favicon.ico
[INFO]2018-04-06 14:12:36:199 [::1] request: http://localhost/login?
[INFO]2018-04-06 14:12:36:283 [::1] request: http://localhost/favicon.ico
[INFO]2018-04-06 14:12:52:877 [::1] request: http://localhost/login/yz
[INFO]2018-04-06 14:12:52:882 [::1] request: http://localhost/login?name=kz3%40k.ccom&tel=lll
[INFO]2018-04-06 14:12:59:735 [::1] request: http://localhost/favicon.ico
[INFO]2018-04-06 14:13:42:934 [::1] request: http://localhost/login/yz
[INFO]2018-04-06 14:13:42:947 [::1] request: http://localhost/login?name=kz3%40k.ccom&tel=jk
[INFO]2018-04-06 14:13:45:379 [::1] request: http://localhost/favicon.ico
[INFO]2018-04-06 14:13:47:198 [::1] request: http://localhost/login?name=kz3%40k.ccom&tel=jk
[INFO]2018-04-06 14:13:47:281 [::1] request: http://localhost/favicon.ico
[INFO]2018-04-06 14:13:47:459 [::1] request: http://localhost/login?name=kz3%40k.ccom&tel=jk
[INFO]2018-04-06 14:13:47:539 [::1] request: http://localhost/favicon.ico
[INFO]2018-04-06 14:13:47:569 [::1] request: http://localhost/login?name=kz3%40k.ccom&tel=jk
[INFO]2018-04-06 14:13:47:663 [::1] request: http://localhost/favicon.ico
[INFO]2018-04-06 14:13:47:710 [::1] request: http://localhost/login?name=kz3%40k.ccom&tel=jk
[INFO]2018-04-06 14:13:47:798 [::1] request: http://localhost/favicon.ico
[INFO]2018-04-06 14:13:47:845 [::1] request: http://localhost/login?name=kz3%40k.ccom&tel=jk
[INFO]2018-04-06 14:13:47:931 [::1] request: http://localhost/favicon.ico
[INFO]2018-04-06 14:13:53:566 [::1] request: http://localhost/login/yz
[INFO]2018-04-06 14:13:53:576 [::1] request: http://localhost/login?name=kz3%40k.ccom&tel=k
[INFO]2018-04-06 14:13:56:493 [::1] request: http://localhost/favicon.ico
[INFO]2018-04-06 14:14:03:178 [::1] request: http://localhost/login?name=kk%40dk.com&tel=k
[INFO]2018-04-06 14:14:12:205 [::1] request: http://localhost/login?name=kk%40dk.com&tel=4
[INFO]2018-04-06 14:15:11:009 [::1] request: http://localhost/
[INFO]2018-04-06 14:15:11:508 [::1] request: http://localhost/images/favicon.ico
[INFO]2018-04-06 14:15:13:339 [::1] request: http://localhost/hz
[INFO]2018-04-06 14:15:13:371 [::1] request: http://localhost/login
[INFO]2018-04-06 14:15:28:152 [::1] request: http://localhost/login/yz
[INFO]2018-04-06 14:15:28:183 [::1] request: http://localhost/login?name=jk@jl.com&tel=123
[INFO]2018-04-06 14:15:41:970 [::1] request: http://localhost/login?name=kk%40dk.com&tel=4
[INFO]2018-04-06 14:18:32:832 [::1] request: http://localhost/login?name=kk%40dk.com&tel=4
[INFO]2018-04-06 14:18:40:773 [::1] request: http://localhost/login?name=kk%40dk.com&tel=k
[INFO]2018-04-06 14:18:52:395 [::1] request: http://localhost/login?name=jk@jl.com&tel=123
[INFO]2018-04-06 14:18:55:109 [::1] request: http://localhost/login?name=jk@jl.com&tel=123
[INFO]2018-04-06 14:18:57:075 [::1] request: http://localhost/login?name=jk@jl.com&tel=123
[INFO]2018-04-06 14:19:01:178 [::1] request: http://localhost/login?name=jk@jl.com&tel=123
[INFO]2018-04-06 14:19:21:415 [::1] request: http://localhost/login/yz
[INFO]2018-04-06 14:19:21:431 [::1] request: http://localhost/login?name=k@jhk.com&tel=kkk
[INFO]2018-04-06 14:21:55:238 [::1] request: http://localhost/login?name=kk%40dk.com&tel=k
[INFO]2018-04-06 14:22:03:911 [::1] request: http://localhost/login?name=kk%40dk.com&tel=777
[INFO]2018-04-06 14:25:49:446 [::1] request: http://localhost/login?name=kk%40dk.com&tel=777
[INFO]2018-04-06 14:25:50:678 [::1] request: http://localhost/login?name=kk%40dk.com&tel=777
[INFO]2018-04-06 14:25:59:601 [::1] request: http://localhost/login/yz
[INFO]2018-04-06 16:28:38:106 [::1] request: http://localhost/login?name=k@jhk.com&tel=kkk
[INFO]2018-04-06 16:29:34:841 [::1] request: http://localhost/
[INFO]2018-04-06 16:29:35:228 [::1] request: http://localhost/images/favicon.ico
[INFO]2018-04-06 16:30:51:968 [::1] request: http://localhost/
[INFO]2018-04-06 16:30:53:294 [::1] request: http://localhost/images/favicon.ico
[INFO]2018-04-06 16:32:42:187 [::1] request: http://localhost/hz
[INFO]2018-04-06 16:32:42:240 [::1] request: http://localhost/login
[INFO]2018-04-06 16:32:42:860 [::1] request: http://localhost/favicon.ico
[INFO]2018-04-06 16:32:42:862 [::1] request: http://localhost/favicon.ico
[INFO]2018-04-06 16:33:03:257 [::1] request: http://localhost/login/yz
[INFO]2018-04-06 16:33:12:680 [::1] request: http://localhost/login/yz
[INFO]2018-04-06 16:36:05:330 [::1] request: http://localhost/login
[INFO]2018-04-06 16:36:26:987 [::1] request: http://localhost/login/yz
[INFO]2018-04-06 16:36:41:552 [::1] request: http://localhost/login/yz
[INFO]2018-04-06 16:36:57:138 [::1] request: http://localhost/login/yz
[INFO]2018-04-06 16:37:03:676 [::1] request: http://localhost/login/yz
[INFO]2018-04-06 16:38:39:025 [::1] request: http://localhost/login/yz
[INFO]2018-04-06 16:38:54:388 [::1] request: http://localhost/login/yz
[INFO]2018-04-06 16:39:05:291 [::1] request: http://localhost/login/yz
[INFO]2018-04-06 16:44:43:086 [::1] request: http://localhost/login/yz
[INFO]2018-04-06 16:45:31:301 [::1] request: http://localhost/
[INFO]2018-04-06 16:45:34:677 [::1] request: http://localhost/hz
[INFO]2018-04-06 16:45:34:725 [::1] request: http://localhost/login
[INFO]2018-04-06 16:45:47:254 [::1] request: http://localhost/login/yz
[INFO]2018-04-06 16:45:47:299 [::1] request: http://localhost/login
[INFO]2018-04-06 16:47:02:173 [::1] request: http://localhost/login/yz
[INFO]2018-04-06 16:47:51:464 [::1] request: http://localhost/
[INFO]2018-04-06 16:47:54:797 [::1] request: http://localhost/hz
[INFO]2018-04-06 16:47:54:842 [::1] request: http://localhost/login
[INFO]2018-04-06 16:48:30:780 [::1] request: http://localhost/login/yz
[INFO]2018-04-06 16:58:23:978 [::1] request: http://localhost/
[INFO]2018-04-06 16:58:29:524 [::1] request: http://localhost/demo
[INFO]2018-04-06 17:04:19:959 [::1] request: http://localhost/
[INFO]2018-04-06 17:04:23:168 [::1] request: http://localhost/hz
[INFO]2018-04-06 17:04:23:220 [::1] request: http://localhost/login
[INFO]2018-04-06 17:05:35:012 [::1] request: http://localhost/login
[INFO]2018-04-06 17:05:47:624 [::1] request: http://localhost/login/yz
[INFO]2018-04-06 17:05:47:670 [::1] request: http://localhost/
[INFO]2018-04-06 17:05:53:939 [::1] request: http://localhost/login/yz
[INFO]2018-04-06 17:05:53:979 [::1] request: http://localhost/
[INFO]2018-04-06 17:06:53:400 [::1] request: http://localhost/login
[INFO]2018-04-06 17:06:57:228 [::1] request: http://localhost/login/yz
[INFO]2018-04-06 17:06:57:270 [::1] request: http://localhost/
[INFO]2018-04-06 17:07:08:619 [::1] request: http://localhost/login/yz
[INFO]2018-04-06 17:07:08:663 [::1] request: http://localhost/
[INFO]2018-04-06 17:07:31:896 [::1] request: http://localhost/login/yz
[INFO]2018-04-06 17:07:38:512 [::1] request: http://localhost/login/yz
[INFO]2018-04-06 17:07:38:552 [::1] request: http://localhost/
[INFO]2018-04-06 17:07:59:516 [::1] request: http://localhost/hz
[INFO]2018-04-06 17:07:59:633 [::1] request: http://localhost/login
[INFO]2018-04-06 17:09:50:935 [::1] request: http://localhost/
[INFO]2018-04-06 17:10:05:835 [::1] request: http://localhost/hz
[INFO]2018-04-06 17:10:05:884 [::1] request: http://localhost/login
[INFO]2018-04-06 17:10:20:815 [::1] request: http://localhost/login/yz
[INFO]2018-04-06 17:10:20:863 [::1] request: http://localhost/
[INFO]2018-04-06 17:12:05:624 [::1] request: http://localhost/login
[INFO]2018-04-06 17:12:19:134 [::1] request: http://localhost/login/yz
[INFO]2018-04-06 17:12:19:184 [::1] request: http://localhost/
[INFO]2018-04-06 17:12:24:451 [::1] request: http://localhost/login/yz
[INFO]2018-04-06 17:12:24:490 [::1] request: http://localhost/
[INFO]2018-04-06 17:12:25:844 [::1] request: http://localhost/login/yz
[INFO]2018-04-06 17:12:25:885 [::1] request: http://localhost/
[INFO]2018-04-06 17:13:31:517 [::1] request: http://localhost/login
[INFO]2018-04-06 17:13:45:040 [::1] request: http://localhost/login/yz
[INFO]2018-04-06 17:20:51:436 [::1] request: http://localhost/login
[INFO]2018-04-06 17:21:09:006 [::1] request: http://localhost/
[INFO]2018-04-06 17:21:11:606 [::1] request: http://localhost/hz
[INFO]2018-04-06 17:21:11:649 [::1] request: http://localhost/login
[INFO]2018-04-06 17:24:26:654 [::1] request: http://localhost/
[INFO]2018-04-06 17:24:29:315 [::1] request: http://localhost/hz
[INFO]2018-04-06 17:24:29:425 [::1] request: http://localhost/login
[INFO]2018-04-06 17:25:40:993 [::1] request: http://localhost/
[INFO]2018-04-06 17:25:42:175 [::1] request: http://localhost/hz
[INFO]2018-04-06 17:25:42:225 [::1] request: http://localhost/login
[INFO]2018-04-06 17:27:07:648 [::1] request: http://localhost/login
[INFO]2018-04-06 17:27:18:949 [::1] request: http://localhost/
[INFO]2018-04-06 17:27:22:993 [::1] request: http://localhost/hz
[INFO]2018-04-06 17:27:23:031 [::1] request: http://localhost/login
[INFO]2018-04-06 17:28:10:955 [::1] request: http://localhost/
[INFO]2018-04-06 17:28:13:870 [::1] request: http://localhost/hz
[INFO]2018-04-06 17:28:13:911 [::1] request: http://localhost/login
[INFO]2018-04-06 17:28:35:954 [::1] request: http://localhost/login/yz
[INFO]2018-04-06 17:28:36:060 [::1] request: http://localhost/hz
[INFO]2018-04-06 17:28:36:151 [::1] request: http://localhost/login
[INFO]2018-04-06 17:44:58:475 [::1] request: http://localhost/
[INFO]2018-04-06 17:45:00:793 [::1] request: http://localhost/reg
[INFO]2018-04-06 17:45:08:982 [::1] request: http://localhost/reg/adduser?name=lll&A=&company=&title=&mobile=&yzm=&email=
[INFO]2018-04-06 17:45:09:084 [::1] request: http://localhost/regok
[INFO]2018-04-06 17:45:12:010 [::1] request: http://localhost/hz
[INFO]2018-04-06 21:38:46:257 [::1] request: http://localhost/
[INFO]2018-04-06 21:38:46:771 [::1] request: http://localhost/images/favicon.ico
[INFO]2018-04-06 21:38:48:539 [::1] request: http://localhost/hz
[INFO]2018-04-06 21:38:48:604 [::1] request: http://localhost/login
[INFO]2018-04-06 21:38:49:293 [::1] request: http://localhost/favicon.ico
[INFO]2018-04-06 21:39:07:753 [::1] request: http://localhost/login/yz
[INFO]2018-04-06 21:39:07:849 [::1] request: http://localhost/hz
[INFO]2018-04-06 21:39:07:877 [::1] request: http://localhost/login
[INFO]2018-04-06 21:39:07:979 [::1] request: http://localhost/favicon.ico
[INFO]2018-04-06 21:39:40:919 [::1] request: http://localhost/login/yz
[INFO]2018-04-06 21:39:40:956 [::1] request: http://localhost/hz
[INFO]2018-04-06 21:39:41:004 [::1] request: http://localhost/login
[INFO]2018-04-06 21:39:41:197 [::1] request: http://localhost/favicon.ico
[INFO]2018-04-06 21:41:52:665 [::1] request: http://localhost/login/yz
[INFO]2018-04-06 21:41:52:716 [::1] request: http://localhost/
[INFO]2018-04-06 21:42:12:936 [::1] request: http://localhost/login/yz
[INFO]2018-04-06 21:42:12:971 [::1] request: http://localhost/
[INFO]2018-04-06 21:42:14:167 [::1] request: http://localhost/login/yz
[INFO]2018-04-06 21:42:14:196 [::1] request: http://localhost/
[INFO]2018-04-06 21:42:16:239 [::1] request: http://localhost/login
[INFO]2018-04-06 21:42:16:463 [::1] request: http://localhost/favicon.ico
[INFO]2018-04-06 21:42:24:618 [::1] request: http://localhost/login
[INFO]2018-04-06 21:42:24:837 [::1] request: http://localhost/favicon.ico
[INFO]2018-04-06 21:42:34:337 [::1] request: http://localhost/login/yz
[INFO]2018-04-06 21:42:34:377 [::1] request: http://localhost/
[INFO]2018-04-06 21:43:17:689 [::1] request: http://localhost/
[INFO]2018-04-06 21:43:19:225 [::1] request: http://localhost/images/favicon.ico
[INFO]2018-04-06 21:43:20:633 [::1] request: http://localhost/hz
[INFO]2018-04-06 21:43:21:483 [::1] request: http://localhost/login
[INFO]2018-04-06 21:43:22:595 [::1] request: http://localhost/favicon.ico
[INFO]2018-04-06 21:43:31:632 [::1] request: http://localhost/login/yz
[INFO]2018-04-06 21:43:31:689 [::1] request: http://localhost/
[INFO]2018-04-06 21:43:42:277 [::1] request: http://localhost/login/yz
[INFO]2018-04-06 21:43:42:326 [::1] request: http://localhost/
[INFO]2018-04-06 21:46:00:268 [::1] request: http://localhost/login
[INFO]2018-04-06 21:46:18:692 [::1] request: http://localhost/
[INFO]2018-04-06 21:46:28:028 [::1] request: http://localhost/login
[INFO]2018-04-06 21:47:08:419 [::1] request: http://localhost/hz
[INFO]2018-04-06 21:47:08:457 [::1] request: http://localhost/login
[INFO]2018-04-06 21:47:18:228 [::1] request: http://localhost/
[INFO]2018-04-06 21:47:22:793 [::1] request: http://localhost/reg
[INFO]2018-04-06 21:49:45:616 [::1] request: http://localhost/hz
[INFO]2018-04-06 21:49:45:666 [::1] request: http://localhost/login
[INFO]2018-04-06 21:49:55:700 [::1] request: http://localhost/login/yz
[INFO]2018-04-06 21:49:55:774 [::1] request: http://localhost/hz
[INFO]2018-04-06 21:49:55:812 [::1] request: http://localhost/login
[INFO]2018-04-06 21:50:10:508 [::1] request: http://localhost/login/yz
[INFO]2018-04-06 21:50:10:624 [::1] request: http://localhost/hz
[INFO]2018-04-06 21:50:10:765 [::1] request: http://localhost/login
[INFO]2018-04-06 21:51:54:434 [::1] request: http://localhost/login
[INFO]2018-04-06 21:51:55:030 [::1] request: http://localhost/login
[INFO]2018-04-06 21:51:55:275 [::1] request: http://localhost/login
[INFO]2018-04-06 21:52:09:976 [::1] request: http://localhost/login/yz
[INFO]2018-04-06 21:52:16:982 [::1] request: http://localhost/hz
[INFO]2018-04-06 21:52:17:035 [::1] request: http://localhost/login
[INFO]2018-04-06 21:56:05:923 [::1] request: http://localhost/login
[INFO]2018-04-06 21:56:25:688 [::1] request: http://localhost/login/yz
[INFO]2018-04-06 21:56:31:710 [::1] request: http://localhost/hz
[INFO]2018-04-06 21:59:38:214 [::1] request: http://localhost/demo
[INFO]2018-04-06 22:01:33:721 [::1] request: http://localhost/
[INFO]2018-04-06 22:01:36:373 [::1] request: http://localhost/hz
[INFO]2018-04-06 22:02:38:728 [::1] request: http://localhost/hz
[INFO]2018-04-06 22:02:47:932 [::1] request: http://localhost/hz
[INFO]2018-04-06 22:09:31:852 [::1] request: http://localhost/hz
[INFO]2018-04-06 22:10:03:178 [::1] request: http://localhost/hz
[INFO]2018-04-06 22:10:21:384 [::1] request: http://localhost/hz
[INFO]2018-04-06 22:47:29:600 [::1] request: http://localhost/hz
[INFO]2018-04-06 22:48:16:355 [::1] request: http://localhost/hz/renew
[INFO]2018-04-06 22:48:19:475 [::1] request: http://localhost/hz/renew
[INFO]2018-04-06 22:48:19:943 [::1] request: http://localhost/hz/renew
[INFO]2018-04-06 22:48:20:224 [::1] request: http://localhost/hz/renew
[INFO]2018-04-06 22:48:20:505 [::1] request: http://localhost/hz/renew
[INFO]2018-04-06 22:48:20:755 [::1] request: http://localhost/hz/renew
[INFO]2018-04-06 22:48:20:973 [::1] request: http://localhost/hz/renew
[INFO]2018-04-06 22:48:21:254 [::1] request: http://localhost/hz/renew
[INFO]2018-04-06 22:48:21:457 [::1] request: http://localhost/hz/renew
[INFO]2018-04-06 22:48:22:174 [::1] request: http://localhost/hz
[INFO]2018-04-06 22:48:24:453 [::1] request: http://localhost/hz/renew
[INFO]2018-04-06 22:48:25:115 [::1] request: http://localhost/hz/renew
[INFO]2018-04-06 22:48:25:516 [::1] request: http://localhost/hz/renew
[INFO]2018-04-06 22:48:25:900 [::1] request: http://localhost/hz/renew
[INFO]2018-04-06 22:48:26:184 [::1] request: http://localhost/hz/renew
[INFO]2018-04-06 22:48:26:501 [::1] request: http://localhost/hz/renew
[INFO]2018-04-06 22:50:28:379 [::1] request: http://localhost/hz
[INFO]2018-04-06 22:51:06:492 [::1] request: http://localhost/hz
[INFO]2018-04-06 22:51:07:600 [::1] request: http://localhost/hz
[INFO]2018-04-06 22:52:57:849 [::1] request: http://localhost/hz
[INFO]2018-04-06 22:55:19:834 [::1] request: http://localhost/hz
[INFO]2018-04-06 22:55:29:363 [::1] request: http://localhost/hz/renew
[INFO]2018-04-06 22:55:46:726 [::1] request: http://localhost/
[INFO]2018-04-06 22:55:50:049 [::1] request: http://localhost/reg
[INFO]2018-04-06 22:55:55:774 [::1] request: http://localhost/hz
[INFO]2018-04-06 22:56:45:962 [::1] request: http://localhost/hz/renew
[INFO]2018-04-06 22:57:55:665 [::1] request: http://localhost/hz/renew
[INFO]2018-04-06 23:21:00:238 [::1] request: http://localhost/
[INFO]2018-04-06 23:21:02:984 [::1] request: http://localhost/reg
[INFO]2018-04-06 23:21:40:722 [::1] request: http://localhost/reg/adduser?name=sdb&A=%E7%94%B7&company=gzdw&title=zw&mobile=13061454479&yzm=&email=youxiang%40youxiang.com&B%5B%5D=1&B%5B%5D=2&B%5B%5D=3
[INFO]2018-04-06 23:21:40:816 [::1] request: http://localhost/regok
[INFO]2018-04-06 23:21:44:170 [::1] request: http://localhost/hz
[INFO]2018-04-06 23:22:32:064 [::1] request: http://localhost/hz/renew
[INFO]2018-04-06 23:22:46:634 [::1] request: http://localhost/hz/renew
[INFO]2018-04-06 23:25:45:651 [::1] request: http://localhost/hz/renew
[INFO]2018-04-06 23:25:47:663 [::1] request: http://localhost/
[INFO]2018-04-06 23:36:00:400 [::1] request: http://localhost/hz
[INFO]2018-04-06 23:39:29:900 [::1] request: http://localhost/hz
[INFO]2018-04-06 23:40:22:592 [::1] request: http://localhost/hz/renew
[INFO]2018-04-06 23:40:23:996 [::1] request: http://localhost/
[INFO]2018-04-06 23:43:48:946 [::1] request: http://localhost/hz
