[INFO]2018-04-02 15:40:08:988 [::1] request: http://localhost/
[INFO]2018-04-02 15:40:10:002 [::1] request: http://localhost/images/favicon.ico
[INFO]2018-04-02 15:40:11:791 [::1] request: http://localhost/reg
[INFO]2018-04-02 15:45:23:690 [::1] request: http://localhost/hz
[INFO]2018-04-02 15:45:23:764 [::1] request: http://localhost/reg
[INFO]2018-04-02 15:45:24:511 [::1] request: http://localhost/favicon.ico
[INFO]2018-04-02 15:45:24:535 [::1] request: http://localhost/favicon.ico
[INFO]2018-04-02 15:56:27:884 [::1] request: http://localhost/reg
[INFO]2018-04-02 15:56:55:145 [::1] request: http://localhost/
[INFO]2018-04-02 15:57:43:262 [::1] request: http://localhost/
[INFO]2018-04-02 15:57:46:786 [::1] request: http://localhost/hz
[INFO]2018-04-02 15:57:46:822 [::1] request: http://localhost/login
[INFO]2018-04-02 15:57:54:321 [::1] request: http://localhost/reg
[INFO]2018-04-02 15:58:03:460 [::1] request: http://localhost/reg/adduser?name=name&A=&company=&title=&mobile=&yzm=&email=&B%5B%5D=2
[INFO]2018-04-02 15:58:03:615 [::1] request: http://localhost/regok
[INFO]2018-04-02 15:58:08:609 [::1] request: http://localhost/hz
[INFO]2018-04-02 15:58:27:538 [::1] request: http://localhost/hzs.php
[INFO]2018-04-02 15:58:31:631 [::1] request: http://localhost/hz
[INFO]2018-04-02 15:58:41:088 [::1] request: http://localhost/hz
[INFO]2018-04-02 15:58:44:552 [::1] request: http://localhost/
[INFO]2018-04-02 15:58:46:318 [::1] request: http://localhost/hz
[INFO]2018-04-02 16:00:05:723 [::1] request: http://localhost/hz
[INFO]2018-04-02 16:01:39:285 [::1] request: http://localhost/hz
[INFO]2018-04-02 16:03:29:115 [::1] request: http://localhost/
[INFO]2018-04-02 16:03:34:372 [::1] request: http://localhost/demo
[INFO]2018-04-02 16:06:15:166 [::1] request: http://localhost/hz
[INFO]2018-04-02 16:06:17:740 [::1] request: http://localhost/hz
[INFO]2018-04-02 16:06:18:021 [::1] request: http://localhost/hz
[INFO]2018-04-02 16:06:18:286 [::1] request: http://localhost/hz
[INFO]2018-04-02 16:06:18:613 [::1] request: http://localhost/hz
[INFO]2018-04-02 16:06:18:910 [::1] request: http://localhost/hz
[INFO]2018-04-02 16:06:18:988 [::1] request: http://localhost/hz
[INFO]2018-04-02 16:07:48:251 [::1] request: http://localhost/hz
[INFO]2018-04-02 16:07:59:109 [::1] request: http://localhost/hz
[INFO]2018-04-02 16:08:27:969 [::1] request: http://localhost/hz
[INFO]2018-04-02 16:09:45:614 [::1] request: http://localhost/hz
[INFO]2018-04-02 16:10:05:534 [::1] request: http://localhost/
[INFO]2018-04-02 16:10:07:328 [::1] request: http://localhost/reg
[INFO]2018-04-02 16:10:14:411 [::1] request: http://localhost/reg/adduser?name=%E5%A4%A7%E6%B3%A2%E6%B3%A2&A=&company=&title=&mobile=&yzm=&email=
[INFO]2018-04-02 16:10:14:504 [::1] request: http://localhost/regok
[INFO]2018-04-02 16:10:16:704 [::1] request: http://localhost/hz
[INFO]2018-04-02 16:10:58:392 [::1] request: http://localhost/hz
[INFO]2018-04-02 17:41:28:162 [::1] request: http://localhost/login
[INFO]2018-04-02 17:42:21:242 [::1] request: http://localhost/login
[INFO]2018-04-02 17:42:26:109 [::1] request: http://localhost/reg
[INFO]2018-04-02 17:42:33:291 [::1] request: http://localhost/
[INFO]2018-04-02 17:42:35:850 [::1] request: http://localhost/hz
[INFO]2018-04-02 17:42:39:484 [::1] request: http://localhost/reg
[INFO]2018-04-02 17:42:44:055 [::1] request: http://localhost/
[INFO]2018-04-02 17:42:49:673 [::1] request: http://localhost/jf
[INFO]2018-04-02 17:45:01:856 [::1] request: http://localhost/reg
[INFO]2018-04-02 17:45:10:298 [::1] request: http://localhost/reg%E3%80%91
[INFO]2018-04-02 17:45:14:354 [::1] request: http://localhost/
[INFO]2018-04-02 17:45:17:271 [::1] request: http://localhost/hz
[INFO]2018-04-02 17:54:27:140 [::1] request: http://localhost/
[INFO]2018-04-02 17:54:29:419 [::1] request: http://localhost/hz
[INFO]2018-04-02 17:54:34:100 [::1] request: http://localhost/login
[INFO]2018-04-02 17:57:53:162 [::1] request: http://localhost/login
[INFO]2018-04-02 17:58:07:610 [::1] request: http://localhost/
[INFO]2018-04-02 17:58:08:233 [::1] request: http://localhost/images/favicon.ico
[INFO]2018-04-02 17:58:09:640 [::1] request: http://localhost/hz
[INFO]2018-04-02 17:58:09:681 [::1] request: http://localhost/login
[INFO]2018-04-02 17:58:11:924 [::1] request: http://localhost/login
[INFO]2018-04-02 17:58:12:632 [::1] request: http://localhost/login
[INFO]2018-04-02 17:58:12:899 [::1] request: http://localhost/login
[INFO]2018-04-02 17:58:13:116 [::1] request: http://localhost/login
[INFO]2018-04-02 18:00:06:585 [::1] request: http://localhost/login
[INFO]2018-04-02 18:00:06:649 [::1] request: http://localhost/webroot/static/bootstrap/css/bootstrap.css
[INFO]2018-04-02 18:00:06:730 [::1] request: http://localhost/favicon.ico
[INFO]2018-04-02 18:02:17:325 [::1] request: http://localhost/login
[INFO]2018-04-02 18:02:17:377 [::1] request: http://localhost/webroot/static/bootstrap/css/bootstrap.css
[INFO]2018-04-02 18:02:17:390 [::1] request: http://localhost/webroot/static/css/login.css
[INFO]2018-04-02 18:02:18:986 [::1] request: http://localhost/favicon.ico
[INFO]2018-04-02 18:02:19:990 [::1] request: http://localhost/login
[INFO]2018-04-02 18:02:20:042 [::1] request: http://localhost/webroot/static/css/login.css
[INFO]2018-04-02 18:02:20:043 [::1] request: http://localhost/webroot/static/bootstrap/css/bootstrap.css
[INFO]2018-04-02 18:02:20:069 [::1] request: http://localhost/favicon.ico
[INFO]2018-04-02 18:03:46:697 [::1] request: http://localhost/login
[INFO]2018-04-02 18:03:46:743 [::1] request: http://localhost/webroot/static/bootstrap/css/bootstrap.css
[INFO]2018-04-02 18:03:46:760 [::1] request: http://localhost/webroot/static/css/login.css
[INFO]2018-04-02 18:03:46:784 [::1] request: http://localhost/favicon.ico
[INFO]2018-04-02 18:03:47:727 [::1] request: http://localhost/login
[INFO]2018-04-02 18:03:47:770 [::1] request: http://localhost/webroot/static/bootstrap/css/bootstrap.css
[INFO]2018-04-02 18:03:47:782 [::1] request: http://localhost/webroot/static/css/login.css
[INFO]2018-04-02 18:03:47:805 [::1] request: http://localhost/favicon.ico
[INFO]2018-04-02 18:03:47:995 [::1] request: http://localhost/login
[INFO]2018-04-02 18:03:48:041 [::1] request: http://localhost/webroot/static/css/login.css
[INFO]2018-04-02 18:03:48:042 [::1] request: http://localhost/webroot/static/bootstrap/css/bootstrap.css
[INFO]2018-04-02 18:03:48:063 [::1] request: http://localhost/favicon.ico
[INFO]2018-04-02 18:03:48:222 [::1] request: http://localhost/login
[INFO]2018-04-02 18:03:48:266 [::1] request: http://localhost/webroot/static/bootstrap/css/bootstrap.css
[INFO]2018-04-02 18:03:48:266 [::1] request: http://localhost/webroot/static/css/login.css
[INFO]2018-04-02 18:03:48:289 [::1] request: http://localhost/favicon.ico
[INFO]2018-04-02 18:03:48:431 [::1] request: http://localhost/login
[INFO]2018-04-02 18:03:48:476 [::1] request: http://localhost/webroot/static/bootstrap/css/bootstrap.css
[INFO]2018-04-02 18:03:48:483 [::1] request: http://localhost/webroot/static/css/login.css
[INFO]2018-04-02 18:03:48:504 [::1] request: http://localhost/favicon.ico
[INFO]2018-04-02 18:04:04:495 [::1] request: http://localhost/login?
[INFO]2018-04-02 18:04:04:551 [::1] request: http://localhost/webroot/static/bootstrap/css/bootstrap.css
[INFO]2018-04-02 18:04:04:563 [::1] request: http://localhost/webroot/static/css/login.css
[INFO]2018-04-02 18:04:04:597 [::1] request: http://localhost/favicon.ico
[INFO]2018-04-02 18:04:23:284 [::1] request: http://localhost/login?
[INFO]2018-04-02 18:04:23:346 [::1] request: http://localhost/webroot/static/bootstrap/css/bootstrap.css
[INFO]2018-04-02 18:04:23:355 [::1] request: http://localhost/webroot/static/css/login.css
[INFO]2018-04-02 18:04:23:396 [::1] request: http://localhost/favicon.ico
[INFO]2018-04-02 18:05:04:833 [::1] request: http://localhost/login
[INFO]2018-04-02 18:05:05:847 [::1] request: http://localhost/login
[INFO]2018-04-02 18:05:10:724 [::1] request: http://localhost/login?
[INFO]2018-04-02 18:05:10:774 [::1] request: http://localhost/webroot/static/bootstrap/css/bootstrap.css
[INFO]2018-04-02 18:05:10:775 [::1] request: http://localhost/webroot/static/css/login.css
[INFO]2018-04-02 18:05:10:808 [::1] request: http://localhost/favicon.ico
[INFO]2018-04-02 18:05:13:443 [::1] request: http://localhost/login
[INFO]2018-04-02 18:05:13:505 [::1] request: http://localhost/webroot/static/css/login.css
[INFO]2018-04-02 18:05:13:507 [::1] request: http://localhost/webroot/static/bootstrap/css/bootstrap.css
[INFO]2018-04-02 18:05:13:531 [::1] request: http://localhost/favicon.ico
[INFO]2018-04-02 18:05:31:682 [::1] request: http://localhost/login?
[INFO]2018-04-02 18:05:31:736 [::1] request: http://localhost/webroot/static/bootstrap/css/bootstrap.css
[INFO]2018-04-02 18:05:31:742 [::1] request: http://localhost/webroot/static/css/login.css
[INFO]2018-04-02 18:05:31:788 [::1] request: http://localhost/favicon.ico
[INFO]2018-04-02 18:05:45:312 [::1] request: http://localhost/login
[INFO]2018-04-02 18:05:45:371 [::1] request: http://localhost/favicon.ico
[INFO]2018-04-02 18:05:45:950 [::1] request: http://localhost/login?
[INFO]2018-04-02 18:05:46:008 [::1] request: http://localhost/favicon.ico
[INFO]2018-04-02 18:05:46:455 [::1] request: http://localhost/login
[INFO]2018-04-02 18:05:46:516 [::1] request: http://localhost/favicon.ico
[INFO]2018-04-02 18:05:59:183 [::1] request: http://localhost/hz
[INFO]2018-04-02 18:05:59:236 [::1] request: http://localhost/login
[INFO]2018-04-02 18:05:59:285 [::1] request: http://localhost/webroot/static/bootstrap/css/bootstrap.css
[INFO]2018-04-02 18:05:59:288 [::1] request: http://localhost/webroot/static/css/login.css
[INFO]2018-04-02 18:05:59:329 [::1] request: http://localhost/favicon.ico
[INFO]2018-04-02 18:06:39:570 [::1] request: http://localhost/login
[INFO]2018-04-02 18:06:39:617 [::1] request: http://localhost/webroot/static/bootstrap/css/bootstrap.css
[INFO]2018-04-02 18:06:39:628 [::1] request: http://localhost/webroot/static/css/login.css
[INFO]2018-04-02 18:06:39:663 [::1] request: http://localhost/favicon.ico
[INFO]2018-04-02 18:06:46:883 [::1] request: http://localhost/login8?
[INFO]2018-04-02 18:06:46:946 [::1] request: http://localhost/favicon.ico
[INFO]2018-04-02 18:06:54:966 [::1] request: http://localhost/login
[INFO]2018-04-02 18:06:55:020 [::1] request: http://localhost/favicon.ico
[INFO]2018-04-02 18:07:13:795 [::1] request: http://localhost/
[INFO]2018-04-02 18:07:15:115 [::1] request: http://localhost/hz
[INFO]2018-04-02 18:07:15:152 [::1] request: http://localhost/login
[INFO]2018-04-02 18:07:15:204 [::1] request: http://localhost/webroot/static/css/login.css
[INFO]2018-04-02 18:07:15:208 [::1] request: http://localhost/webroot/static/bootstrap/css/bootstrap.css
[INFO]2018-04-02 18:07:15:247 [::1] request: http://localhost/favicon.ico
[INFO]2018-04-02 18:07:26:332 [::1] request: http://localhost/login8
[INFO]2018-04-02 18:07:26:397 [::1] request: http://localhost/favicon.ico
[INFO]2018-04-02 18:44:02:064 [::1] request: http://localhost/
[INFO]2018-04-02 18:44:05:003 [::1] request: http://localhost/hz
[INFO]2018-04-02 18:44:05:043 [::1] request: http://localhost/login
[INFO]2018-04-02 18:44:05:097 [::1] request: http://localhost/webroot/static/bootstrap/css/bootstrap.css
[INFO]2018-04-02 18:44:05:103 [::1] request: http://localhost/webroot/static/css/login.css
[INFO]2018-04-02 18:44:05:146 [::1] request: http://localhost/favicon.ico
[INFO]2018-04-02 18:47:02:730 [::1] request: http://localhost/login
[INFO]2018-04-02 18:47:02:797 [::1] request: http://localhost/webroot/static/bootstrap/css/bootstrap.css
[INFO]2018-04-02 18:47:02:813 [::1] request: http://localhost/webroot/static/css/login.css
[INFO]2018-04-02 18:47:02:855 [::1] request: http://localhost/favicon.ico
[INFO]2018-04-02 18:47:03:371 [::1] request: http://localhost/login
[INFO]2018-04-02 18:47:03:433 [::1] request: http://localhost/webroot/static/bootstrap/css/bootstrap.css
[INFO]2018-04-02 18:47:03:449 [::1] request: http://localhost/webroot/static/css/login.css
[INFO]2018-04-02 18:47:03:471 [::1] request: http://localhost/favicon.ico
[INFO]2018-04-02 18:47:03:691 [::1] request: http://localhost/login
[INFO]2018-04-02 18:47:03:748 [::1] request: http://localhost/webroot/static/bootstrap/css/bootstrap.css
[INFO]2018-04-02 18:47:03:748 [::1] request: http://localhost/webroot/static/css/login.css
[INFO]2018-04-02 18:47:03:774 [::1] request: http://localhost/favicon.ico
[INFO]2018-04-02 18:47:03:899 [::1] request: http://localhost/login
[INFO]2018-04-02 18:47:03:960 [::1] request: http://localhost/webroot/static/bootstrap/css/bootstrap.css
[INFO]2018-04-02 18:47:03:963 [::1] request: http://localhost/webroot/static/css/login.css
[INFO]2018-04-02 18:47:03:989 [::1] request: http://localhost/favicon.ico
[INFO]2018-04-02 18:47:04:116 [::1] request: http://localhost/login
[INFO]2018-04-02 18:47:04:194 [::1] request: http://localhost/webroot/static/bootstrap/css/bootstrap.css
[INFO]2018-04-02 18:47:04:198 [::1] request: http://localhost/webroot/static/css/login.css
[INFO]2018-04-02 18:47:04:225 [::1] request: http://localhost/favicon.ico
[INFO]2018-04-02 18:47:04:311 [::1] request: http://localhost/login
[INFO]2018-04-02 18:47:04:381 [::1] request: http://localhost/webroot/static/bootstrap/css/bootstrap.css
[INFO]2018-04-02 18:47:04:383 [::1] request: http://localhost/webroot/static/css/login.css
[INFO]2018-04-02 18:47:04:410 [::1] request: http://localhost/favicon.ico
[INFO]2018-04-02 18:47:04:534 [::1] request: http://localhost/login
[INFO]2018-04-02 18:47:04:592 [::1] request: http://localhost/webroot/static/bootstrap/css/bootstrap.css
[INFO]2018-04-02 18:47:04:596 [::1] request: http://localhost/webroot/static/css/login.css
[INFO]2018-04-02 18:47:04:620 [::1] request: http://localhost/favicon.ico
[INFO]2018-04-02 18:47:04:744 [::1] request: http://localhost/login
[INFO]2018-04-02 18:47:04:808 [::1] request: http://localhost/webroot/static/bootstrap/css/bootstrap.css
[INFO]2018-04-02 18:47:04:812 [::1] request: http://localhost/webroot/static/css/login.css
[INFO]2018-04-02 18:47:04:837 [::1] request: http://localhost/favicon.ico
[INFO]2018-04-02 18:47:04:937 [::1] request: http://localhost/login
[INFO]2018-04-02 18:47:04:994 [::1] request: http://localhost/webroot/static/bootstrap/css/bootstrap.css
[INFO]2018-04-02 18:47:04:999 [::1] request: http://localhost/webroot/static/css/login.css
[INFO]2018-04-02 18:47:05:022 [::1] request: http://localhost/favicon.ico
[INFO]2018-04-02 18:47:05:153 [::1] request: http://localhost/login
[INFO]2018-04-02 18:47:05:218 [::1] request: http://localhost/webroot/static/bootstrap/css/bootstrap.css
[INFO]2018-04-02 18:47:05:219 [::1] request: http://localhost/webroot/static/css/login.css
[INFO]2018-04-02 18:47:05:242 [::1] request: http://localhost/favicon.ico
[INFO]2018-04-02 18:47:05:372 [::1] request: http://localhost/login
[INFO]2018-04-02 18:47:05:439 [::1] request: http://localhost/webroot/static/bootstrap/css/bootstrap.css
[INFO]2018-04-02 18:47:05:440 [::1] request: http://localhost/webroot/static/css/login.css
[INFO]2018-04-02 18:47:05:470 [::1] request: http://localhost/favicon.ico
[INFO]2018-04-02 18:47:05:574 [::1] request: http://localhost/login
[INFO]2018-04-02 18:47:05:646 [::1] request: http://localhost/webroot/static/bootstrap/css/bootstrap.css
[INFO]2018-04-02 18:47:05:648 [::1] request: http://localhost/webroot/static/css/login.css
[INFO]2018-04-02 18:47:05:671 [::1] request: http://localhost/favicon.ico
[INFO]2018-04-02 18:47:05:774 [::1] request: http://localhost/login
[INFO]2018-04-02 18:47:05:843 [::1] request: http://localhost/webroot/static/bootstrap/css/bootstrap.css
[INFO]2018-04-02 18:47:05:844 [::1] request: http://localhost/webroot/static/css/login.css
[INFO]2018-04-02 18:47:05:868 [::1] request: http://localhost/favicon.ico
[INFO]2018-04-02 18:47:05:985 [::1] request: http://localhost/login
[INFO]2018-04-02 18:47:06:046 [::1] request: http://localhost/webroot/static/css/login.css
[INFO]2018-04-02 18:47:06:051 [::1] request: http://localhost/webroot/static/bootstrap/css/bootstrap.css
[INFO]2018-04-02 18:47:06:073 [::1] request: http://localhost/favicon.ico
[INFO]2018-04-02 18:47:06:204 [::1] request: http://localhost/login
[INFO]2018-04-02 18:47:06:260 [::1] request: http://localhost/webroot/static/bootstrap/css/bootstrap.css
[INFO]2018-04-02 18:47:06:260 [::1] request: http://localhost/webroot/static/css/login.css
[INFO]2018-04-02 18:47:06:290 [::1] request: http://localhost/favicon.ico
[INFO]2018-04-02 18:47:06:436 [::1] request: http://localhost/login
[INFO]2018-04-02 18:47:06:489 [::1] request: http://localhost/webroot/static/bootstrap/css/bootstrap.css
[INFO]2018-04-02 18:47:06:489 [::1] request: http://localhost/webroot/static/css/login.css
[INFO]2018-04-02 18:47:06:515 [::1] request: http://localhost/favicon.ico
[INFO]2018-04-02 18:47:06:675 [::1] request: http://localhost/login
[INFO]2018-04-02 18:47:06:728 [::1] request: http://localhost/webroot/static/bootstrap/css/bootstrap.css
[INFO]2018-04-02 18:47:06:730 [::1] request: http://localhost/webroot/static/css/login.css
[INFO]2018-04-02 18:47:06:759 [::1] request: http://localhost/favicon.ico
[INFO]2018-04-02 18:47:06:906 [::1] request: http://localhost/login
[INFO]2018-04-02 18:47:06:968 [::1] request: http://localhost/webroot/static/bootstrap/css/bootstrap.css
[INFO]2018-04-02 18:47:06:968 [::1] request: http://localhost/webroot/static/css/login.css
[INFO]2018-04-02 18:47:06:996 [::1] request: http://localhost/favicon.ico
[INFO]2018-04-02 18:47:07:095 [::1] request: http://localhost/login
[INFO]2018-04-02 18:47:07:147 [::1] request: http://localhost/webroot/static/css/login.css
[INFO]2018-04-02 18:47:07:147 [::1] request: http://localhost/webroot/static/bootstrap/css/bootstrap.css
[INFO]2018-04-02 18:47:07:177 [::1] request: http://localhost/favicon.ico
[INFO]2018-04-02 18:47:07:283 [::1] request: http://localhost/login
[INFO]2018-04-02 18:47:07:339 [::1] request: http://localhost/webroot/static/bootstrap/css/bootstrap.css
[INFO]2018-04-02 18:47:07:353 [::1] request: http://localhost/webroot/static/css/login.css
[INFO]2018-04-02 18:47:07:378 [::1] request: http://localhost/favicon.ico
[INFO]2018-04-02 18:47:28:131 [::1] request: http://localhost/login8
[INFO]2018-04-02 18:47:28:195 [::1] request: http://localhost/favicon.ico
[INFO]2018-04-02 18:47:33:442 [::1] request: http://localhost/login8
[INFO]2018-04-02 18:47:33:486 [::1] request: http://localhost/favicon.ico
[INFO]2018-04-02 18:47:35:832 [::1] request: http://localhost/login
[INFO]2018-04-02 18:47:35:885 [::1] request: http://localhost/favicon.ico
[INFO]2018-04-02 18:47:36:520 [::1] request: http://localhost/login
[INFO]2018-04-02 18:47:36:590 [::1] request: http://localhost/webroot/static/bootstrap/css/bootstrap.css
[INFO]2018-04-02 18:47:36:593 [::1] request: http://localhost/webroot/static/css/login.css
[INFO]2018-04-02 18:47:36:628 [::1] request: http://localhost/favicon.ico
[INFO]2018-04-02 18:47:36:815 [::1] request: http://localhost/login
[INFO]2018-04-02 18:47:36:873 [::1] request: http://localhost/webroot/static/bootstrap/css/bootstrap.css
[INFO]2018-04-02 18:47:36:875 [::1] request: http://localhost/webroot/static/css/login.css
[INFO]2018-04-02 18:47:36:903 [::1] request: http://localhost/favicon.ico
[INFO]2018-04-02 18:47:37:022 [::1] request: http://localhost/login
[INFO]2018-04-02 18:47:37:085 [::1] request: http://localhost/webroot/static/bootstrap/css/bootstrap.css
[INFO]2018-04-02 18:47:37:087 [::1] request: http://localhost/webroot/static/css/login.css
[INFO]2018-04-02 18:47:37:111 [::1] request: http://localhost/favicon.ico
[INFO]2018-04-02 18:47:37:223 [::1] request: http://localhost/login
[INFO]2018-04-02 18:47:37:277 [::1] request: http://localhost/webroot/static/bootstrap/css/bootstrap.css
[INFO]2018-04-02 18:47:37:279 [::1] request: http://localhost/webroot/static/css/login.css
[INFO]2018-04-02 18:47:37:309 [::1] request: http://localhost/favicon.ico
[INFO]2018-04-02 18:47:37:407 [::1] request: http://localhost/login
[INFO]2018-04-02 18:47:37:468 [::1] request: http://localhost/webroot/static/bootstrap/css/bootstrap.css
[INFO]2018-04-02 18:47:37:470 [::1] request: http://localhost/webroot/static/css/login.css
[INFO]2018-04-02 18:47:37:492 [::1] request: http://localhost/favicon.ico
[INFO]2018-04-02 18:47:37:622 [::1] request: http://localhost/login
[INFO]2018-04-02 18:47:37:680 [::1] request: http://localhost/webroot/static/bootstrap/css/bootstrap.css
[INFO]2018-04-02 18:47:37:682 [::1] request: http://localhost/webroot/static/css/login.css
[INFO]2018-04-02 18:47:37:705 [::1] request: http://localhost/favicon.ico
[INFO]2018-04-02 18:47:37:832 [::1] request: http://localhost/login
[INFO]2018-04-02 18:47:37:898 [::1] request: http://localhost/webroot/static/bootstrap/css/bootstrap.css
[INFO]2018-04-02 18:47:37:904 [::1] request: http://localhost/webroot/static/css/login.css
[INFO]2018-04-02 18:47:37:928 [::1] request: http://localhost/favicon.ico
[INFO]2018-04-02 18:47:38:032 [::1] request: http://localhost/login
[INFO]2018-04-02 18:47:38:091 [::1] request: http://localhost/webroot/static/bootstrap/css/bootstrap.css
[INFO]2018-04-02 18:47:38:093 [::1] request: http://localhost/webroot/static/css/login.css
[INFO]2018-04-02 18:47:38:119 [::1] request: http://localhost/favicon.ico
[INFO]2018-04-02 18:47:38:211 [::1] request: http://localhost/login
[INFO]2018-04-02 18:47:38:275 [::1] request: http://localhost/webroot/static/css/login.css
[INFO]2018-04-02 18:47:38:276 [::1] request: http://localhost/webroot/static/bootstrap/css/bootstrap.css
[INFO]2018-04-02 18:47:38:302 [::1] request: http://localhost/favicon.ico
[INFO]2018-04-02 18:47:38:411 [::1] request: http://localhost/login
[INFO]2018-04-02 18:47:38:487 [::1] request: http://localhost/webroot/static/css/login.css
[INFO]2018-04-02 18:47:38:489 [::1] request: http://localhost/webroot/static/bootstrap/css/bootstrap.css
[INFO]2018-04-02 18:47:38:513 [::1] request: http://localhost/favicon.ico
[INFO]2018-04-02 18:47:38:612 [::1] request: http://localhost/login
[INFO]2018-04-02 18:47:38:670 [::1] request: http://localhost/webroot/static/bootstrap/css/bootstrap.css
[INFO]2018-04-02 18:47:38:672 [::1] request: http://localhost/webroot/static/css/login.css
[INFO]2018-04-02 18:47:38:697 [::1] request: http://localhost/favicon.ico
[INFO]2018-04-02 18:47:38:843 [::1] request: http://localhost/login
[INFO]2018-04-02 18:47:38:893 [::1] request: http://localhost/webroot/static/bootstrap/css/bootstrap.css
[INFO]2018-04-02 18:47:38:894 [::1] request: http://localhost/webroot/static/css/login.css
[INFO]2018-04-02 18:47:38:916 [::1] request: http://localhost/favicon.ico
[INFO]2018-04-02 18:47:39:048 [::1] request: http://localhost/login
[INFO]2018-04-02 18:47:39:113 [::1] request: http://localhost/webroot/static/bootstrap/css/bootstrap.css
[INFO]2018-04-02 18:47:39:118 [::1] request: http://localhost/webroot/static/css/login.css
[INFO]2018-04-02 18:47:39:143 [::1] request: http://localhost/favicon.ico
[INFO]2018-04-02 18:47:39:233 [::1] request: http://localhost/login
[INFO]2018-04-02 18:47:39:301 [::1] request: http://localhost/webroot/static/bootstrap/css/bootstrap.css
[INFO]2018-04-02 18:47:39:305 [::1] request: http://localhost/webroot/static/css/login.css
[INFO]2018-04-02 18:47:39:328 [::1] request: http://localhost/favicon.ico
[INFO]2018-04-02 18:47:39:450 [::1] request: http://localhost/login
[INFO]2018-04-02 18:47:39:510 [::1] request: http://localhost/webroot/static/bootstrap/css/bootstrap.css
[INFO]2018-04-02 18:47:39:510 [::1] request: http://localhost/webroot/static/css/login.css
[INFO]2018-04-02 18:47:39:534 [::1] request: http://localhost/favicon.ico
[INFO]2018-04-02 18:47:40:320 [::1] request: http://localhost/
[INFO]2018-04-02 18:47:40:609 [::1] request: http://localhost/
[INFO]2018-04-02 18:47:40:830 [::1] request: http://localhost/
[INFO]2018-04-02 18:47:41:028 [::1] request: http://localhost/
[INFO]2018-04-02 18:47:41:235 [::1] request: http://localhost/
[INFO]2018-04-02 18:47:42:372 [::1] request: http://localhost/hz
[INFO]2018-04-02 18:47:42:406 [::1] request: http://localhost/login
[INFO]2018-04-02 18:47:42:459 [::1] request: http://localhost/webroot/static/bootstrap/css/bootstrap.css
[INFO]2018-04-02 18:47:42:463 [::1] request: http://localhost/webroot/static/css/login.css
[INFO]2018-04-02 18:47:42:503 [::1] request: http://localhost/favicon.ico
[INFO]2018-04-02 18:49:56:747 [::1] request: http://localhost/login
[INFO]2018-04-02 18:49:56:818 [::1] request: http://localhost/webroot/static/bootstrap/css/bootstrap.css
[INFO]2018-04-02 18:49:56:822 [::1] request: http://localhost/webroot/static/css/login.css
[INFO]2018-04-02 18:49:56:894 [::1] request: http://localhost/favicon.ico
[INFO]2018-04-02 18:49:57:666 [::1] request: http://localhost/login
[INFO]2018-04-02 18:49:57:731 [::1] request: http://localhost/webroot/static/bootstrap/css/bootstrap.css
[INFO]2018-04-02 18:49:57:740 [::1] request: http://localhost/webroot/static/css/login.css
[INFO]2018-04-02 18:49:57:774 [::1] request: http://localhost/favicon.ico
[INFO]2018-04-02 18:49:58:026 [::1] request: http://localhost/login
[INFO]2018-04-02 18:49:58:107 [::1] request: http://localhost/webroot/static/css/login.css
[INFO]2018-04-02 18:49:58:111 [::1] request: http://localhost/webroot/static/bootstrap/css/bootstrap.css
[INFO]2018-04-02 18:49:58:135 [::1] request: http://localhost/favicon.ico
[INFO]2018-04-02 18:49:58:246 [::1] request: http://localhost/login
[INFO]2018-04-02 18:49:58:312 [::1] request: http://localhost/webroot/static/bootstrap/css/bootstrap.css
[INFO]2018-04-02 18:49:58:321 [::1] request: http://localhost/webroot/static/css/login.css
[INFO]2018-04-02 18:49:58:342 [::1] request: http://localhost/favicon.ico
[INFO]2018-04-02 18:49:58:445 [::1] request: http://localhost/login
[INFO]2018-04-02 18:49:58:513 [::1] request: http://localhost/webroot/static/bootstrap/css/bootstrap.css
[INFO]2018-04-02 18:49:58:530 [::1] request: http://localhost/webroot/static/css/login.css
[INFO]2018-04-02 18:49:58:553 [::1] request: http://localhost/favicon.ico
[INFO]2018-04-02 18:49:58:672 [::1] request: http://localhost/login
[INFO]2018-04-02 18:49:58:741 [::1] request: http://localhost/webroot/static/bootstrap/css/bootstrap.css
[INFO]2018-04-02 18:49:58:746 [::1] request: http://localhost/webroot/static/css/login.css
[INFO]2018-04-02 18:49:58:768 [::1] request: http://localhost/favicon.ico
[INFO]2018-04-02 18:49:58:865 [::1] request: http://localhost/login
[INFO]2018-04-02 18:49:58:920 [::1] request: http://localhost/webroot/static/bootstrap/css/bootstrap.css
[INFO]2018-04-02 18:49:58:925 [::1] request: http://localhost/webroot/static/css/login.css
[INFO]2018-04-02 18:49:58:949 [::1] request: http://localhost/favicon.ico
[INFO]2018-04-02 18:49:59:109 [::1] request: http://localhost/login
[INFO]2018-04-02 18:49:59:163 [::1] request: http://localhost/webroot/static/bootstrap/css/bootstrap.css
[INFO]2018-04-02 18:49:59:163 [::1] request: http://localhost/webroot/static/css/login.css
[INFO]2018-04-02 18:49:59:186 [::1] request: http://localhost/favicon.ico
[INFO]2018-04-02 18:49:59:302 [::1] request: http://localhost/login
[INFO]2018-04-02 18:49:59:373 [::1] request: http://localhost/webroot/static/bootstrap/css/bootstrap.css
[INFO]2018-04-02 18:49:59:375 [::1] request: http://localhost/webroot/static/css/login.css
[INFO]2018-04-02 18:49:59:400 [::1] request: http://localhost/favicon.ico
[INFO]2018-04-02 18:49:59:538 [::1] request: http://localhost/login
[INFO]2018-04-02 18:49:59:598 [::1] request: http://localhost/webroot/static/css/login.css
[INFO]2018-04-02 18:49:59:599 [::1] request: http://localhost/webroot/static/bootstrap/css/bootstrap.css
[INFO]2018-04-02 18:49:59:624 [::1] request: http://localhost/favicon.ico
[INFO]2018-04-02 18:49:59:728 [::1] request: http://localhost/login
[INFO]2018-04-02 18:49:59:795 [::1] request: http://localhost/webroot/static/bootstrap/css/bootstrap.css
[INFO]2018-04-02 18:49:59:802 [::1] request: http://localhost/webroot/static/css/login.css
[INFO]2018-04-02 18:49:59:828 [::1] request: http://localhost/favicon.ico
[INFO]2018-04-02 18:49:59:937 [::1] request: http://localhost/login
[INFO]2018-04-02 18:49:59:997 [::1] request: http://localhost/webroot/static/css/login.css
[INFO]2018-04-02 18:49:59:997 [::1] request: http://localhost/webroot/static/bootstrap/css/bootstrap.css
[INFO]2018-04-02 18:50:00:023 [::1] request: http://localhost/favicon.ico
[INFO]2018-04-02 18:50:00:204 [::1] request: http://localhost/login
[INFO]2018-04-02 18:50:00:258 [::1] request: http://localhost/webroot/static/bootstrap/css/bootstrap.css
[INFO]2018-04-02 18:50:00:259 [::1] request: http://localhost/webroot/static/css/login.css
[INFO]2018-04-02 18:50:00:283 [::1] request: http://localhost/favicon.ico
[INFO]2018-04-02 18:50:10:162 [::1] request: http://localhost/webroot/static/bootstrap/css/bootstrap.css
[INFO]2018-04-02 18:50:10:187 [::1] request: http://localhost/webroot/static/css/login.css
[INFO]2018-04-02 18:50:38:867 [::1] request: http://localhost/login
[INFO]2018-04-02 18:50:38:920 [::1] request: http://localhost/webroot/static/bootstrap/css/bootstrap.css
[INFO]2018-04-02 18:50:38:930 [::1] request: http://localhost/webroot/static/css/login.css
[INFO]2018-04-02 18:50:38:974 [::1] request: http://localhost/favicon.ico
[INFO]2018-04-02 18:50:39:686 [::1] request: http://localhost/login
[INFO]2018-04-02 18:50:39:743 [::1] request: http://localhost/webroot/static/bootstrap/css/bootstrap.css
[INFO]2018-04-02 18:50:39:752 [::1] request: http://localhost/webroot/static/css/login.css
[INFO]2018-04-02 18:50:39:783 [::1] request: http://localhost/favicon.ico
[INFO]2018-04-02 18:50:44:799 [::1] request: http://localhost/login
[INFO]2018-04-02 18:50:44:863 [::1] request: http://localhost/webroot/static/bootstrap/css/bootstrap.css
[INFO]2018-04-02 18:50:44:890 [::1] request: http://localhost/webroot/static/css/login.css
[INFO]2018-04-02 18:50:44:931 [::1] request: http://localhost/favicon.ico
[INFO]2018-04-02 18:50:54:391 [::1] request: http://localhost/login
[INFO]2018-04-02 18:50:54:453 [::1] request: http://localhost/webroot/static/css/login.css
[INFO]2018-04-02 18:50:54:464 [::1] request: http://localhost/webroot/static/bootstrap/css/bootstrap.css
[INFO]2018-04-02 18:50:54:491 [::1] request: http://localhost/favicon.ico
[INFO]2018-04-02 18:50:54:929 [::1] request: http://localhost/login
[INFO]2018-04-02 18:50:55:003 [::1] request: http://localhost/webroot/static/bootstrap/css/bootstrap.css
[INFO]2018-04-02 18:50:55:007 [::1] request: http://localhost/webroot/static/css/login.css
[INFO]2018-04-02 18:50:55:030 [::1] request: http://localhost/favicon.ico
[INFO]2018-04-02 18:50:55:229 [::1] request: http://localhost/login
[INFO]2018-04-02 18:50:55:283 [::1] request: http://localhost/webroot/static/bootstrap/css/bootstrap.css
[INFO]2018-04-02 18:50:55:283 [::1] request: http://localhost/webroot/static/css/login.css
[INFO]2018-04-02 18:50:55:313 [::1] request: http://localhost/favicon.ico
[INFO]2018-04-02 18:50:55:437 [::1] request: http://localhost/login
[INFO]2018-04-02 18:50:55:490 [::1] request: http://localhost/webroot/static/css/login.css
[INFO]2018-04-02 18:50:55:490 [::1] request: http://localhost/webroot/static/bootstrap/css/bootstrap.css
[INFO]2018-04-02 18:50:55:518 [::1] request: http://localhost/favicon.ico
[INFO]2018-04-02 18:51:56:646 [::1] request: http://localhost/login
[INFO]2018-04-02 18:51:56:783 [::1] request: http://localhost/favicon.ico
[INFO]2018-04-02 18:51:57:526 [::1] request: http://localhost/login
[INFO]2018-04-02 18:51:57:622 [::1] request: http://localhost/favicon.ico
[INFO]2018-04-02 18:51:57:825 [::1] request: http://localhost/login
[INFO]2018-04-02 18:51:57:907 [::1] request: http://localhost/favicon.ico
[INFO]2018-04-02 18:51:58:032 [::1] request: http://localhost/login
[INFO]2018-04-02 18:51:58:120 [::1] request: http://localhost/favicon.ico
[INFO]2018-04-02 18:51:58:227 [::1] request: http://localhost/login
[INFO]2018-04-02 18:51:58:317 [::1] request: http://localhost/favicon.ico
[INFO]2018-04-02 18:51:58:425 [::1] request: http://localhost/login
[INFO]2018-04-02 18:51:58:513 [::1] request: http://localhost/favicon.ico
[INFO]2018-04-02 18:51:58:645 [::1] request: http://localhost/login
[INFO]2018-04-02 18:51:58:731 [::1] request: http://localhost/favicon.ico
[INFO]2018-04-02 18:51:58:874 [::1] request: http://localhost/login
[INFO]2018-04-02 18:51:58:960 [::1] request: http://localhost/favicon.ico
[INFO]2018-04-02 18:51:59:086 [::1] request: http://localhost/login
[INFO]2018-04-02 18:51:59:173 [::1] request: http://localhost/favicon.ico
[INFO]2018-04-02 18:51:59:286 [::1] request: http://localhost/login
[INFO]2018-04-02 18:51:59:374 [::1] request: http://localhost/favicon.ico
[INFO]2018-04-02 18:51:59:509 [::1] request: http://localhost/login
[INFO]2018-04-02 18:51:59:589 [::1] request: http://localhost/favicon.ico
[INFO]2018-04-02 18:51:59:760 [::1] request: http://localhost/login
[INFO]2018-04-02 18:51:59:839 [::1] request: http://localhost/favicon.ico
[INFO]2018-04-02 18:51:59:967 [::1] request: http://localhost/login
[INFO]2018-04-02 18:52:00:050 [::1] request: http://localhost/favicon.ico
[INFO]2018-04-02 18:52:00:212 [::1] request: http://localhost/login
[INFO]2018-04-02 18:52:00:303 [::1] request: http://localhost/favicon.ico
[INFO]2018-04-02 18:52:00:417 [::1] request: http://localhost/login
[INFO]2018-04-02 18:52:00:504 [::1] request: http://localhost/favicon.ico
[INFO]2018-04-02 18:52:00:607 [::1] request: http://localhost/login
[INFO]2018-04-02 18:52:00:692 [::1] request: http://localhost/favicon.ico
[INFO]2018-04-02 18:52:00:820 [::1] request: http://localhost/login
[INFO]2018-04-02 18:52:00:906 [::1] request: http://localhost/favicon.ico
[INFO]2018-04-02 18:52:01:033 [::1] request: http://localhost/login
[INFO]2018-04-02 18:52:01:118 [::1] request: http://localhost/favicon.ico
[INFO]2018-04-02 18:56:39:247 [::1] request: http://localhost/login
[INFO]2018-04-02 18:56:39:358 [::1] request: http://localhost/favicon.ico
[INFO]2018-04-02 18:57:42:185 [::1] request: http://localhost/login
[INFO]2018-04-02 18:57:42:280 [::1] request: http://localhost/favicon.ico
[INFO]2018-04-02 18:57:55:205 [::1] request: http://localhost/login
[INFO]2018-04-02 18:57:55:307 [::1] request: http://localhost/favicon.ico
[INFO]2018-04-02 18:59:10:076 [::1] request: http://localhost/login
[INFO]2018-04-02 18:59:10:180 [::1] request: http://localhost/favicon.ico
[INFO]2018-04-02 19:00:39:709 [::1] request: http://localhost/login
[INFO]2018-04-02 19:00:40:302 [::1] request: http://localhost/login
[INFO]2018-04-02 19:00:40:598 [::1] request: http://localhost/login
[INFO]2018-04-02 19:00:40:910 [::1] request: http://localhost/login
[INFO]2018-04-02 19:00:48:117 [::1] request: http://localhost/
[INFO]2018-04-02 19:00:48:585 [::1] request: http://localhost/images/favicon.ico
[INFO]2018-04-02 19:00:50:554 [::1] request: http://localhost/hz
[INFO]2018-04-02 19:00:50:585 [::1] request: http://localhost/login
