[INFO]2018-03-19 15:08:42:638 [::1] request: http://localhost/
[INFO]2018-03-19 15:26:36:945 [::1] request: http://localhost/
[INFO]2018-03-19 17:14:03:094 [::1] request: http://localhost/
[INFO]2018-03-19 17:37:16:574 [::1] request: http://localhost/
[INFO]2018-03-19 18:47:45:296 [::1] request: http://localhost/
[INFO]2018-03-19 18:48:09:738 [::1] request: http://localhost/
[INFO]2018-03-19 18:48:13:791 [::1] request: http://localhost/
[INFO]2018-03-19 19:32:24:289 [::1] request: http://localhost/
[INFO]2018-03-19 19:37:40:000 [::1] request: http://localhost/
[INFO]2018-03-19 19:37:40:595 [::1] request: http://localhost/images/favicon.ico
[INFO]2018-03-19 19:37:44:001 [::1] request: http://localhost/d
[INFO]2018-03-19 19:37:44:216 [::1] request: http://localhost/favicon.ico
[INFO]2018-03-19 19:38:03:953 [::1] request: http://localhost/member
[INFO]2018-03-19 19:38:33:875 [::1] request: http://localhost/login
[INFO]2018-03-19 19:39:21:290 [::1] request: http://localhost/login
[INFO]2018-03-19 19:39:26:308 [::1] request: http://localhost/
[INFO]2018-03-19 19:47:38:923 [::1] request: http://localhost/demo
[INFO]2018-03-19 19:48:22:845 [::1] request: http://localhost/base/base
[INFO]2018-03-19 19:48:29:823 [::1] request: http://localhost/base
[INFO]2018-03-19 19:49:25:835 [::1] request: http://localhost/mytest
[INFO]2018-03-19 19:52:37:843 [::1] request: http://localhost/
[INFO]2018-03-19 19:52:38:119 [::1] request: http://localhost/images/favicon.ico
[INFO]2018-03-19 19:56:40:152 [::1] request: http://localhost/reg/
[INFO]2018-03-19 19:57:05:799 [::1] request: http://localhost/?my=1
[INFO]2018-03-19 19:57:14:186 [::1] request: http://localhost/?my=
[INFO]2018-03-19 19:57:21:365 [::1] request: http://localhost/
[INFO]2018-03-19 19:57:25:052 [::1] request: http://localhost/df
[INFO]2018-03-19 20:14:02:232 [::1] request: http://localhost/reg
[INFO]2018-03-19 20:14:43:510 [::1] request: http://localhost/reg/
[INFO]2018-03-19 20:16:10:528 [::1] request: http://localhost/reg
[INFO]2018-03-19 20:17:02:510 [::1] request: http://localhost/reg
[INFO]2018-03-19 20:17:02:863 [::1] request: http://localhost/img/banner.png
[INFO]2018-03-19 20:17:02:864 [::1] request: http://localhost/img/decoration.png
[INFO]2018-03-19 20:17:07:362 [::1] request: http://localhost/img/banner.png
[INFO]2018-03-19 20:17:32:907 [::1] request: http://localhost/bootstrap/css/bootstrap.css.map
[INFO]2018-03-19 20:19:14:461 [::1] request: http://localhost/reg
[INFO]2018-03-19 20:19:14:728 [::1] request: http://localhost/img/decoration.png
