[INFO]2018-04-01 09:08:38:147 [::1] request: http://localhost/demo
[INFO]2018-04-01 09:25:59:424 [::1] request: http://localhost/
[INFO]2018-04-01 09:26:00:015 [::1] request: http://localhost/images/favicon.ico
[INFO]2018-04-01 10:00:31:005 [::1] request: http://localhost/reg
[INFO]2018-04-01 10:00:36:855 [::1] request: http://localhost/reg/getcode
[INFO]2018-04-01 10:00:47:262 [::1] request: http://localhost/reg
[INFO]2018-04-01 10:00:48:005 [::1] request: http://localhost/favicon.ico
[INFO]2018-04-01 10:00:48:019 [::1] request: http://localhost/favicon.ico
[INFO]2018-04-01 10:00:54:129 [::1] request: http://localhost/reg/getcode
[INFO]2018-04-01 10:00:56:657 [::1] request: http://localhost/reg
[INFO]2018-04-01 10:01:04:379 [::1] request: http://localhost/reg/getcode
[INFO]2018-04-01 10:01:42:918 [::1] request: http://localhost/
[INFO]2018-04-01 10:01:44:991 [::1] request: http://localhost/images/favicon.ico
[INFO]2018-04-01 10:01:46:583 [::1] request: http://localhost/reg
[INFO]2018-04-01 10:02:15:809 [::1] request: http://localhost/reg/getcode
[INFO]2018-04-01 10:03:38:368 [::1] request: http://localhost/reg/getcode
[INFO]2018-04-01 10:03:45:620 [::1] request: http://localhost/reg/getcode
[INFO]2018-04-01 10:18:27:592 [::1] request: http://localhost/reg/getcode
[INFO]2018-04-01 10:18:33:364 [::1] request: http://localhost/reg
[INFO]2018-04-01 10:18:44:175 [::1] request: http://localhost/reg/getcode
[INFO]2018-04-01 10:19:33:645 [::1] request: http://localhost/reg
[INFO]2018-04-01 10:19:37:748 [::1] request: http://localhost/reg/getcode
[INFO]2018-04-01 10:30:13:524 [::1] request: http://localhost/reg
[INFO]2018-04-01 10:30:18:734 [::1] request: http://localhost/reg/getcode
[INFO]2018-04-01 10:33:19:469 [::1] request: http://localhost/reg
[INFO]2018-04-01 10:33:20:530 [::1] request: http://localhost/reg
[INFO]2018-04-01 10:33:21:279 [::1] request: http://localhost/reg
[INFO]2018-04-01 10:33:21:607 [::1] request: http://localhost/reg
[INFO]2018-04-01 10:33:21:825 [::1] request: http://localhost/reg
[INFO]2018-04-01 10:33:22:043 [::1] request: http://localhost/reg
[INFO]2018-04-01 10:33:22:277 [::1] request: http://localhost/reg
[INFO]2018-04-01 10:33:22:543 [::1] request: http://localhost/reg
[INFO]2018-04-01 10:33:26:068 [::1] request: http://localhost/
[INFO]2018-04-01 10:33:26:430 [::1] request: http://localhost/images/favicon.ico
[INFO]2018-04-01 10:33:27:896 [::1] request: http://localhost/reg
[INFO]2018-04-01 10:33:47:352 [::1] request: http://localhost/reg
[INFO]2018-04-01 10:33:53:701 [::1] request: http://localhost/reg/getcode
[INFO]2018-04-01 10:35:33:306 [::1] request: http://localhost/reg/getcode
[INFO]2018-04-01 10:35:43:512 [::1] request: http://localhost/reg
[INFO]2018-04-01 10:35:49:816 [::1] request: http://localhost/reg/getcode
[INFO]2018-04-01 10:36:32:757 [::1] request: http://localhost/reg
[INFO]2018-04-01 10:36:40:026 [::1] request: http://localhost/reg/getcode
[INFO]2018-04-01 10:36:48:404 [::1] request: http://localhost/reg
[INFO]2018-04-01 10:36:52:506 [::1] request: http://localhost/reg/getcode
[INFO]2018-04-01 11:40:25:640 [::1] request: http://localhost/reg/getcode
[INFO]2018-04-01 11:40:38:963 [::1] request: http://localhost/reg/adduser?name=xbbbb&A=%E7%94%B7&company=%E5%8D%95%E4%BD%8D&title=%E8%81%8C%E5%8A%A1&mobile=13061454478&yzm=582116&email=youxiang%40youxiang.com&B%5B%5D=1&B%5B%5D=2&B%5B%5D=3
[INFO]2018-04-01 11:45:49:960 [::1] request: http://localhost/reg/adduser?name=xbbbb&A=%E7%94%B7&company=%E5%8D%95%E4%BD%8D&title=%E8%81%8C%E5%8A%A1&mobile=13061454478&yzm=582116&email=youxiang%40youxiang.com&B%5B%5D=1&B%5B%5D=2&B%5B%5D=3
[INFO]2018-04-01 11:51:26:039 [::1] request: http://localhost/reg/adduser?name=xbbbb&A=%E7%94%B7&company=%E5%8D%95%E4%BD%8D&title=%E8%81%8C%E5%8A%A1&mobile=13061454478&yzm=582116&email=youxiang%40youxiang.com&B%5B%5D=1&B%5B%5D=2&B%5B%5D=3
[INFO]2018-04-01 11:51:30:049 [::1] request: http://localhost/reg/adduser?name=xbbbb&A=%E7%94%B7&company=%E5%8D%95%E4%BD%8D&title=%E8%81%8C%E5%8A%A1&mobile=13061454478&yzm=582116&email=youxiang%40youxiang.com&B%5B%5D=1&B%5B%5D=2&B%5B%5D=3
[INFO]2018-04-01 11:54:08:433 [::1] request: http://localhost/
[INFO]2018-04-01 11:54:08:872 [::1] request: http://localhost/images/favicon.ico
[INFO]2018-04-01 11:54:09:980 [::1] request: http://localhost/reg
[INFO]2018-04-01 11:54:30:322 [::1] request: http://localhost/reg/getcode
[INFO]2018-04-01 11:54:49:722 [::1] request: http://localhost/reg/adduser?name=123&A=%E5%A5%B3&company=dw&title=zw&mobile=13061454411&yzm=052884&email=yx@yx.com&B%5B%5D=1&B%5B%5D=2&B%5B%5D=3
[INFO]2018-04-01 11:55:58:490 [::1] request: http://localhost/reg
[INFO]2018-04-01 11:56:03:264 [::1] request: http://localhost/reg?xb
[INFO]2018-04-01 11:56:53:207 [::1] request: http://localhost/reg?xb
[INFO]2018-04-01 11:56:59:837 [::1] request: http://localhost/reg?name=xb
[INFO]2018-04-01 12:03:01:754 [::1] request: http://localhost/reg?name=xb
[INFO]2018-04-01 12:03:34:677 [::1] request: http://localhost/reg?name=xb
[INFO]2018-04-01 12:04:09:737 [::1] request: http://localhost/reg?name=xb
[INFO]2018-04-01 12:04:11:042 [::1] request: http://localhost/reg?name=xb
[INFO]2018-04-01 12:04:11:491 [::1] request: http://localhost/reg?name=xb
[INFO]2018-04-01 12:04:11:750 [::1] request: http://localhost/reg?name=xb
[INFO]2018-04-01 12:04:11:958 [::1] request: http://localhost/reg?name=xb
[INFO]2018-04-01 12:04:12:150 [::1] request: http://localhost/reg?name=xb
[INFO]2018-04-01 12:04:12:353 [::1] request: http://localhost/reg?name=xb
[INFO]2018-04-01 12:04:12:541 [::1] request: http://localhost/reg?name=xb
[INFO]2018-04-01 12:04:12:750 [::1] request: http://localhost/reg?name=xb
[INFO]2018-04-01 12:06:20:171 [::1] request: http://localhost/reg
[INFO]2018-04-01 12:06:25:716 [::1] request: http://localhost/reg
[INFO]2018-04-01 12:14:31:455 [::1] request: http://localhost/reg?go=xb
[INFO]2018-04-01 12:14:44:075 [::1] request: http://localhost/reg?name=xb
[INFO]2018-04-01 12:18:01:295 [::1] request: http://localhost/reg?name=xb
[INFO]2018-04-01 12:59:46:017 [::1] request: http://localhost/reg
[INFO]2018-04-01 13:00:00:600 [::1] request: http://localhost/reg%EF%BC%9Fname
[INFO]2018-04-01 13:00:18:822 [::1] request: http://localhost/reg%EF%BC%9Fname=xbb
[INFO]2018-04-01 13:00:34:572 [::1] request: http://localhost/reg%EF%BC%9Fname=xb
[INFO]2018-04-01 13:01:59:409 [::1] request: http://localhost/reg%EF%BC%9Fname=xb
[INFO]2018-04-01 13:10:07:967 [::1] request: http://localhost/reg?name=xb
[INFO]2018-04-01 13:10:08:039 [::1] request: http://localhost/
[INFO]2018-04-01 13:10:20:562 [::1] request: http://localhost/reg%EF%BC%9Fname=xb
[INFO]2018-04-01 13:10:24:118 [::1] request: http://localhost/reg%EF%BC%9Fname=xb
[INFO]2018-04-01 13:10:28:559 [::1] request: http://localhost/reg%EF%BC%9Fname=xb
[INFO]2018-04-01 13:10:29:620 [::1] request: http://localhost/reg%EF%BC%9Fname=xb
[INFO]2018-04-01 13:10:30:098 [::1] request: http://localhost/reg%EF%BC%9Fname=xb
[INFO]2018-04-01 13:10:30:215 [::1] request: http://localhost/reg%EF%BC%9Fname=xb
[INFO]2018-04-01 13:10:30:737 [::1] request: http://localhost/reg%EF%BC%9Fname=xb
[INFO]2018-04-01 13:10:39:020 [::1] request: http://localhost/reg?name=xb
[INFO]2018-04-01 13:10:39:128 [::1] request: http://localhost/
[INFO]2018-04-01 13:11:27:046 [::1] request: http://localhost/reg
[INFO]2018-04-01 13:11:49:004 [::1] request: http://localhost/reg/adduser?name=xbbbb&A=%E7%94%B7&company=%E5%8D%95%E4%BD%8D&title=%E8%81%8C%E5%8A%A1&mobile=13061454471&yzm=&email=youxiang%40youxiang.com&B%5B%5D=1&B%5B%5D=2&B%5B%5D=3
[INFO]2018-04-01 13:22:42:926 [::1] request: http://localhost/reg/adduser?name=xbbbb&A=%E7%94%B7&company=%E5%8D%95%E4%BD%8D&title=%E8%81%8C%E5%8A%A1&mobile=13061454471&yzm=&email=youxiang%40youxiang.com&B%5B%5D=1&B%5B%5D=2&B%5B%5D=3
[INFO]2018-04-01 13:22:44:024 [::1] request: http://localhost/reg/adduser?name=xbbbb&A=%E7%94%B7&company=%E5%8D%95%E4%BD%8D&title=%E8%81%8C%E5%8A%A1&mobile=13061454471&yzm=&email=youxiang%40youxiang.com&B%5B%5D=1&B%5B%5D=2&B%5B%5D=3
[INFO]2018-04-01 13:22:44:833 [::1] request: http://localhost/reg/adduser?name=xbbbb&A=%E7%94%B7&company=%E5%8D%95%E4%BD%8D&title=%E8%81%8C%E5%8A%A1&mobile=13061454471&yzm=&email=youxiang%40youxiang.com&B%5B%5D=1&B%5B%5D=2&B%5B%5D=3
[INFO]2018-04-01 13:22:45:675 [::1] request: http://localhost/reg/adduser?name=xbbbb&A=%E7%94%B7&company=%E5%8D%95%E4%BD%8D&title=%E8%81%8C%E5%8A%A1&mobile=13061454471&yzm=&email=youxiang%40youxiang.com&B%5B%5D=1&B%5B%5D=2&B%5B%5D=3
[INFO]2018-04-01 13:22:46:037 [::1] request: http://localhost/reg/adduser?name=xbbbb&A=%E7%94%B7&company=%E5%8D%95%E4%BD%8D&title=%E8%81%8C%E5%8A%A1&mobile=13061454471&yzm=&email=youxiang%40youxiang.com&B%5B%5D=1&B%5B%5D=2&B%5B%5D=3
[INFO]2018-04-01 13:22:46:295 [::1] request: http://localhost/reg/adduser?name=xbbbb&A=%E7%94%B7&company=%E5%8D%95%E4%BD%8D&title=%E8%81%8C%E5%8A%A1&mobile=13061454471&yzm=&email=youxiang%40youxiang.com&B%5B%5D=1&B%5B%5D=2&B%5B%5D=3
[INFO]2018-04-01 13:22:46:691 [::1] request: http://localhost/reg/adduser?name=xbbbb&A=%E7%94%B7&company=%E5%8D%95%E4%BD%8D&title=%E8%81%8C%E5%8A%A1&mobile=13061454471&yzm=&email=youxiang%40youxiang.com&B%5B%5D=1&B%5B%5D=2&B%5B%5D=3
[INFO]2018-04-01 13:22:47:364 [::1] request: http://localhost/reg/adduser?name=xbbbb&A=%E7%94%B7&company=%E5%8D%95%E4%BD%8D&title=%E8%81%8C%E5%8A%A1&mobile=13061454471&yzm=&email=youxiang%40youxiang.com&B%5B%5D=1&B%5B%5D=2&B%5B%5D=3
[INFO]2018-04-01 13:29:07:739 [::1] request: http://localhost/reg/adduser?name=xbbbb&A=%E7%94%B7&company=%E5%8D%95%E4%BD%8D&title=%E8%81%8C%E5%8A%A1&mobile=13061454471&yzm=&email=youxiang%40youxiang.com&B%5B%5D=1&B%5B%5D=2&B%5B%5D=3
[INFO]2018-04-01 13:30:47:268 [::1] request: http://localhost/reg/adduser?name=xbbbb&A=%E7%94%B7&company=%E5%8D%95%E4%BD%8D&title=%E8%81%8C%E5%8A%A1&mobile=13061454471&yzm=&email=youxiang%40youxiang.com&B%5B%5D=1&B%5B%5D=2&B%5B%5D=3
[INFO]2018-04-01 13:32:14:099 [::1] request: http://localhost/
[INFO]2018-04-01 13:32:16:722 [::1] request: http://localhost/reg
[INFO]2018-04-01 13:32:16:879 [::1] request: http://localhost/
[INFO]2018-04-01 13:32:33:398 [::1] request: http://localhost/reg?name=xb
[INFO]2018-04-01 13:32:33:512 [::1] request: http://localhost/
[INFO]2018-04-01 13:32:49:321 [::1] request: http://localhost/reg?name=xd
[INFO]2018-04-01 13:32:49:442 [::1] request: http://localhost/
[INFO]2018-04-01 13:33:01:126 [::1] request: http://localhost/reg?name=tttt
[INFO]2018-04-01 13:33:01:256 [::1] request: http://localhost/
[INFO]2018-04-01 13:34:43:809 [::1] request: http://localhost/reg
[INFO]2018-04-01 13:34:43:925 [::1] request: http://localhost/
[INFO]2018-04-01 13:34:46:299 [::1] request: http://localhost/
[INFO]2018-04-01 13:34:48:035 [::1] request: http://localhost/reg
[INFO]2018-04-01 13:34:48:141 [::1] request: http://localhost/
[INFO]2018-04-01 13:34:49:695 [::1] request: http://localhost/
[INFO]2018-04-01 13:34:51:054 [::1] request: http://localhost/
[INFO]2018-04-01 13:34:51:559 [::1] request: http://localhost/
[INFO]2018-04-01 13:34:51:687 [::1] request: http://localhost/
[INFO]2018-04-01 13:34:52:120 [::1] request: http://localhost/
[INFO]2018-04-01 13:36:08:084 [::1] request: http://localhost/reg?name=xb
[INFO]2018-04-01 13:36:08:205 [::1] request: http://localhost/
[INFO]2018-04-01 13:36:46:029 [::1] request: http://localhost/reg?name=xb
[INFO]2018-04-01 13:36:46:138 [::1] request: http://localhost/
[INFO]2018-04-01 13:36:50:740 [::1] request: http://localhost/
[INFO]2018-04-01 13:36:51:223 [::1] request: http://localhost/
[INFO]2018-04-01 13:36:51:519 [::1] request: http://localhost/
[INFO]2018-04-01 13:36:52:109 [::1] request: http://localhost/
[INFO]2018-04-01 13:36:56:587 [::1] request: http://localhost/reg
[INFO]2018-04-01 13:37:03:417 [::1] request: http://localhost/reg?name=xb
[INFO]2018-04-01 13:37:03:522 [::1] request: http://localhost/
[INFO]2018-04-01 13:37:39:180 [::1] request: http://localhost/reg?name=xb
[INFO]2018-04-01 13:37:39:298 [::1] request: http://localhost/
[INFO]2018-04-01 13:37:50:587 [::1] request: http://localhost/reg
[INFO]2018-04-01 13:38:00:814 [::1] request: http://localhost/sdffsdfds
[INFO]2018-04-01 13:38:14:047 [::1] request: http://localhost/reg?name=ffff
[INFO]2018-04-01 13:38:14:165 [::1] request: http://localhost/
[INFO]2018-04-01 13:38:25:981 [::1] request: http://localhost/reg?name=xb
[INFO]2018-04-01 13:38:26:057 [::1] request: http://localhost/
[INFO]2018-04-01 13:38:26:465 [::1] request: http://localhost/images/favicon.ico
[INFO]2018-04-01 13:40:15:052 [::1] request: http://localhost/reg?name=xb
[INFO]2018-04-01 13:40:25:607 [::1] request: http://localhost/reg?name=xbb
[INFO]2018-04-01 13:41:31:691 [::1] request: http://localhost/reg
[INFO]2018-04-01 13:41:52:417 [::1] request: http://localhost/reg/adduser?name=xbbbb&A=%E7%94%B7&company=%E5%8D%95%E4%BD%8D&title=%E8%81%8C%E5%8A%A1&mobile=13061454478&yzm=&email=youxiang%40youxiang.com&B%5B%5D=1&B%5B%5D=2&B%5B%5D=3
[INFO]2018-04-01 13:42:48:784 [::1] request: http://localhost/reg/adduser?name=xbbbb&A=%E7%94%B7&company=%E5%8D%95%E4%BD%8D&title=%E8%81%8C%E5%8A%A1&mobile=13061454478&yzm=&email=youxiang%40youxiang.com&B[]=1&B[]=2&B[]=3
[INFO]2018-04-01 13:42:49:101 [::1] request: http://localhost/reg/plugins/jquery.min.js
[INFO]2018-04-01 13:42:49:119 [::1] request: http://localhost/reg/plugins/modernizr.js
[INFO]2018-04-01 13:42:49:120 [::1] request: http://localhost/reg/plugins/jquery.appear.js
[INFO]2018-04-01 13:42:49:155 [::1] request: http://localhost/reg/plugins/isotope/isotope.pkgd.min.js
[INFO]2018-04-01 13:42:49:266 [::1] request: http://localhost/reg/plugins/jquery.backstretch.min.js
[INFO]2018-04-01 13:42:49:488 [::1] request: http://localhost/reg/plugins/modernizr.js
[INFO]2018-04-01 13:42:49:583 [::1] request: http://localhost/reg/plugins/isotope/isotope.pkgd.min.js
[INFO]2018-04-01 13:42:49:677 [::1] request: http://localhost/reg/plugins/jquery.backstretch.min.js
[INFO]2018-04-01 13:42:49:759 [::1] request: http://localhost/reg/plugins/jquery.appear.js
[INFO]2018-04-01 13:49:02:590 [::1] request: http://localhost/reg/adduser?name=xbbbb&A=%E7%94%B7&company=%E5%8D%95%E4%BD%8D&title=%E8%81%8C%E5%8A%A1&mobile=13061454478&yzm=&email=youxiang%40youxiang.com&B[]=1&B[]=2&B[]=3
[INFO]2018-04-01 13:49:02:995 [::1] request: http://localhost/reg/plugins/jquery.min.js
[INFO]2018-04-01 13:49:02:998 [::1] request: http://localhost/reg/plugins/jquery.appear.js
[INFO]2018-04-01 13:49:03:045 [::1] request: http://localhost/reg/plugins/isotope/isotope.pkgd.min.js
[INFO]2018-04-01 13:49:03:047 [::1] request: http://localhost/reg/plugins/jquery.backstretch.min.js
[INFO]2018-04-01 13:49:03:091 [::1] request: http://localhost/reg/plugins/modernizr.js
[INFO]2018-04-01 13:49:03:441 [::1] request: http://localhost/reg/plugins/modernizr.js
[INFO]2018-04-01 13:49:03:533 [::1] request: http://localhost/reg/plugins/isotope/isotope.pkgd.min.js
[INFO]2018-04-01 13:49:03:623 [::1] request: http://localhost/reg/plugins/jquery.backstretch.min.js
[INFO]2018-04-01 13:49:03:713 [::1] request: http://localhost/reg/plugins/jquery.appear.js
[INFO]2018-04-01 13:49:04:136 [::1] request: http://localhost/reg/adduser?name=xbbbb&A=%E7%94%B7&company=%E5%8D%95%E4%BD%8D&title=%E8%81%8C%E5%8A%A1&mobile=13061454478&yzm=&email=youxiang%40youxiang.com&B[]=1&B[]=2&B[]=3
[INFO]2018-04-01 13:49:04:479 [::1] request: http://localhost/reg/plugins/jquery.min.js
[INFO]2018-04-01 13:49:04:484 [::1] request: http://localhost/reg/plugins/jquery.backstretch.min.js
[INFO]2018-04-01 13:49:04:487 [::1] request: http://localhost/reg/plugins/jquery.appear.js
[INFO]2018-04-01 13:49:04:493 [::1] request: http://localhost/reg/plugins/modernizr.js
[INFO]2018-04-01 13:49:04:504 [::1] request: http://localhost/reg/plugins/isotope/isotope.pkgd.min.js
[INFO]2018-04-01 13:49:04:877 [::1] request: http://localhost/reg/plugins/modernizr.js
[INFO]2018-04-01 13:49:04:974 [::1] request: http://localhost/reg/plugins/isotope/isotope.pkgd.min.js
[INFO]2018-04-01 13:49:05:068 [::1] request: http://localhost/reg/plugins/jquery.backstretch.min.js
[INFO]2018-04-01 13:49:05:161 [::1] request: http://localhost/reg/plugins/jquery.appear.js
[INFO]2018-04-01 13:49:05:801 [::1] request: http://localhost/reg/adduser?name=xbbbb&A=%E7%94%B7&company=%E5%8D%95%E4%BD%8D&title=%E8%81%8C%E5%8A%A1&mobile=13061454478&yzm=&email=youxiang%40youxiang.com&B%5B%5D=1&B%5B%5D=2&B%5B%5D=3
[INFO]2018-04-01 13:49:10:616 [::1] request: http://localhost/reg/adduser?name=xbbbb&A=%E7%94%B7&company=%E5%8D%95%E4%BD%8D&title=%E8%81%8C%E5%8A%A1&mobile=13061454478&yzm=&email=youxiang%40youxiang.com&B[]=1&B[]=2&B[]=3
[INFO]2018-04-01 13:49:10:934 [::1] request: http://localhost/reg/plugins/jquery.backstretch.min.js
[INFO]2018-04-01 13:49:10:934 [::1] request: http://localhost/reg/plugins/jquery.min.js
[INFO]2018-04-01 13:49:10:956 [::1] request: http://localhost/reg/plugins/jquery.appear.js
[INFO]2018-04-01 13:49:10:970 [::1] request: http://localhost/reg/plugins/isotope/isotope.pkgd.min.js
[INFO]2018-04-01 13:49:11:029 [::1] request: http://localhost/reg/plugins/modernizr.js
[INFO]2018-04-01 13:49:11:263 [::1] request: http://localhost/reg/plugins/isotope/isotope.pkgd.min.js
[INFO]2018-04-01 13:49:11:341 [::1] request: http://localhost/reg/plugins/jquery.backstretch.min.js
[INFO]2018-04-01 13:49:11:441 [::1] request: http://localhost/reg/plugins/jquery.appear.js
[INFO]2018-04-01 13:49:18:092 [::1] request: http://localhost/reg/adduser?name=xbbbb&A=%E7%94%B7&company=%E5%8D%95%E4%BD%8D&title=%E8%81%8C%E5%8A%A1&mobile=13061454478&yzm=&email=youxiang%40youxiang.com&B%5B%5D=1&B%5B%5D=2&B%5B%5D=3
[INFO]2018-04-01 13:49:18:800 [::1] request: http://localhost/reg
[INFO]2018-04-01 13:49:21:449 [::1] request: http://localhost/reg/adduser?name=&A=&company=&title=&mobile=&yzm=&email=
[INFO]2018-04-01 13:49:21:746 [::1] request: http://localhost/reg/plugins/jquery.min.js
[INFO]2018-04-01 13:49:21:764 [::1] request: http://localhost/reg/plugins/modernizr.js
[INFO]2018-04-01 13:49:21:773 [::1] request: http://localhost/reg/plugins/jquery.appear.js
[INFO]2018-04-01 13:49:21:790 [::1] request: http://localhost/reg/plugins/jquery.backstretch.min.js
[INFO]2018-04-01 13:49:21:854 [::1] request: http://localhost/reg/plugins/isotope/isotope.pkgd.min.js
[INFO]2018-04-01 13:49:22:107 [::1] request: http://localhost/reg/plugins/jquery.backstretch.min.js
[INFO]2018-04-01 13:49:22:187 [::1] request: http://localhost/reg/plugins/jquery.appear.js
[INFO]2018-04-01 13:49:26:919 [::1] request: http://localhost/reg
[INFO]2018-04-01 13:49:32:514 [::1] request: http://localhost/reg?name=xb
[INFO]2018-04-01 13:49:37:209 [::1] request: http://localhost/reg?name=xbb
[INFO]2018-04-01 13:49:40:534 [::1] request: http://localhost/reg?name=xbbb
[INFO]2018-04-01 13:49:43:805 [::1] request: http://localhost/reg?name=xbbbb
[INFO]2018-04-01 13:49:46:822 [::1] request: http://localhost/reg?name=xbbbbb
[INFO]2018-04-01 13:49:51:577 [::1] request: http://localhost/reg?name=xbbbb
[INFO]2018-04-01 13:53:25:622 [::1] request: http://localhost/reg
[INFO]2018-04-01 13:53:38:064 [::1] request: http://localhost/reg/adduser?name=xbbbbf&A=&company=&title=&mobile=&yzm=&email=&B%5B%5D=1&B%5B%5D=2&B%5B%5D=3
[INFO]2018-04-01 13:53:38:429 [::1] request: http://localhost/reg/plugins/jquery.min.js
[INFO]2018-04-01 13:53:38:481 [::1] request: http://localhost/reg/plugins/jquery.appear.js
[INFO]2018-04-01 13:53:38:490 [::1] request: http://localhost/reg/plugins/jquery.backstretch.min.js
[INFO]2018-04-01 13:53:38:501 [::1] request: http://localhost/reg/plugins/isotope/isotope.pkgd.min.js
[INFO]2018-04-01 13:53:38:564 [::1] request: http://localhost/reg/plugins/modernizr.js
[INFO]2018-04-01 13:53:38:823 [::1] request: http://localhost/reg/plugins/isotope/isotope.pkgd.min.js
[INFO]2018-04-01 13:53:38:919 [::1] request: http://localhost/reg/plugins/jquery.backstretch.min.js
[INFO]2018-04-01 13:53:39:004 [::1] request: http://localhost/reg/plugins/jquery.appear.js
[INFO]2018-04-01 13:53:57:041 [::1] request: http://localhost/reg?name=xbbbbf
[INFO]2018-04-01 13:54:57:923 [::1] request: http://localhost/reg
[INFO]2018-04-01 13:55:05:340 [::1] request: http://localhost/reg/adduser?name=xbbbbd&A=&company=&title=&mobile=&yzm=&email=&B%5B%5D=2
[INFO]2018-04-01 13:55:05:671 [::1] request: http://localhost/reg/plugins/jquery.min.js
[INFO]2018-04-01 13:55:05:675 [::1] request: http://localhost/reg/plugins/modernizr.js
[INFO]2018-04-01 13:55:05:677 [::1] request: http://localhost/reg/plugins/isotope/isotope.pkgd.min.js
[INFO]2018-04-01 13:55:05:698 [::1] request: http://localhost/reg/plugins/jquery.backstretch.min.js
[INFO]2018-04-01 13:55:05:703 [::1] request: http://localhost/reg/plugins/jquery.appear.js
[INFO]2018-04-01 13:55:06:036 [::1] request: http://localhost/reg/plugins/modernizr.js
[INFO]2018-04-01 13:55:06:123 [::1] request: http://localhost/reg/plugins/isotope/isotope.pkgd.min.js
[INFO]2018-04-01 13:55:06:213 [::1] request: http://localhost/reg/plugins/jquery.backstretch.min.js
[INFO]2018-04-01 13:55:06:288 [::1] request: http://localhost/reg/plugins/jquery.appear.js
[INFO]2018-04-01 13:55:21:289 [::1] request: http://localhost/reg
[INFO]2018-04-01 13:55:28:936 [::1] request: http://localhost/reg/adduser?name=354&A=&company=&title=&mobile=&yzm=&email=&B%5B%5D=2
[INFO]2018-04-01 13:55:29:041 [::1] request: http://localhost/reg/plugins/jquery.min.js
[INFO]2018-04-01 13:55:29:045 [::1] request: http://localhost/reg/plugins/isotope/isotope.pkgd.min.js
[INFO]2018-04-01 13:55:29:047 [::1] request: http://localhost/reg/plugins/jquery.backstretch.min.js
[INFO]2018-04-01 13:55:29:048 [::1] request: http://localhost/reg/plugins/modernizr.js
[INFO]2018-04-01 13:55:29:095 [::1] request: http://localhost/reg/plugins/jquery.appear.js
[INFO]2018-04-01 13:58:02:405 [::1] request: http://localhost/reg
[INFO]2018-04-01 13:58:10:120 [::1] request: http://localhost/reg/adduser?name=43&A=&company=&title=&mobile=&yzm=&email=&B%5B%5D=2
[INFO]2018-04-01 13:58:10:218 [::1] request: http://localhost/reg/plugins/jquery.min.js
[INFO]2018-04-01 13:58:10:221 [::1] request: http://localhost/reg/plugins/modernizr.js
[INFO]2018-04-01 13:58:10:240 [::1] request: http://localhost/reg/plugins/jquery.backstretch.min.js
[INFO]2018-04-01 13:58:10:269 [::1] request: http://localhost/reg/plugins/jquery.appear.js
[INFO]2018-04-01 13:58:10:278 [::1] request: http://localhost/reg/plugins/isotope/isotope.pkgd.min.js
[INFO]2018-04-01 14:01:18:646 [::1] request: http://localhost/reg
[INFO]2018-04-01 14:01:28:265 [::1] request: http://localhost/reg/adduser?name=2323342&A=&company=&title=&mobile=&yzm=&email=&B%5B%5D=2
[INFO]2018-04-01 14:01:28:345 [::1] request: http://localhost/reg?id=100125
[INFO]2018-04-01 14:10:53:657 [::1] request: http://localhost/reg/adduser?name=dsf&A=&company=&title=&mobile=&yzm=&email=&B%5B%5D=2
[INFO]2018-04-01 14:10:53:736 [::1] request: http://localhost/reg?id=100126
[INFO]2018-04-01 14:11:15:767 [::1] request: http://localhost/reg?id=100126
[INFO]2018-04-01 14:11:16:291 [::1] request: http://localhost/reg?id=100126
[INFO]2018-04-01 14:11:16:314 [::1] request: http://localhost/reg?id=100126
[INFO]2018-04-01 14:11:16:361 [::1] request: http://localhost/reg?id=100126
[INFO]2018-04-01 14:11:19:434 [::1] request: http://localhost/reg
[INFO]2018-04-01 14:11:25:321 [::1] request: http://localhost/reg/adduser?name=dsff&A=&company=&title=&mobile=&yzm=&email=&B%5B%5D=2
[INFO]2018-04-01 14:11:25:423 [::1] request: http://localhost/reg/plugins/jquery.min.js
[INFO]2018-04-01 14:11:25:425 [::1] request: http://localhost/reg/plugins/modernizr.js
[INFO]2018-04-01 14:11:25:454 [::1] request: http://localhost/reg/plugins/isotope/isotope.pkgd.min.js
[INFO]2018-04-01 14:11:25:470 [::1] request: http://localhost/reg/plugins/jquery.backstretch.min.js
[INFO]2018-04-01 14:11:25:488 [::1] request: http://localhost/reg/plugins/jquery.appear.js
[INFO]2018-04-01 14:13:39:628 [::1] request: http://localhost/reg
[INFO]2018-04-01 14:13:42:386 [::1] request: http://localhost/reg
[INFO]2018-04-01 14:13:42:816 [::1] request: http://localhost/reg
[INFO]2018-04-01 14:13:42:831 [::1] request: http://localhost/reg
[INFO]2018-04-01 14:13:43:006 [::1] request: http://localhost/reg
[INFO]2018-04-01 14:13:48:772 [::1] request: http://localhost/reg/adduser?name=weew&A=&company=&title=&mobile=&yzm=&email=&B%5B%5D=2
[INFO]2018-04-01 14:13:48:883 [::1] request: http://localhost/reg/plugins/isotope/isotope.pkgd.min.js
[INFO]2018-04-01 14:13:48:884 [::1] request: http://localhost/reg/plugins/modernizr.js
[INFO]2018-04-01 14:13:48:889 [::1] request: http://localhost/reg/plugins/jquery.min.js
[INFO]2018-04-01 14:13:48:890 [::1] request: http://localhost/reg/plugins/jquery.backstretch.min.js
[INFO]2018-04-01 14:13:48:914 [::1] request: http://localhost/reg/plugins/jquery.appear.js
[INFO]2018-04-01 14:16:21:903 [::1] request: http://localhost/reg
[INFO]2018-04-01 14:16:29:922 [::1] request: http://localhost/reg/adduser?name=&A=&company=&title=&mobile=&yzm=&email=
[INFO]2018-04-01 14:16:30:034 [::1] request: http://localhost/reg/plugins/jquery.min.js
[INFO]2018-04-01 14:16:30:037 [::1] request: http://localhost/reg/plugins/modernizr.js
[INFO]2018-04-01 14:16:30:052 [::1] request: http://localhost/reg/plugins/isotope/isotope.pkgd.min.js
[INFO]2018-04-01 14:16:30:102 [::1] request: http://localhost/reg/plugins/jquery.appear.js
[INFO]2018-04-01 14:16:30:135 [::1] request: http://localhost/reg/plugins/jquery.backstretch.min.js
[INFO]2018-04-01 21:11:23:372 [::1] request: http://localhost/reg?name=xb
[INFO]2018-04-01 21:11:26:476 [::1] request: http://localhost/reg?name=xbb
[INFO]2018-04-01 21:11:38:366 [::1] request: http://localhost/reg?name=xbb
[INFO]2018-04-01 21:15:46:818 [::1] request: http://localhost/reg
[INFO]2018-04-01 21:16:02:277 [::1] request: http://localhost/reg/adduser?name=bbbb&A=&company=&title=&mobile=&yzm=&email=&B%5B%5D=1&B%5B%5D=2&B%5B%5D=3
[INFO]2018-04-01 21:16:02:387 [::1] request: http://localhost/reg/plugins/jquery.min.js
[INFO]2018-04-01 21:16:02:387 [::1] request: http://localhost/reg/plugins/jquery.backstretch.min.js
[INFO]2018-04-01 21:16:02:387 [::1] request: http://localhost/reg/plugins/isotope/isotope.pkgd.min.js
[INFO]2018-04-01 21:16:02:402 [::1] request: http://localhost/reg/plugins/modernizr.js
[INFO]2018-04-01 21:16:02:433 [::1] request: http://localhost/reg/plugins/jquery.appear.js
[INFO]2018-04-01 21:17:47:675 [::1] request: http://localhost/reg
[INFO]2018-04-01 21:17:56:396 [::1] request: http://localhost/reg/adduser?name=bbb&A=&company=&title=&mobile=&yzm=&email=&B%5B%5D=1&B%5B%5D=2&B%5B%5D=3
[INFO]2018-04-01 21:17:56:474 [::1] request: http://localhost/regok
[INFO]2018-04-01 21:20:03:243 [::1] request: http://localhost/regok
[INFO]2018-04-01 21:20:37:205 [::1] request: http://localhost/demo
[INFO]2018-04-01 21:24:20:399 [::1] request: http://localhost/reg
[INFO]2018-04-01 21:24:26:124 [::1] request: http://localhost/reg/adduser?name=sdf&A=&company=&title=&mobile=&yzm=&email=&B%5B%5D=1
[INFO]2018-04-01 21:24:26:187 [::1] request: http://localhost/regok
[INFO]2018-04-01 21:26:39:083 [::1] request: http://localhost/reg
[INFO]2018-04-01 21:26:44:561 [::1] request: http://localhost/reg/adduser?name=fdfdsd&A=&company=&title=&mobile=&yzm=&email=&B%5B%5D=2
[INFO]2018-04-01 21:26:44:624 [::1] request: http://localhost/regok
[INFO]2018-04-01 21:32:52:889 [::1] request: http://localhost/reg
[INFO]2018-04-01 21:33:00:034 [::1] request: http://localhost/reg/adduser?name=llll&A=&company=&title=&mobile=&yzm=&email=
[INFO]2018-04-01 21:33:00:096 [::1] request: http://localhost/regok
[INFO]2018-04-01 21:33:19:097 [::1] request: http://localhost/reg
[INFO]2018-04-01 21:33:25:197 [::1] request: http://localhost/reg/adduser?name=uio&A=&company=&title=&mobile=&yzm=&email=
[INFO]2018-04-01 21:33:25:259 [::1] request: http://localhost/regok
[INFO]2018-04-01 21:33:40:705 [::1] request: http://localhost/reg
[INFO]2018-04-01 21:33:45:822 [::1] request: http://localhost/reg/adduser?name=jkkl&A=&company=&title=&mobile=&yzm=&email=
[INFO]2018-04-01 21:33:45:884 [::1] request: http://localhost/regok
[INFO]2018-04-01 21:40:08:772 [::1] request: http://localhost/regok
[INFO]2018-04-01 21:40:11:159 [::1] request: http://localhost/hz
[INFO]2018-04-01 21:45:06:552 [::1] request: http://localhost/regok
[INFO]2018-04-01 21:45:09:064 [::1] request: http://localhost/regok
[INFO]2018-04-01 21:45:09:485 [::1] request: http://localhost/regok
[INFO]2018-04-01 21:45:09:719 [::1] request: http://localhost/regok
[INFO]2018-04-01 21:45:09:890 [::1] request: http://localhost/regok
[INFO]2018-04-01 21:45:10:062 [::1] request: http://localhost/regok
[INFO]2018-04-01 21:45:11:903 [::1] request: http://localhost/hz
[INFO]2018-04-01 21:45:27:908 [::1] request: http://localhost/
[INFO]2018-04-01 21:45:28:127 [::1] request: http://localhost/images/favicon.ico
[INFO]2018-04-01 21:45:31:433 [::1] request: http://localhost/hz
[INFO]2018-04-01 21:45:46:843 [::1] request: http://localhost/hz
[INFO]2018-04-01 21:45:46:877 [::1] request: http://localhost/reg
[INFO]2018-04-01 21:45:55:772 [::1] request: http://localhost/regok
[INFO]2018-04-01 21:45:55:863 [::1] request: http://localhost/
[INFO]2018-04-01 21:45:56:231 [::1] request: http://localhost/images/favicon.ico
[INFO]2018-04-01 21:46:06:395 [::1] request: http://localhost/hz
[INFO]2018-04-01 21:46:06:424 [::1] request: http://localhost/reg
