[INFO]2018-03-20 19:55:50:486 [::1] request: http://localhost/base
[INFO]2018-03-20 19:55:52:106 [::1] request: http://localhost/favicon.ico
[INFO]2018-03-20 19:55:52:167 [::1] request: http://localhost/favicon.ico
[INFO]2018-03-20 19:56:00:561 [::1] request: http://localhost/main
[INFO]2018-03-20 19:56:28:037 [::1] request: http://localhost/demo
[INFO]2018-03-20 19:57:53:700 [::1] request: http://localhost/
[INFO]2018-03-20 19:57:54:084 [::1] request: http://localhost/js/custom.js
[INFO]2018-03-20 19:57:54:099 [::1] request: http://localhost/images/logo.png
[INFO]2018-03-20 19:57:54:158 [::1] request: http://localhost/css/animate.css
[INFO]2018-03-20 19:57:54:709 [::1] request: http://localhost/images/favicon.ico
[INFO]2018-03-20 19:57:54:730 [::1] request: http://localhost/images/banner.jpg
[INFO]2018-03-20 19:57:54:800 [::1] request: http://localhost/images/favicon.ico
[INFO]2018-03-20 19:57:58:410 [::1] request: http://localhost/reg/
[INFO]2018-03-20 19:57:58:777 [::1] request: http://localhost/reg/bootstrap/css/bootstrap.css
[INFO]2018-03-20 19:57:58:791 [::1] request: http://localhost/reg/fonts/font-awesome/css/font-awesome.css
[INFO]2018-03-20 19:57:58:808 [::1] request: http://localhost/reg/css/animations.css
[INFO]2018-03-20 19:57:58:815 [::1] request: http://localhost/reg/css/style.css
[INFO]2018-03-20 19:57:58:839 [::1] request: http://localhost/reg/css/custom.css
[INFO]2018-03-20 19:57:58:848 [::1] request: http://localhost/reg/plugins/isotope/isotope.pkgd.min.js
[INFO]2018-03-20 19:57:58:852 [::1] request: http://localhost/reg/plugins/modernizr.js
[INFO]2018-03-20 19:57:58:862 [::1] request: http://localhost/reg/plugins/jquery.min.js
[INFO]2018-03-20 19:57:58:866 [::1] request: http://localhost/reg/bootstrap/js/bootstrap.min.js
[INFO]2018-03-20 19:57:58:886 [::1] request: http://localhost/reg/plugins/jquery.backstretch.min.js
[INFO]2018-03-20 19:57:58:890 [::1] request: http://localhost/reg/plugins/jquery.appear.js
[INFO]2018-03-20 19:57:58:897 [::1] request: http://localhost/reg/js/custom.js
[INFO]2018-03-20 19:57:58:904 [::1] request: http://localhost/reg/js/template.js
[INFO]2018-03-20 19:57:58:919 [::1] request: http://localhost/reg/images/logo.png
[INFO]2018-03-20 19:57:58:926 [::1] request: http://localhost/img/decoration.png
[INFO]2018-03-20 19:57:58:994 [::1] request: http://localhost/reg/plugins/modernizr.js
[INFO]2018-03-20 19:57:59:067 [::1] request: http://localhost/reg/plugins/isotope/isotope.pkgd.min.js
[INFO]2018-03-20 19:57:59:096 [::1] request: http://localhost/reg/plugins/jquery.backstretch.min.js
[INFO]2018-03-20 19:57:59:125 [::1] request: http://localhost/reg/plugins/jquery.appear.js
[INFO]2018-03-20 19:57:59:155 [::1] request: http://localhost/reg/js/template.js
[INFO]2018-03-20 19:57:59:186 [::1] request: http://localhost/reg/js/custom.js
[INFO]2018-03-20 19:57:59:224 [::1] request: http://localhost/reg/images/favicon.ico
[INFO]2018-03-20 19:58:02:499 [::1] request: http://localhost/reg/
[INFO]2018-03-20 19:58:02:659 [::1] request: http://localhost/reg/fonts/font-awesome/css/font-awesome.css
[INFO]2018-03-20 19:58:02:667 [::1] request: http://localhost/reg/css/style.css
[INFO]2018-03-20 19:58:02:672 [::1] request: http://localhost/reg/bootstrap/css/bootstrap.css
[INFO]2018-03-20 19:58:02:673 [::1] request: http://localhost/reg/plugins/jquery.min.js
[INFO]2018-03-20 19:58:02:676 [::1] request: http://localhost/reg/css/animations.css
[INFO]2018-03-20 19:58:02:679 [::1] request: http://localhost/reg/css/custom.css
[INFO]2018-03-20 19:58:02:718 [::1] request: http://localhost/reg/plugins/isotope/isotope.pkgd.min.js
[INFO]2018-03-20 19:58:02:720 [::1] request: http://localhost/reg/plugins/jquery.backstretch.min.js
[INFO]2018-03-20 19:58:02:721 [::1] request: http://localhost/reg/bootstrap/js/bootstrap.min.js
[INFO]2018-03-20 19:58:02:726 [::1] request: http://localhost/reg/plugins/modernizr.js
[INFO]2018-03-20 19:58:02:772 [::1] request: http://localhost/reg/js/custom.js
[INFO]2018-03-20 19:58:02:773 [::1] request: http://localhost/reg/plugins/jquery.appear.js
[INFO]2018-03-20 19:58:02:797 [::1] request: http://localhost/reg/js/template.js
[INFO]2018-03-20 19:58:02:831 [::1] request: http://localhost/reg/plugins/modernizr.js
[INFO]2018-03-20 19:58:02:865 [::1] request: http://localhost/reg/plugins/isotope/isotope.pkgd.min.js
[INFO]2018-03-20 19:58:02:900 [::1] request: http://localhost/reg/plugins/jquery.backstretch.min.js
[INFO]2018-03-20 19:58:02:934 [::1] request: http://localhost/reg/plugins/jquery.appear.js
[INFO]2018-03-20 19:58:02:965 [::1] request: http://localhost/reg/js/template.js
[INFO]2018-03-20 19:58:02:992 [::1] request: http://localhost/reg/js/custom.js
[INFO]2018-03-20 19:58:03:799 [::1] request: http://localhost/reg/images/logo.png
[INFO]2018-03-20 19:58:03:812 [::1] request: http://localhost/img/decoration.png
[INFO]2018-03-20 19:59:12:845 [::1] request: http://localhost/reg/
[INFO]2018-03-20 19:59:13:076 [::1] request: http://localhost/reg/static/bootstrap/css/bootstrap.css
[INFO]2018-03-20 19:59:13:093 [::1] request: http://localhost/reg/plugins/jquery.min.js
[INFO]2018-03-20 19:59:13:094 [::1] request: http://localhost/reg/static/css/style.css
[INFO]2018-03-20 19:59:13:108 [::1] request: http://localhost/reg/static/fonts/font-awesome/css/font-awesome.css
[INFO]2018-03-20 19:59:13:111 [::1] request: http://localhost/reg/static/css/custom.css
[INFO]2018-03-20 19:59:13:120 [::1] request: http://localhost/reg/static/css/animations.css
[INFO]2018-03-20 19:59:13:190 [::1] request: http://localhost/reg/js/template.js
[INFO]2018-03-20 19:59:13:191 [::1] request: http://localhost/reg/plugins/jquery.appear.js
[INFO]2018-03-20 19:59:13:193 [::1] request: http://localhost/reg/plugins/modernizr.js
[INFO]2018-03-20 19:59:13:202 [::1] request: http://localhost/reg/plugins/jquery.backstretch.min.js
[INFO]2018-03-20 19:59:13:203 [::1] request: http://localhost/reg/bootstrap/js/bootstrap.min.js
[INFO]2018-03-20 19:59:13:206 [::1] request: http://localhost/reg/plugins/isotope/isotope.pkgd.min.js
[INFO]2018-03-20 19:59:13:231 [::1] request: http://localhost/reg/js/custom.js
[INFO]2018-03-20 19:59:13:267 [::1] request: http://localhost/reg/images/logo.png
[INFO]2018-03-20 19:59:13:272 [::1] request: http://localhost/img/decoration.png
[INFO]2018-03-20 19:59:13:273 [::1] request: http://localhost/reg/plugins/modernizr.js
[INFO]2018-03-20 19:59:13:323 [::1] request: http://localhost/reg/plugins/isotope/isotope.pkgd.min.js
[INFO]2018-03-20 19:59:13:368 [::1] request: http://localhost/reg/plugins/jquery.backstretch.min.js
[INFO]2018-03-20 19:59:13:401 [::1] request: http://localhost/reg/plugins/jquery.appear.js
[INFO]2018-03-20 19:59:13:438 [::1] request: http://localhost/reg/js/template.js
[INFO]2018-03-20 19:59:13:468 [::1] request: http://localhost/reg/js/custom.js
[INFO]2018-03-20 19:59:16:270 [::1] request: http://localhost/reg/
[INFO]2018-03-20 19:59:16:451 [::1] request: http://localhost/reg/static/css/style.css
[INFO]2018-03-20 19:59:16:455 [::1] request: http://localhost/reg/static/bootstrap/css/bootstrap.css
[INFO]2018-03-20 19:59:16:453 [::1] request: http://localhost/reg/plugins/jquery.min.js
[INFO]2018-03-20 19:59:16:460 [::1] request: http://localhost/reg/static/css/custom.css
[INFO]2018-03-20 19:59:16:461 [::1] request: http://localhost/reg/static/fonts/font-awesome/css/font-awesome.css
[INFO]2018-03-20 19:59:16:473 [::1] request: http://localhost/reg/static/css/animations.css
[INFO]2018-03-20 19:59:16:490 [::1] request: http://localhost/reg/bootstrap/js/bootstrap.min.js
[INFO]2018-03-20 19:59:16:522 [::1] request: http://localhost/reg/plugins/modernizr.js
[INFO]2018-03-20 19:59:16:527 [::1] request: http://localhost/reg/plugins/jquery.appear.js
[INFO]2018-03-20 19:59:16:533 [::1] request: http://localhost/reg/plugins/isotope/isotope.pkgd.min.js
[INFO]2018-03-20 19:59:16:535 [::1] request: http://localhost/reg/plugins/jquery.backstretch.min.js
[INFO]2018-03-20 19:59:16:554 [::1] request: http://localhost/reg/js/custom.js
[INFO]2018-03-20 19:59:16:565 [::1] request: http://localhost/reg/js/template.js
[INFO]2018-03-20 19:59:16:568 [::1] request: http://localhost/reg/images/logo.png
[INFO]2018-03-20 19:59:16:597 [::1] request: http://localhost/img/decoration.png
[INFO]2018-03-20 19:59:16:704 [::1] request: http://localhost/reg/plugins/isotope/isotope.pkgd.min.js
[INFO]2018-03-20 19:59:16:740 [::1] request: http://localhost/reg/plugins/jquery.backstretch.min.js
[INFO]2018-03-20 19:59:16:773 [::1] request: http://localhost/reg/plugins/jquery.appear.js
[INFO]2018-03-20 19:59:16:810 [::1] request: http://localhost/reg/js/template.js
[INFO]2018-03-20 19:59:16:843 [::1] request: http://localhost/reg/js/custom.js
[INFO]2018-03-20 19:59:17:242 [::1] request: http://localhost/reg/
[INFO]2018-03-20 19:59:17:401 [::1] request: http://localhost/reg/static/fonts/font-awesome/css/font-awesome.css
[INFO]2018-03-20 19:59:17:414 [::1] request: http://localhost/reg/static/css/custom.css
[INFO]2018-03-20 19:59:17:420 [::1] request: http://localhost/reg/static/bootstrap/css/bootstrap.css
[INFO]2018-03-20 19:59:17:423 [::1] request: http://localhost/reg/static/css/animations.css
[INFO]2018-03-20 19:59:17:444 [::1] request: http://localhost/reg/static/css/style.css
[INFO]2018-03-20 19:59:17:453 [::1] request: http://localhost/reg/plugins/modernizr.js
[INFO]2018-03-20 19:59:17:480 [::1] request: http://localhost/reg/plugins/jquery.appear.js
[INFO]2018-03-20 19:59:17:488 [::1] request: http://localhost/reg/bootstrap/js/bootstrap.min.js
[INFO]2018-03-20 19:59:17:495 [::1] request: http://localhost/reg/plugins/isotope/isotope.pkgd.min.js
[INFO]2018-03-20 19:59:17:509 [::1] request: http://localhost/reg/plugins/jquery.backstretch.min.js
[INFO]2018-03-20 19:59:17:521 [::1] request: http://localhost/reg/plugins/jquery.min.js
[INFO]2018-03-20 19:59:17:532 [::1] request: http://localhost/reg/images/logo.png
[INFO]2018-03-20 19:59:17:550 [::1] request: http://localhost/img/decoration.png
[INFO]2018-03-20 19:59:17:551 [::1] request: http://localhost/reg/js/custom.js
[INFO]2018-03-20 19:59:17:564 [::1] request: http://localhost/reg/js/template.js
[INFO]2018-03-20 19:59:17:629 [::1] request: http://localhost/reg/
[INFO]2018-03-20 19:59:17:810 [::1] request: http://localhost/reg/static/bootstrap/css/bootstrap.css
[INFO]2018-03-20 19:59:17:816 [::1] request: http://localhost/reg/static/fonts/font-awesome/css/font-awesome.css
[INFO]2018-03-20 19:59:17:822 [::1] request: http://localhost/reg/static/css/style.css
[INFO]2018-03-20 19:59:17:842 [::1] request: http://localhost/reg/bootstrap/js/bootstrap.min.js
[INFO]2018-03-20 19:59:17:843 [::1] request: http://localhost/reg/plugins/modernizr.js
[INFO]2018-03-20 19:59:17:862 [::1] request: http://localhost/reg/static/css/animations.css
[INFO]2018-03-20 19:59:17:886 [::1] request: http://localhost/reg/static/css/custom.css
[INFO]2018-03-20 19:59:17:915 [::1] request: http://localhost/reg/js/custom.js
[INFO]2018-03-20 19:59:17:917 [::1] request: http://localhost/reg/plugins/jquery.min.js
[INFO]2018-03-20 19:59:17:918 [::1] request: http://localhost/reg/plugins/jquery.backstretch.min.js
[INFO]2018-03-20 19:59:17:919 [::1] request: http://localhost/reg/plugins/isotope/isotope.pkgd.min.js
[INFO]2018-03-20 19:59:17:961 [::1] request: http://localhost/reg/images/logo.png
[INFO]2018-03-20 19:59:17:967 [::1] request: http://localhost/reg/js/template.js
[INFO]2018-03-20 19:59:18:004 [::1] request: http://localhost/reg/plugins/jquery.appear.js
[INFO]2018-03-20 19:59:18:014 [::1] request: http://localhost/reg/
[INFO]2018-03-20 19:59:18:021 [::1] request: http://localhost/img/decoration.png
[INFO]2018-03-20 19:59:18:095 [::1] request: http://localhost/reg/
[INFO]2018-03-20 19:59:18:222 [::1] request: http://localhost/reg/static/bootstrap/css/bootstrap.css
[INFO]2018-03-20 19:59:18:231 [::1] request: http://localhost/reg/static/fonts/font-awesome/css/font-awesome.css
[INFO]2018-03-20 19:59:18:255 [::1] request: http://localhost/reg/static/css/custom.css
[INFO]2018-03-20 19:59:18:287 [::1] request: http://localhost/reg/plugins/jquery.min.js
[INFO]2018-03-20 19:59:18:291 [::1] request: http://localhost/reg/plugins/modernizr.js
[INFO]2018-03-20 19:59:18:299 [::1] request: http://localhost/reg/bootstrap/js/bootstrap.min.js
[INFO]2018-03-20 19:59:18:307 [::1] request: http://localhost/reg/static/css/animations.css
[INFO]2018-03-20 19:59:18:304 [::1] request: http://localhost/reg/plugins/isotope/isotope.pkgd.min.js
[INFO]2018-03-20 19:59:18:324 [::1] request: http://localhost/reg/plugins/jquery.backstretch.min.js
[INFO]2018-03-20 19:59:18:347 [::1] request: http://localhost/reg/static/css/style.css
[INFO]2018-03-20 19:59:18:352 [::1] request: http://localhost/reg/js/template.js
[INFO]2018-03-20 19:59:18:367 [::1] request: http://localhost/reg/plugins/jquery.appear.js
[INFO]2018-03-20 19:59:18:373 [::1] request: http://localhost/reg/js/custom.js
[INFO]2018-03-20 19:59:18:402 [::1] request: http://localhost/img/decoration.png
[INFO]2018-03-20 19:59:18:411 [::1] request: http://localhost/reg/images/logo.png
[INFO]2018-03-20 19:59:18:477 [::1] request: http://localhost/reg/
[INFO]2018-03-20 19:59:18:644 [::1] request: http://localhost/reg/static/fonts/font-awesome/css/font-awesome.css
[INFO]2018-03-20 19:59:18:657 [::1] request: http://localhost/reg/static/bootstrap/css/bootstrap.css
[INFO]2018-03-20 19:59:18:667 [::1] request: http://localhost/reg/static/css/style.css
[INFO]2018-03-20 19:59:18:686 [::1] request: http://localhost/reg/bootstrap/js/bootstrap.min.js
[INFO]2018-03-20 19:59:18:694 [::1] request: http://localhost/reg/static/css/animations.css
[INFO]2018-03-20 19:59:18:699 [::1] request: http://localhost/reg/static/css/custom.css
[INFO]2018-03-20 19:59:18:739 [::1] request: http://localhost/reg/plugins/isotope/isotope.pkgd.min.js
[INFO]2018-03-20 19:59:18:750 [::1] request: http://localhost/reg/plugins/jquery.appear.js
[INFO]2018-03-20 19:59:18:748 [::1] request: http://localhost/reg/plugins/modernizr.js
[INFO]2018-03-20 19:59:18:770 [::1] request: http://localhost/reg/plugins/jquery.backstretch.min.js
[INFO]2018-03-20 19:59:18:779 [::1] request: http://localhost/reg/js/custom.js
[INFO]2018-03-20 19:59:18:781 [::1] request: http://localhost/reg/plugins/jquery.min.js
[INFO]2018-03-20 19:59:18:804 [::1] request: http://localhost/reg/js/template.js
[INFO]2018-03-20 19:59:18:806 [::1] request: http://localhost/reg/images/logo.png
[INFO]2018-03-20 19:59:18:813 [::1] request: http://localhost/img/decoration.png
[INFO]2018-03-20 19:59:18:917 [::1] request: http://localhost/reg/
[INFO]2018-03-20 19:59:19:078 [::1] request: http://localhost/reg/static/bootstrap/css/bootstrap.css
[INFO]2018-03-20 19:59:19:103 [::1] request: http://localhost/reg/static/fonts/font-awesome/css/font-awesome.css
[INFO]2018-03-20 19:59:19:104 [::1] request: http://localhost/reg/static/css/custom.css
[INFO]2018-03-20 19:59:19:103 [::1] request: http://localhost/reg/static/css/style.css
[INFO]2018-03-20 19:59:19:117 [::1] request: http://localhost/reg/static/css/animations.css
[INFO]2018-03-20 19:59:19:112 [::1] request: http://localhost/reg/plugins/jquery.min.js
[INFO]2018-03-20 19:59:19:150 [::1] request: http://localhost/reg/bootstrap/js/bootstrap.min.js
[INFO]2018-03-20 19:59:19:170 [::1] request: http://localhost/reg/plugins/isotope/isotope.pkgd.min.js
[INFO]2018-03-20 19:59:19:206 [::1] request: http://localhost/reg/plugins/modernizr.js
[INFO]2018-03-20 19:59:19:229 [::1] request: http://localhost/reg/plugins/jquery.backstretch.min.js
[INFO]2018-03-20 19:59:19:242 [::1] request: http://localhost/reg/plugins/jquery.appear.js
[INFO]2018-03-20 19:59:19:271 [::1] request: http://localhost/img/decoration.png
[INFO]2018-03-20 19:59:19:275 [::1] request: http://localhost/reg/images/logo.png
[INFO]2018-03-20 19:59:19:275 [::1] request: http://localhost/reg/js/custom.js
[INFO]2018-03-20 19:59:19:287 [::1] request: http://localhost/reg/js/template.js
[INFO]2018-03-20 19:59:19:330 [::1] request: http://localhost/reg/
[INFO]2018-03-20 19:59:19:521 [::1] request: http://localhost/reg/static/bootstrap/css/bootstrap.css
[INFO]2018-03-20 19:59:19:527 [::1] request: http://localhost/reg/static/fonts/font-awesome/css/font-awesome.css
[INFO]2018-03-20 19:59:19:531 [::1] request: http://localhost/reg/plugins/jquery.min.js
[INFO]2018-03-20 19:59:19:539 [::1] request: http://localhost/reg/static/css/style.css
[INFO]2018-03-20 19:59:19:568 [::1] request: http://localhost/reg/static/css/custom.css
[INFO]2018-03-20 19:59:19:585 [::1] request: http://localhost/reg/bootstrap/js/bootstrap.min.js
[INFO]2018-03-20 19:59:19:567 [::1] request: http://localhost/reg/static/css/animations.css
[INFO]2018-03-20 19:59:19:588 [::1] request: http://localhost/reg/plugins/isotope/isotope.pkgd.min.js
[INFO]2018-03-20 19:59:19:597 [::1] request: http://localhost/reg/plugins/modernizr.js
[INFO]2018-03-20 19:59:19:629 [::1] request: http://localhost/reg/images/logo.png
[INFO]2018-03-20 19:59:19:641 [::1] request: http://localhost/reg/plugins/jquery.backstretch.min.js
[INFO]2018-03-20 19:59:19:657 [::1] request: http://localhost/img/decoration.png
[INFO]2018-03-20 19:59:19:690 [::1] request: http://localhost/reg/
[INFO]2018-03-20 19:59:19:769 [::1] request: http://localhost/reg/
[INFO]2018-03-20 19:59:19:875 [::1] request: http://localhost/reg/static/bootstrap/css/bootstrap.css
[INFO]2018-03-20 19:59:19:887 [::1] request: http://localhost/reg/static/css/style.css
[INFO]2018-03-20 19:59:19:909 [::1] request: http://localhost/reg/static/css/animations.css
[INFO]2018-03-20 19:59:19:921 [::1] request: http://localhost/reg/static/css/custom.css
[INFO]2018-03-20 19:59:19:933 [::1] request: http://localhost/reg/static/fonts/font-awesome/css/font-awesome.css
[INFO]2018-03-20 19:59:19:935 [::1] request: http://localhost/reg/plugins/jquery.min.js
[INFO]2018-03-20 19:59:20:017 [::1] request: http://localhost/reg/images/logo.png
[INFO]2018-03-20 19:59:20:020 [::1] request: http://localhost/img/decoration.png
[INFO]2018-03-20 19:59:20:125 [::1] request: http://localhost/reg/
[INFO]2018-03-20 19:59:20:166 [::1] request: http://localhost/reg/
[INFO]2018-03-20 19:59:20:309 [::1] request: http://localhost/reg/static/fonts/font-awesome/css/font-awesome.css
[INFO]2018-03-20 19:59:20:310 [::1] request: http://localhost/reg/static/bootstrap/css/bootstrap.css
[INFO]2018-03-20 19:59:20:311 [::1] request: http://localhost/reg/static/css/custom.css
[INFO]2018-03-20 19:59:20:321 [::1] request: http://localhost/reg/static/css/style.css
[INFO]2018-03-20 19:59:20:345 [::1] request: http://localhost/reg/plugins/jquery.min.js
[INFO]2018-03-20 19:59:20:356 [::1] request: http://localhost/reg/plugins/modernizr.js
[INFO]2018-03-20 19:59:20:366 [::1] request: http://localhost/reg/plugins/isotope/isotope.pkgd.min.js
[INFO]2018-03-20 19:59:20:369 [::1] request: http://localhost/reg/bootstrap/js/bootstrap.min.js
[INFO]2018-03-20 19:59:20:376 [::1] request: http://localhost/reg/static/css/animations.css
[INFO]2018-03-20 19:59:20:378 [::1] request: http://localhost/reg/plugins/jquery.backstretch.min.js
[INFO]2018-03-20 19:59:20:406 [::1] request: http://localhost/reg/plugins/jquery.appear.js
[INFO]2018-03-20 19:59:20:418 [::1] request: http://localhost/reg/js/template.js
[INFO]2018-03-20 19:59:20:425 [::1] request: http://localhost/reg/js/custom.js
[INFO]2018-03-20 19:59:20:450 [::1] request: http://localhost/reg/images/logo.png
[INFO]2018-03-20 19:59:20:450 [::1] request: http://localhost/img/decoration.png
[INFO]2018-03-20 19:59:20:535 [::1] request: http://localhost/reg/
[INFO]2018-03-20 19:59:20:723 [::1] request: http://localhost/reg/static/bootstrap/css/bootstrap.css
[INFO]2018-03-20 19:59:20:725 [::1] request: http://localhost/reg/static/css/custom.css
[INFO]2018-03-20 19:59:20:760 [::1] request: http://localhost/reg/static/css/animations.css
[INFO]2018-03-20 19:59:20:777 [::1] request: http://localhost/reg/bootstrap/js/bootstrap.min.js
[INFO]2018-03-20 19:59:20:791 [::1] request: http://localhost/reg/static/css/style.css
[INFO]2018-03-20 19:59:20:798 [::1] request: http://localhost/reg/plugins/jquery.min.js
[INFO]2018-03-20 19:59:20:805 [::1] request: http://localhost/reg/plugins/isotope/isotope.pkgd.min.js
[INFO]2018-03-20 19:59:20:802 [::1] request: http://localhost/reg/static/fonts/font-awesome/css/font-awesome.css
[INFO]2018-03-20 19:59:20:828 [::1] request: http://localhost/reg/plugins/modernizr.js
[INFO]2018-03-20 19:59:20:844 [::1] request: http://localhost/reg/plugins/jquery.appear.js
[INFO]2018-03-20 19:59:20:850 [::1] request: http://localhost/reg/plugins/jquery.backstretch.min.js
[INFO]2018-03-20 19:59:20:878 [::1] request: http://localhost/reg/js/custom.js
[INFO]2018-03-20 19:59:20:890 [::1] request: http://localhost/reg/js/template.js
[INFO]2018-03-20 19:59:20:941 [::1] request: http://localhost/reg/bootstrap/js/bootstrap.min.js
[INFO]2018-03-20 19:59:20:977 [::1] request: http://localhost/reg/plugins/modernizr.js
[INFO]2018-03-20 19:59:21:008 [::1] request: http://localhost/reg/plugins/isotope/isotope.pkgd.min.js
[INFO]2018-03-20 19:59:21:037 [::1] request: http://localhost/reg/plugins/jquery.backstretch.min.js
[INFO]2018-03-20 19:59:21:048 [::1] request: http://localhost/reg/images/logo.png
[INFO]2018-03-20 19:59:21:064 [::1] request: http://localhost/img/decoration.png
[INFO]2018-03-20 19:59:21:107 [::1] request: http://localhost/reg/plugins/jquery.appear.js
[INFO]2018-03-20 19:59:21:162 [::1] request: http://localhost/reg/js/template.js
[INFO]2018-03-20 19:59:21:219 [::1] request: http://localhost/reg/js/custom.js
[INFO]2018-03-20 19:59:29:610 [::1] request: http://localhost/reg.php?name=&A=%E7%94%B7&company=&title=&mobile=&yzm=&email=
[INFO]2018-03-20 19:59:34:166 [::1] request: http://localhost/reg/
[INFO]2018-03-20 19:59:44:731 [::1] request: http://localhost/
[INFO]2018-03-20 19:59:46:904 [::1] request: http://localhost/
[INFO]2018-03-20 19:59:47:081 [::1] request: http://localhost/bootstrap/css/bootstrap.css
[INFO]2018-03-20 19:59:47:122 [::1] request: http://localhost/css/style.css
[INFO]2018-03-20 19:59:47:140 [::1] request: http://localhost/fonts/font-awesome/css/font-awesome.css
[INFO]2018-03-20 19:59:47:148 [::1] request: http://localhost/bootstrap/js/bootstrap.min.js
[INFO]2018-03-20 19:59:47:158 [::1] request: http://localhost/css/animations.css
[INFO]2018-03-20 19:59:47:161 [::1] request: http://localhost/css/custom.css
[INFO]2018-03-20 19:59:47:187 [::1] request: http://localhost/images/logo.png
[INFO]2018-03-20 19:59:47:264 [::1] request: http://localhost/
[INFO]2018-03-20 19:59:47:270 [::1] request: http://localhost/bootstrap/js/bootstrap.min.js
[INFO]2018-03-20 19:59:47:280 [::1] request: http://localhost/js/template.js
[INFO]2018-03-20 19:59:47:431 [::1] request: http://localhost/bootstrap/css/bootstrap.css
[INFO]2018-03-20 19:59:47:462 [::1] request: http://localhost/fonts/font-awesome/css/font-awesome.css
[INFO]2018-03-20 19:59:47:463 [::1] request: http://localhost/bootstrap/js/bootstrap.min.js
[INFO]2018-03-20 19:59:47:466 [::1] request: http://localhost/css/custom.css
[INFO]2018-03-20 19:59:47:467 [::1] request: http://localhost/css/style.css
[INFO]2018-03-20 19:59:47:472 [::1] request: http://localhost/css/animations.css
[INFO]2018-03-20 19:59:47:492 [::1] request: http://localhost/js/template.js
[INFO]2018-03-20 19:59:47:519 [::1] request: http://localhost/js/custom.js
[INFO]2018-03-20 19:59:47:538 [::1] request: http://localhost/images/logo.png
[INFO]2018-03-20 19:59:47:623 [::1] request: http://localhost/
[INFO]2018-03-20 19:59:47:729 [::1] request: http://localhost/bootstrap/css/bootstrap.css
[INFO]2018-03-20 19:59:47:731 [::1] request: http://localhost/fonts/font-awesome/css/font-awesome.css
[INFO]2018-03-20 19:59:47:781 [::1] request: http://localhost/css/style.css
[INFO]2018-03-20 19:59:47:786 [::1] request: http://localhost/css/animations.css
[INFO]2018-03-20 19:59:47:799 [::1] request: http://localhost/bootstrap/js/bootstrap.min.js
[INFO]2018-03-20 19:59:47:803 [::1] request: http://localhost/css/custom.css
[INFO]2018-03-20 19:59:47:815 [::1] request: http://localhost/js/template.js
[INFO]2018-03-20 19:59:47:816 [::1] request: http://localhost/js/custom.js
[INFO]2018-03-20 19:59:47:851 [::1] request: http://localhost/images/logo.png
[INFO]2018-03-20 19:59:47:940 [::1] request: http://localhost/
[INFO]2018-03-20 19:59:48:071 [::1] request: http://localhost/bootstrap/css/bootstrap.css
[INFO]2018-03-20 19:59:48:082 [::1] request: http://localhost/css/style.css
[INFO]2018-03-20 19:59:48:083 [::1] request: http://localhost/css/custom.css
[INFO]2018-03-20 19:59:48:096 [::1] request: http://localhost/fonts/font-awesome/css/font-awesome.css
[INFO]2018-03-20 19:59:48:111 [::1] request: http://localhost/js/template.js
[INFO]2018-03-20 19:59:48:116 [::1] request: http://localhost/js/custom.js
[INFO]2018-03-20 19:59:48:118 [::1] request: http://localhost/css/animations.css
[INFO]2018-03-20 19:59:48:147 [::1] request: http://localhost/bootstrap/js/bootstrap.min.js
[INFO]2018-03-20 19:59:48:203 [::1] request: http://localhost/images/logo.png
[INFO]2018-03-20 19:59:48:285 [::1] request: http://localhost/
[INFO]2018-03-20 19:59:48:431 [::1] request: http://localhost/bootstrap/css/bootstrap.css
[INFO]2018-03-20 19:59:48:438 [::1] request: http://localhost/fonts/font-awesome/css/font-awesome.css
[INFO]2018-03-20 19:59:48:458 [::1] request: http://localhost/css/style.css
[INFO]2018-03-20 19:59:48:472 [::1] request: http://localhost/css/animations.css
[INFO]2018-03-20 19:59:48:473 [::1] request: http://localhost/css/custom.css
[INFO]2018-03-20 19:59:48:482 [::1] request: http://localhost/bootstrap/js/bootstrap.min.js
[INFO]2018-03-20 19:59:48:484 [::1] request: http://localhost/js/template.js
[INFO]2018-03-20 19:59:48:486 [::1] request: http://localhost/js/custom.js
[INFO]2018-03-20 19:59:48:604 [::1] request: http://localhost/images/logo.png
[INFO]2018-03-20 19:59:48:649 [::1] request: http://localhost/bootstrap/js/bootstrap.min.js
[INFO]2018-03-20 19:59:48:696 [::1] request: http://localhost/js/template.js
[INFO]2018-03-20 19:59:48:725 [::1] request: http://localhost/js/custom.js
[INFO]2018-03-20 20:02:56:291 [::1] request: http://localhost/
[INFO]2018-03-20 20:02:56:469 [::1] request: http://localhost/bootstrap/css/bootstrap.css
[INFO]2018-03-20 20:02:56:477 [::1] request: http://localhost/css/animations.css
[INFO]2018-03-20 20:02:56:486 [::1] request: http://localhost/fonts/font-awesome/css/font-awesome.css
[INFO]2018-03-20 20:02:56:522 [::1] request: http://localhost/css/style.css
[INFO]2018-03-20 20:02:56:563 [::1] request: http://localhost/css/custom.css
[INFO]2018-03-20 20:02:56:629 [::1] request: http://localhost/js/template.js
[INFO]2018-03-20 20:02:56:631 [::1] request: http://localhost/bootstrap/js/bootstrap.min.js
[INFO]2018-03-20 20:02:56:641 [::1] request: http://localhost/js/custom.js
[INFO]2018-03-20 20:02:57:273 [::1] request: http://localhost/images/logo.png
[INFO]2018-03-20 20:02:57:314 [::1] request: http://localhost/bootstrap/js/bootstrap.min.js
[INFO]2018-03-20 20:02:57:373 [::1] request: http://localhost/js/template.js
[INFO]2018-03-20 20:02:57:402 [::1] request: http://localhost/js/custom.js
[INFO]2018-03-20 20:03:26:669 [::1] request: http://localhost/reg/
[INFO]2018-03-20 20:03:26:862 [::1] request: http://localhost/reg/bootstrap/js/bootstrap.min.js
[INFO]2018-03-20 20:03:26:865 [::1] request: http://localhost/reg/plugins/jquery.min.js
[INFO]2018-03-20 20:03:26:899 [::1] request: http://localhost/reg/plugins/jquery.appear.js
[INFO]2018-03-20 20:03:26:909 [::1] request: http://localhost/reg/js/template.js
[INFO]2018-03-20 20:03:26:893 [::1] request: http://localhost/reg/plugins/jquery.backstretch.min.js
[INFO]2018-03-20 20:03:26:933 [::1] request: http://localhost/reg/plugins/modernizr.js
[INFO]2018-03-20 20:03:26:938 [::1] request: http://localhost/reg/plugins/isotope/isotope.pkgd.min.js
[INFO]2018-03-20 20:03:26:954 [::1] request: http://localhost/reg/js/custom.js
[INFO]2018-03-20 20:03:26:960 [::1] request: http://localhost/reg/images/logo.png
[INFO]2018-03-20 20:03:26:977 [::1] request: http://localhost/img/decoration.png
[INFO]2018-03-20 20:03:27:002 [::1] request: http://localhost/reg/bootstrap/js/bootstrap.min.js
[INFO]2018-03-20 20:03:27:055 [::1] request: http://localhost/reg/plugins/modernizr.js
[INFO]2018-03-20 20:03:27:161 [::1] request: http://localhost/reg/plugins/isotope/isotope.pkgd.min.js
[INFO]2018-03-20 20:03:27:207 [::1] request: http://localhost/reg/plugins/jquery.backstretch.min.js
[INFO]2018-03-20 20:03:27:239 [::1] request: http://localhost/reg/plugins/jquery.appear.js
[INFO]2018-03-20 20:03:27:270 [::1] request: http://localhost/reg/js/template.js
[INFO]2018-03-20 20:03:27:304 [::1] request: http://localhost/reg/js/custom.js
[INFO]2018-03-20 20:03:37:726 [::1] request: http://localhost/reg/
[INFO]2018-03-20 20:03:37:874 [::1] request: http://localhost/reg/images/logo.png
[INFO]2018-03-20 20:03:37:887 [::1] request: http://localhost/img/decoration.png
[INFO]2018-03-20 20:03:37:909 [::1] request: http://localhost/reg/bootstrap/js/bootstrap.min.js
[INFO]2018-03-20 20:03:37:931 [::1] request: http://localhost/reg/plugins/modernizr.js
[INFO]2018-03-20 20:03:37:937 [::1] request: http://localhost/reg/plugins/isotope/isotope.pkgd.min.js
[INFO]2018-03-20 20:03:37:945 [::1] request: http://localhost/reg/plugins/jquery.appear.js
[INFO]2018-03-20 20:03:37:965 [::1] request: http://localhost/reg/js/template.js
[INFO]2018-03-20 20:03:37:977 [::1] request: http://localhost/reg/plugins/jquery.backstretch.min.js
[INFO]2018-03-20 20:03:37:989 [::1] request: http://localhost/reg/plugins/jquery.min.js
[INFO]2018-03-20 20:03:37:991 [::1] request: http://localhost/reg/js/custom.js
[INFO]2018-03-20 20:03:38:092 [::1] request: http://localhost/reg/bootstrap/js/bootstrap.min.js
[INFO]2018-03-20 20:03:38:158 [::1] request: http://localhost/reg/plugins/modernizr.js
[INFO]2018-03-20 20:03:38:204 [::1] request: http://localhost/reg/plugins/isotope/isotope.pkgd.min.js
[INFO]2018-03-20 20:03:38:241 [::1] request: http://localhost/reg/plugins/jquery.backstretch.min.js
[INFO]2018-03-20 20:03:38:276 [::1] request: http://localhost/reg/plugins/jquery.appear.js
[INFO]2018-03-20 20:03:38:318 [::1] request: http://localhost/reg/js/template.js
[INFO]2018-03-20 20:03:38:357 [::1] request: http://localhost/reg/js/custom.js
[INFO]2018-03-20 20:03:43:799 [::1] request: http://localhost/
[INFO]2018-03-20 20:03:43:960 [::1] request: http://localhost/bootstrap/css/bootstrap.css
[INFO]2018-03-20 20:03:43:974 [::1] request: http://localhost/fonts/font-awesome/css/font-awesome.css
[INFO]2018-03-20 20:03:43:990 [::1] request: http://localhost/css/custom.css
[INFO]2018-03-20 20:03:43:998 [::1] request: http://localhost/css/style.css
[INFO]2018-03-20 20:03:44:052 [::1] request: http://localhost/css/animations.css
[INFO]2018-03-20 20:03:44:078 [::1] request: http://localhost/images/logo.png
[INFO]2018-03-20 20:03:44:121 [::1] request: http://localhost/js/custom.js
[INFO]2018-03-20 20:03:44:124 [::1] request: http://localhost/bootstrap/js/bootstrap.min.js
[INFO]2018-03-20 20:03:44:130 [::1] request: http://localhost/js/template.js
[INFO]2018-03-20 20:03:44:222 [::1] request: http://localhost/js/template.js
[INFO]2018-03-20 20:03:44:254 [::1] request: http://localhost/js/custom.js
[INFO]2018-03-20 20:04:32:048 [::1] request: http://localhost/
[INFO]2018-03-20 20:04:32:227 [::1] request: http://localhost/js/custom.js
[INFO]2018-03-20 20:04:32:251 [::1] request: http://localhost/js/template.js
[INFO]2018-03-20 20:04:32:255 [::1] request: http://localhost/bootstrap/js/bootstrap.min.js
[INFO]2018-03-20 20:04:32:814 [::1] request: http://localhost/images/logo.png
[INFO]2018-03-20 20:04:32:876 [::1] request: http://localhost/bootstrap/js/bootstrap.min.js
[INFO]2018-03-20 20:04:32:953 [::1] request: http://localhost/js/template.js
[INFO]2018-03-20 20:04:32:985 [::1] request: http://localhost/js/custom.js
[INFO]2018-03-20 20:04:59:882 [::1] request: http://localhost/
[INFO]2018-03-20 20:05:00:107 [::1] request: http://localhost/js/template.js
[INFO]2018-03-20 20:05:00:108 [::1] request: http://localhost/js/custom.js
[INFO]2018-03-20 20:05:00:151 [::1] request: http://localhost/bootstrap/js/bootstrap.min.js
[INFO]2018-03-20 20:05:00:322 [::1] request: http://localhost/bootstrap/js/bootstrap.min.js
[INFO]2018-03-20 20:05:00:386 [::1] request: http://localhost/js/template.js
[INFO]2018-03-20 20:05:00:420 [::1] request: http://localhost/js/custom.js
[INFO]2018-03-20 20:05:05:368 [::1] request: http://localhost/
[INFO]2018-03-20 20:05:05:513 [::1] request: http://localhost/bootstrap/js/bootstrap.min.js
[INFO]2018-03-20 20:05:05:617 [::1] request: http://localhost/js/custom.js
[INFO]2018-03-20 20:05:05:621 [::1] request: http://localhost/js/template.js
[INFO]2018-03-20 20:05:05:756 [::1] request: http://localhost/bootstrap/js/bootstrap.min.js
[INFO]2018-03-20 20:05:05:820 [::1] request: http://localhost/js/template.js
[INFO]2018-03-20 20:05:05:849 [::1] request: http://localhost/js/custom.js
[INFO]2018-03-20 20:10:17:385 [::1] request: http://localhost/
[INFO]2018-03-20 20:10:17:626 [::1] request: http://localhost/bootstrap/js/bootstrap.min.js
[INFO]2018-03-20 20:10:17:633 [::1] request: http://localhost/js/custom.js
[INFO]2018-03-20 20:10:17:636 [::1] request: http://localhost/js/template.js
[INFO]2018-03-20 20:10:17:847 [::1] request: http://localhost/
[INFO]2018-03-20 20:10:17:992 [::1] request: http://localhost/bootstrap/js/bootstrap.min.js
[INFO]2018-03-20 20:10:18:000 [::1] request: http://localhost/js/template.js
[INFO]2018-03-20 20:10:18:014 [::1] request: http://localhost/js/custom.js
[INFO]2018-03-20 20:10:18:180 [::1] request: http://localhost/
[INFO]2018-03-20 20:10:18:344 [::1] request: http://localhost/js/custom.js
[INFO]2018-03-20 20:10:18:357 [::1] request: http://localhost/js/template.js
[INFO]2018-03-20 20:10:18:361 [::1] request: http://localhost/bootstrap/js/bootstrap.min.js
[INFO]2018-03-20 20:10:18:928 [::1] request: http://localhost/bootstrap/js/bootstrap.min.js
[INFO]2018-03-20 20:10:18:981 [::1] request: http://localhost/js/template.js
[INFO]2018-03-20 20:10:19:007 [::1] request: http://localhost/js/custom.js
[INFO]2018-03-20 20:10:19:077 [::1] request: http://localhost/
[INFO]2018-03-20 20:10:19:233 [::1] request: http://localhost/bootstrap/js/bootstrap.min.js
[INFO]2018-03-20 20:10:19:242 [::1] request: http://localhost/js/custom.js
[INFO]2018-03-20 20:10:19:247 [::1] request: http://localhost/js/template.js
[INFO]2018-03-20 20:10:19:851 [::1] request: http://localhost/bootstrap/js/bootstrap.min.js
[INFO]2018-03-20 20:10:19:915 [::1] request: http://localhost/js/template.js
[INFO]2018-03-20 20:10:19:944 [::1] request: http://localhost/js/custom.js
[INFO]2018-03-20 20:10:20:097 [::1] request: http://localhost/
[INFO]2018-03-20 20:10:20:243 [::1] request: http://localhost/bootstrap/js/bootstrap.min.js
[INFO]2018-03-20 20:10:20:261 [::1] request: http://localhost/js/template.js
[INFO]2018-03-20 20:10:20:277 [::1] request: http://localhost/js/custom.js
[INFO]2018-03-20 20:10:20:502 [::1] request: http://localhost/bootstrap/js/bootstrap.min.js
[INFO]2018-03-20 20:10:20:566 [::1] request: http://localhost/js/template.js
[INFO]2018-03-20 20:10:20:596 [::1] request: http://localhost/js/custom.js
[INFO]2018-03-20 20:10:20:662 [::1] request: http://localhost/
[INFO]2018-03-20 20:10:20:809 [::1] request: http://localhost/bootstrap/js/bootstrap.min.js
[INFO]2018-03-20 20:10:20:814 [::1] request: http://localhost/js/custom.js
[INFO]2018-03-20 20:10:20:832 [::1] request: http://localhost/js/template.js
[INFO]2018-03-20 20:10:20:993 [::1] request: http://localhost/
[INFO]2018-03-20 20:10:21:159 [::1] request: http://localhost/bootstrap/js/bootstrap.min.js
[INFO]2018-03-20 20:10:21:161 [::1] request: http://localhost/js/custom.js
[INFO]2018-03-20 20:10:21:178 [::1] request: http://localhost/js/template.js
[INFO]2018-03-20 20:10:21:307 [::1] request: http://localhost/
[INFO]2018-03-20 20:10:21:480 [::1] request: http://localhost/js/template.js
[INFO]2018-03-20 20:10:21:482 [::1] request: http://localhost/js/custom.js
[INFO]2018-03-20 20:10:21:500 [::1] request: http://localhost/bootstrap/js/bootstrap.min.js
[INFO]2018-03-20 20:10:21:622 [::1] request: http://localhost/
[INFO]2018-03-20 20:10:21:722 [::1] request: http://localhost/
[INFO]2018-03-20 20:10:22:017 [::1] request: http://localhost/
[INFO]2018-03-20 20:10:22:084 [::1] request: http://localhost/
[INFO]2018-03-20 20:10:22:372 [::1] request: http://localhost/
[INFO]2018-03-20 20:10:22:544 [::1] request: http://localhost/
[INFO]2018-03-20 20:10:22:715 [::1] request: http://localhost/bootstrap/js/bootstrap.min.js
[INFO]2018-03-20 20:10:22:717 [::1] request: http://localhost/js/template.js
[INFO]2018-03-20 20:10:22:743 [::1] request: http://localhost/js/custom.js
[INFO]2018-03-20 20:10:22:899 [::1] request: http://localhost/
[INFO]2018-03-20 20:10:23:051 [::1] request: http://localhost/js/template.js
[INFO]2018-03-20 20:10:23:052 [::1] request: http://localhost/js/custom.js
[INFO]2018-03-20 20:10:23:081 [::1] request: http://localhost/bootstrap/js/bootstrap.min.js
[INFO]2018-03-20 20:10:23:217 [::1] request: http://localhost/
[INFO]2018-03-20 20:10:23:281 [::1] request: http://localhost/
[INFO]2018-03-20 20:10:23:402 [::1] request: http://localhost/bootstrap/js/bootstrap.min.js
[INFO]2018-03-20 20:10:23:409 [::1] request: http://localhost/js/custom.js
[INFO]2018-03-20 20:10:23:429 [::1] request: http://localhost/js/template.js
[INFO]2018-03-20 20:10:23:634 [::1] request: http://localhost/
[INFO]2018-03-20 20:10:23:773 [::1] request: http://localhost/js/template.js
[INFO]2018-03-20 20:10:23:775 [::1] request: http://localhost/js/custom.js
[INFO]2018-03-20 20:10:23:791 [::1] request: http://localhost/bootstrap/js/bootstrap.min.js
[INFO]2018-03-20 20:10:24:151 [::1] request: http://localhost/bootstrap/js/bootstrap.min.js
[INFO]2018-03-20 20:10:24:212 [::1] request: http://localhost/js/template.js
[INFO]2018-03-20 20:10:24:242 [::1] request: http://localhost/js/custom.js
[INFO]2018-03-20 20:11:10:307 [::1] request: http://localhost/
[INFO]2018-03-20 20:11:10:724 [::1] request: http://localhost/images/banner.jpg
[INFO]2018-03-20 20:11:20:923 [::1] request: http://localhost/reg/
[INFO]2018-03-20 20:11:21:122 [::1] request: http://localhost/reg/plugins/jquery.min.js
[INFO]2018-03-20 20:11:21:123 [::1] request: http://localhost/reg/bootstrap/js/bootstrap.min.js
[INFO]2018-03-20 20:11:21:116 [::1] request: http://localhost/reg/images/logo.png
[INFO]2018-03-20 20:11:21:136 [::1] request: http://localhost/reg/plugins/isotope/isotope.pkgd.min.js
[INFO]2018-03-20 20:11:21:168 [::1] request: http://localhost/reg/plugins/modernizr.js
[INFO]2018-03-20 20:11:21:185 [::1] request: http://localhost/reg/plugins/jquery.appear.js
[INFO]2018-03-20 20:11:21:198 [::1] request: http://localhost/reg/plugins/jquery.backstretch.min.js
[INFO]2018-03-20 20:11:21:208 [::1] request: http://localhost/reg/js/custom.js
[INFO]2018-03-20 20:11:21:212 [::1] request: http://localhost/img/decoration.png
[INFO]2018-03-20 20:11:21:215 [::1] request: http://localhost/reg/js/template.js
[INFO]2018-03-20 20:11:21:325 [::1] request: http://localhost/reg/plugins/modernizr.js
[INFO]2018-03-20 20:11:21:388 [::1] request: http://localhost/reg/plugins/isotope/isotope.pkgd.min.js
[INFO]2018-03-20 20:11:21:427 [::1] request: http://localhost/reg/plugins/jquery.backstretch.min.js
[INFO]2018-03-20 20:11:21:462 [::1] request: http://localhost/reg/plugins/jquery.appear.js
[INFO]2018-03-20 20:11:21:499 [::1] request: http://localhost/reg/js/template.js
[INFO]2018-03-20 20:11:21:537 [::1] request: http://localhost/reg/js/custom.js
[INFO]2018-03-20 20:11:44:114 [::1] request: http://localhost/reg/
[INFO]2018-03-20 20:11:44:283 [::1] request: http://localhost/reg/plugins/isotope/isotope.pkgd.min.js
[INFO]2018-03-20 20:11:44:305 [::1] request: http://localhost/reg/plugins/jquery.appear.js
[INFO]2018-03-20 20:11:44:329 [::1] request: http://localhost/reg/plugins/jquery.min.js
[INFO]2018-03-20 20:11:44:332 [::1] request: http://localhost/reg/plugins/jquery.backstretch.min.js
[INFO]2018-03-20 20:11:44:341 [::1] request: http://localhost/reg/plugins/modernizr.js
[INFO]2018-03-20 20:11:44:446 [::1] request: http://localhost/img/decoration.png
[INFO]2018-03-20 20:11:44:446 [::1] request: http://localhost/reg/images/logo.png
[INFO]2018-03-20 20:11:44:551 [::1] request: http://localhost/reg/plugins/modernizr.js
[INFO]2018-03-20 20:11:44:589 [::1] request: http://localhost/reg/plugins/isotope/isotope.pkgd.min.js
[INFO]2018-03-20 20:11:44:626 [::1] request: http://localhost/reg/plugins/jquery.backstretch.min.js
[INFO]2018-03-20 20:11:44:661 [::1] request: http://localhost/reg/plugins/jquery.appear.js
[INFO]2018-03-20 20:11:47:126 [::1] request: http://localhost/reg/
[INFO]2018-03-20 20:11:47:272 [::1] request: http://localhost/reg/plugins/jquery.min.js
[INFO]2018-03-20 20:11:47:287 [::1] request: http://localhost/reg/plugins/jquery.appear.js
[INFO]2018-03-20 20:11:47:291 [::1] request: http://localhost/reg/plugins/modernizr.js
[INFO]2018-03-20 20:11:47:294 [::1] request: http://localhost/reg/plugins/jquery.backstretch.min.js
[INFO]2018-03-20 20:11:47:294 [::1] request: http://localhost/reg/plugins/isotope/isotope.pkgd.min.js
[INFO]2018-03-20 20:11:47:480 [::1] request: http://localhost/reg/images/logo.png
[INFO]2018-03-20 20:11:47:481 [::1] request: http://localhost/img/decoration.png
[INFO]2018-03-20 20:11:47:580 [::1] request: http://localhost/reg/
[INFO]2018-03-20 20:11:47:743 [::1] request: http://localhost/reg/plugins/jquery.backstretch.min.js
[INFO]2018-03-20 20:11:47:744 [::1] request: http://localhost/reg/plugins/modernizr.js
[INFO]2018-03-20 20:11:47:755 [::1] request: http://localhost/reg/plugins/jquery.appear.js
[INFO]2018-03-20 20:11:47:774 [::1] request: http://localhost/reg/plugins/jquery.min.js
[INFO]2018-03-20 20:11:47:776 [::1] request: http://localhost/reg/plugins/isotope/isotope.pkgd.min.js
[INFO]2018-03-20 20:11:47:870 [::1] request: http://localhost/img/decoration.png
[INFO]2018-03-20 20:11:47:873 [::1] request: http://localhost/reg/images/logo.png
[INFO]2018-03-20 20:11:47:951 [::1] request: http://localhost/reg/
[INFO]2018-03-20 20:11:48:104 [::1] request: http://localhost/reg/
[INFO]2018-03-20 20:11:48:245 [::1] request: http://localhost/reg/plugins/isotope/isotope.pkgd.min.js
[INFO]2018-03-20 20:11:48:260 [::1] request: http://localhost/reg/plugins/jquery.min.js
[INFO]2018-03-20 20:11:48:268 [::1] request: http://localhost/reg/plugins/modernizr.js
[INFO]2018-03-20 20:11:48:277 [::1] request: http://localhost/reg/plugins/jquery.backstretch.min.js
[INFO]2018-03-20 20:11:48:280 [::1] request: http://localhost/reg/plugins/jquery.appear.js
[INFO]2018-03-20 20:11:48:358 [::1] request: http://localhost/img/decoration.png
[INFO]2018-03-20 20:11:48:370 [::1] request: http://localhost/reg/images/logo.png
[INFO]2018-03-20 20:11:48:480 [::1] request: http://localhost/reg/
[INFO]2018-03-20 20:11:48:655 [::1] request: http://localhost/reg/plugins/jquery.min.js
[INFO]2018-03-20 20:11:48:670 [::1] request: http://localhost/reg/images/logo.png
[INFO]2018-03-20 20:11:48:686 [::1] request: http://localhost/img/decoration.png
[INFO]2018-03-20 20:11:48:763 [::1] request: http://localhost/reg/
[INFO]2018-03-20 20:11:48:926 [::1] request: http://localhost/reg/plugins/isotope/isotope.pkgd.min.js
[INFO]2018-03-20 20:11:48:931 [::1] request: http://localhost/reg/plugins/jquery.min.js
[INFO]2018-03-20 20:11:48:941 [::1] request: http://localhost/reg/plugins/modernizr.js
[INFO]2018-03-20 20:11:48:956 [::1] request: http://localhost/reg/plugins/jquery.appear.js
[INFO]2018-03-20 20:11:48:953 [::1] request: http://localhost/reg/plugins/jquery.backstretch.min.js
[INFO]2018-03-20 20:11:49:473 [::1] request: http://localhost/reg/images/logo.png
[INFO]2018-03-20 20:11:49:485 [::1] request: http://localhost/img/decoration.png
[INFO]2018-03-20 20:11:49:561 [::1] request: http://localhost/reg/plugins/modernizr.js
[INFO]2018-03-20 20:11:49:602 [::1] request: http://localhost/reg/plugins/isotope/isotope.pkgd.min.js
[INFO]2018-03-20 20:11:49:633 [::1] request: http://localhost/reg/plugins/jquery.backstretch.min.js
[INFO]2018-03-20 20:11:49:670 [::1] request: http://localhost/reg/plugins/jquery.appear.js
[INFO]2018-03-20 20:12:02:656 [::1] request: http://localhost/
[INFO]2018-03-20 20:12:03:004 [::1] request: http://localhost/images/banner.jpg
[INFO]2018-03-20 20:16:58:095 [::1] request: http://localhost/
[INFO]2018-03-20 20:17:02:296 [::1] request: http://localhost/reg/
[INFO]2018-03-20 20:17:02:433 [::1] request: http://localhost/reg/images/logo.png
[INFO]2018-03-20 20:17:02:464 [::1] request: http://localhost/reg/plugins/jquery.backstretch.min.js
[INFO]2018-03-20 20:17:02:494 [::1] request: http://localhost/reg/plugins/jquery.appear.js
[INFO]2018-03-20 20:17:02:511 [::1] request: http://localhost/reg/plugins/isotope/isotope.pkgd.min.js
[INFO]2018-03-20 20:17:02:514 [::1] request: http://localhost/reg/plugins/jquery.min.js
[INFO]2018-03-20 20:17:02:528 [::1] request: http://localhost/img/decoration.png
[INFO]2018-03-20 20:17:02:544 [::1] request: http://localhost/reg/plugins/modernizr.js
[INFO]2018-03-20 20:17:02:708 [::1] request: http://localhost/reg/plugins/modernizr.js
[INFO]2018-03-20 20:17:02:760 [::1] request: http://localhost/reg/plugins/isotope/isotope.pkgd.min.js
[INFO]2018-03-20 20:17:02:795 [::1] request: http://localhost/reg/plugins/jquery.backstretch.min.js
[INFO]2018-03-20 20:17:02:831 [::1] request: http://localhost/reg/plugins/jquery.appear.js
[INFO]2018-03-20 21:14:39:327 [127.0.0.1] request: http://googleads.g.doubleclick.net/pagead/ads?client=ca-pub-0676661022110159&output=html&h=60&slotname=7072515983&adk=1561692301&adf=3279755399&w=495&loeid=38893312%2C368226211&format=495x60&url=http%3A%2F%2Fhome.firefoxchina.cn%2F&ea=0&flash=29.0.0&wgl=1&dt=1521551677092&bpp=16&bdt=616&fdt=94&idt=1886&shv=r20180312&cbv=r20170110&saldr=aa&correlator=3867953567406&frm=24&ga_vid=615468459.1521551679&ga_sid=1521551679&ga_hid=1250767094&ga_fc=0&pv=2&icsg=2&nhd=2&dssz=2&mdo=0&mso=0&u_tz=480&u_his=1&u_java=0&u_h=768&u_w=1366&u_ah=728&u_aw=1366&u_cd=24&u_nplug=1&u_nmime=2&adx=0&ady=0&biw=-12245933&bih=-12245933&isw=495&ish=60&ifk=3322206223&scr_x=-12245933&scr_y=-12245933&eid=21061122%2C36998751%2C38893302%2C191880502%2C368226201%2C20040066%2C389613005&oid=3&rx=0&eae=2&brdim=%2C%2C-8%2C-8%2C1366%2C0%2C1382%2C744%2C495%2C60&vis=1&rsz=%7C%7CcE%7C&abl=NS&ppjl=u&pfx=0&fu=8&bc=1&ifi=1&dtd=1990
[INFO]2018-03-20 21:36:42:572 [::1] request: http://localhost/favicon.ico
[INFO]2018-03-20 21:56:25:311 [::1] request: http://localhost/
[INFO]2018-03-20 21:56:25:962 [::1] request: http://localhost/images/favicon.ico
[INFO]2018-03-20 21:59:22:810 [::1] request: http://localhost/
[INFO]2018-03-20 21:59:23:528 [::1] request: http://localhost/favicon.ico
[INFO]2018-03-20 22:00:06:607 [::1] request: http://localhost/
[INFO]2018-03-20 22:02:19:311 [::1] request: http://localhost/
[INFO]2018-03-20 22:02:55:225 [::1] request: http://localhost/reg/
[INFO]2018-03-20 22:02:56:037 [::1] request: http://localhost/reg/images/logo.png
[INFO]2018-03-20 22:02:56:083 [::1] request: http://localhost/reg/plugins/jquery.appear.js
[INFO]2018-03-20 22:02:56:146 [::1] request: http://localhost/img/decoration.png
[INFO]2018-03-20 22:02:56:208 [::1] request: http://localhost/reg/plugins/jquery.backstretch.min.js
[INFO]2018-03-20 22:02:56:239 [::1] request: http://localhost/reg/plugins/modernizr.js
[INFO]2018-03-20 22:02:56:255 [::1] request: http://localhost/reg/plugins/isotope/isotope.pkgd.min.js
[INFO]2018-03-20 22:02:56:255 [::1] request: http://localhost/reg/plugins/jquery.min.js
[INFO]2018-03-20 22:02:57:363 [::1] request: http://localhost/reg/plugins/modernizr.js
[INFO]2018-03-20 22:02:57:472 [::1] request: http://localhost/reg/plugins/isotope/isotope.pkgd.min.js
[INFO]2018-03-20 22:02:57:612 [::1] request: http://localhost/reg/plugins/jquery.backstretch.min.js
[INFO]2018-03-20 22:02:57:846 [::1] request: http://localhost/reg/plugins/jquery.appear.js
[INFO]2018-03-20 22:02:58:158 [::1] request: http://localhost/reg/images/favicon.ico
[INFO]2018-03-20 22:02:58:533 [::1] request: http://localhost/reg/images/favicon.ico
[INFO]2018-03-20 22:04:00:032 [::1] request: http://localhost/
[INFO]2018-03-20 22:04:55:199 [::1] request: http://localhost/
