[INFO]2018-04-04 11:44:23:297 [::1] request: http://localhost/
[INFO]2018-04-04 11:44:24:263 [::1] request: http://localhost/images/favicon.ico
[INFO]2018-04-04 11:44:27:418 [::1] request: http://localhost/hz
[INFO]2018-04-04 11:44:27:570 [::1] request: http://localhost/login
[INFO]2018-04-04 11:44:29:136 [::1] request: http://localhost/favicon.ico
[INFO]2018-04-04 11:44:44:891 [::1] request: http://localhost/login
[INFO]2018-04-04 11:44:44:983 [::1] request: http://localhost/favicon.ico
[INFO]2018-04-04 11:45:50:244 [::1] request: http://localhost/login
[INFO]2018-04-04 11:45:50:338 [::1] request: http://localhost/favicon.ico
[INFO]2018-04-04 11:45:56:726 [::1] request: http://localhost/login
[INFO]2018-04-04 11:45:56:803 [::1] request: http://localhost/favicon.ico
[INFO]2018-04-04 11:45:56:961 [::1] request: http://localhost/login
[INFO]2018-04-04 11:45:57:046 [::1] request: http://localhost/favicon.ico
[INFO]2018-04-04 11:45:57:202 [::1] request: http://localhost/login
[INFO]2018-04-04 11:45:57:275 [::1] request: http://localhost/favicon.ico
[INFO]2018-04-04 11:45:57:404 [::1] request: http://localhost/login
[INFO]2018-04-04 11:45:57:497 [::1] request: http://localhost/favicon.ico
[INFO]2018-04-04 11:45:57:595 [::1] request: http://localhost/login
[INFO]2018-04-04 11:45:57:690 [::1] request: http://localhost/favicon.ico
[INFO]2018-04-04 11:45:57:764 [::1] request: http://localhost/login
[INFO]2018-04-04 11:45:57:846 [::1] request: http://localhost/favicon.ico
[INFO]2018-04-04 11:45:57:937 [::1] request: http://localhost/login
[INFO]2018-04-04 11:45:58:027 [::1] request: http://localhost/favicon.ico
[INFO]2018-04-04 11:46:00:316 [::1] request: http://localhost/login
[INFO]2018-04-04 11:46:00:387 [::1] request: http://localhost/favicon.ico
[INFO]2018-04-04 11:46:00:936 [::1] request: http://localhost/login
[INFO]2018-04-04 11:46:01:018 [::1] request: http://localhost/favicon.ico
[INFO]2018-04-04 11:46:01:555 [::1] request: http://localhost/login
[INFO]2018-04-04 11:46:01:622 [::1] request: http://localhost/favicon.ico
[INFO]2018-04-04 11:47:24:616 [::1] request: http://localhost/
[INFO]2018-04-04 11:47:25:566 [::1] request: http://localhost/images/favicon.ico
[INFO]2018-04-04 11:47:27:646 [::1] request: http://localhost/hz
[INFO]2018-04-04 11:47:27:711 [::1] request: http://localhost/login
[INFO]2018-04-04 11:47:28:075 [::1] request: http://localhost/favicon.ico
[INFO]2018-04-04 11:47:28:084 [::1] request: http://localhost/favicon.ico
[INFO]2018-04-04 11:49:32:695 [::1] request: http://localhost/login
[INFO]2018-04-04 11:49:47:136 [::1] request: http://localhost/
[INFO]2018-04-04 11:51:24:584 [::1] request: http://localhost/
[INFO]2018-04-04 11:51:34:266 [::1] request: http://localhost/hz
[INFO]2018-04-04 11:51:34:304 [::1] request: http://localhost/login
[INFO]2018-04-04 11:52:10:974 [::1] request: http://localhost/login
[INFO]2018-04-04 11:52:11:136 [::1] request: http://localhost/favicon.ico
[INFO]2018-04-04 11:53:20:274 [::1] request: http://localhost/login
[INFO]2018-04-04 12:00:54:912 [::1] request: http://localhost/
[INFO]2018-04-04 12:00:56:887 [::1] request: http://localhost/reg
[INFO]2018-04-04 12:01:01:745 [::1] request: http://localhost/reg
[INFO]2018-04-04 12:01:23:162 [::1] request: http://localhost/
[INFO]2018-04-04 12:01:24:852 [::1] request: http://localhost/
[INFO]2018-04-04 12:01:30:228 [::1] request: http://localhost/reg
[INFO]2018-04-04 12:01:32:410 [::1] request: http://localhost/reg
[INFO]2018-04-04 12:01:52:292 [::1] request: http://localhost/
[INFO]2018-04-04 12:13:08:281 [::1] request: http://localhost/reg
[INFO]2018-04-04 12:13:11:189 [::1] request: http://localhost/reg
[INFO]2018-04-04 12:13:15:434 [::1] request: http://localhost/
[INFO]2018-04-04 12:13:16:616 [::1] request: http://localhost/
[INFO]2018-04-04 12:13:17:519 [::1] request: http://localhost/
[INFO]2018-04-04 12:13:17:867 [::1] request: http://localhost/
[INFO]2018-04-04 12:13:18:139 [::1] request: http://localhost/
[INFO]2018-04-04 12:13:18:349 [::1] request: http://localhost/
[INFO]2018-04-04 12:13:18:629 [::1] request: http://localhost/
[INFO]2018-04-04 12:13:18:884 [::1] request: http://localhost/
[INFO]2018-04-04 12:13:19:110 [::1] request: http://localhost/
[INFO]2018-04-04 12:13:21:187 [::1] request: http://localhost/hz
[INFO]2018-04-04 12:13:21:223 [::1] request: http://localhost/login
[INFO]2018-04-04 12:13:21:315 [::1] request: http://localhost/favicon.ico
[INFO]2018-04-04 12:13:27:006 [::1] request: http://localhost/
[INFO]2018-04-04 12:13:32:243 [::1] request: http://localhost/reg
[INFO]2018-04-04 12:13:38:656 [::1] request: http://localhost/
[INFO]2018-04-04 12:13:41:820 [::1] request: http://localhost/
[INFO]2018-04-04 12:13:47:994 [::1] request: http://localhost/
[INFO]2018-04-04 12:14:38:947 [::1] request: http://localhost/
[INFO]2018-04-04 12:14:39:357 [::1] request: http://localhost/images/favicon.ico
[INFO]2018-04-04 12:14:40:984 [::1] request: http://localhost/
[INFO]2018-04-04 12:14:41:259 [::1] request: http://localhost/images/favicon.ico
[INFO]2018-04-04 12:14:42:497 [::1] request: http://localhost/
[INFO]2018-04-04 12:14:42:714 [::1] request: http://localhost/images/favicon.ico
[INFO]2018-04-04 12:14:47:602 [::1] request: http://localhost/reg
[INFO]2018-04-04 12:14:51:612 [::1] request: http://localhost/reg
[INFO]2018-04-04 12:14:56:904 [::1] request: http://localhost/hz
[INFO]2018-04-04 12:14:56:924 [::1] request: http://localhost/login
[INFO]2018-04-04 12:14:59:214 [::1] request: http://localhost/login
[INFO]2018-04-04 12:15:06:754 [::1] request: http://localhost/login
[INFO]2018-04-04 12:15:49:959 [127.0.0.1] request: http://www.google-analytics.com/analytics.js
[INFO]2018-04-04 12:19:09:159 [::1] request: http://localhost/login
[INFO]2018-04-04 12:19:09:879 [::1] request: http://localhost/login
[INFO]2018-04-04 12:19:10:069 [::1] request: http://localhost/login
[INFO]2018-04-04 12:19:10:239 [::1] request: http://localhost/login
[INFO]2018-04-04 12:19:10:369 [::1] request: http://localhost/login
[INFO]2018-04-04 12:19:10:519 [::1] request: http://localhost/login
[INFO]2018-04-04 12:19:30:717 [::1] request: http://localhost/hz
[INFO]2018-04-04 12:19:30:746 [::1] request: http://localhost/login
[INFO]2018-04-04 12:19:30:816 [::1] request: http://localhost/favicon.ico
[INFO]2018-04-04 12:19:33:198 [::1] request: http://localhost/login
[INFO]2018-04-04 12:19:33:272 [::1] request: http://localhost/favicon.ico
[INFO]2018-04-04 12:19:41:281 [::1] request: http://localhost/hz
[INFO]2018-04-04 12:19:41:341 [::1] request: http://localhost/login
[INFO]2018-04-04 12:19:51:063 [::1] request: http://localhost/login
[INFO]2018-04-04 12:20:50:765 [::1] request: http://localhost/
[INFO]2018-04-04 12:20:51:082 [::1] request: http://localhost/images/favicon.ico
[INFO]2018-04-04 12:30:21:002 [::1] request: http://localhost/login
[INFO]2018-04-04 12:30:22:512 [::1] request: http://localhost/login
[INFO]2018-04-04 12:30:22:952 [::1] request: http://localhost/login
[INFO]2018-04-04 12:30:23:212 [::1] request: http://localhost/login
[INFO]2018-04-04 12:30:23:412 [::1] request: http://localhost/login
[INFO]2018-04-04 12:30:23:602 [::1] request: http://localhost/login
[INFO]2018-04-04 12:30:41:652 [::1] request: http://localhost/login
[INFO]2018-04-04 12:30:46:202 [::1] request: http://localhost/login
[INFO]2018-04-04 12:30:47:132 [::1] request: http://localhost/login
[INFO]2018-04-04 12:30:47:472 [::1] request: http://localhost/login
[INFO]2018-04-04 12:30:47:672 [::1] request: http://localhost/login
[INFO]2018-04-04 12:30:47:892 [::1] request: http://localhost/login
[INFO]2018-04-04 12:30:48:122 [::1] request: http://localhost/login
[INFO]2018-04-04 12:30:48:322 [::1] request: http://localhost/login
[INFO]2018-04-04 12:30:48:552 [::1] request: http://localhost/login
[INFO]2018-04-04 12:30:56:494 [::1] request: http://localhost/
[INFO]2018-04-04 12:30:56:704 [::1] request: http://localhost/images/favicon.ico
[INFO]2018-04-04 12:30:57:921 [::1] request: http://localhost/
[INFO]2018-04-04 12:30:58:281 [::1] request: http://localhost/images/favicon.ico
[INFO]2018-04-04 12:31:00:131 [::1] request: http://localhost/reg
[INFO]2018-04-04 12:31:06:731 [::1] request: http://localhost/
[INFO]2018-04-04 12:31:06:946 [::1] request: http://localhost/images/favicon.ico
[INFO]2018-04-04 12:31:08:471 [::1] request: http://localhost/hz
[INFO]2018-04-04 12:31:08:491 [::1] request: http://localhost/login
[INFO]2018-04-04 12:31:09:361 [::1] request: http://localhost/login
[INFO]2018-04-04 12:31:13:072 [::1] request: http://localhost/login
[INFO]2018-04-04 12:31:15:184 [::1] request: http://localhost/login
[INFO]2018-04-04 12:31:25:096 [::1] request: http://localhost/
[INFO]2018-04-04 12:31:27:068 [::1] request: http://localhost/
[INFO]2018-04-04 12:31:33:783 [::1] request: http://localhost/reg
[INFO]2018-04-04 12:31:40:054 [::1] request: http://localhost/
[INFO]2018-04-04 12:31:41:857 [::1] request: http://localhost/hz
[INFO]2018-04-04 12:31:41:897 [::1] request: http://localhost/login
[INFO]2018-04-04 12:32:02:169 [::1] request: http://localhost/login
[INFO]2018-04-04 12:32:03:429 [::1] request: http://localhost/login
[INFO]2018-04-04 12:32:03:749 [::1] request: http://localhost/login
[INFO]2018-04-04 12:32:03:969 [::1] request: http://localhost/login
[INFO]2018-04-04 12:32:04:179 [::1] request: http://localhost/login
[INFO]2018-04-04 12:32:04:379 [::1] request: http://localhost/login
[INFO]2018-04-04 12:32:04:539 [::1] request: http://localhost/login
[INFO]2018-04-04 12:32:04:729 [::1] request: http://localhost/login
[INFO]2018-04-04 12:32:04:969 [::1] request: http://localhost/login
[INFO]2018-04-04 12:32:05:209 [::1] request: http://localhost/login
[INFO]2018-04-04 12:32:05:449 [::1] request: http://localhost/login
[INFO]2018-04-04 12:32:05:659 [::1] request: http://localhost/login
[INFO]2018-04-04 12:32:38:959 [::1] request: http://localhost/
[INFO]2018-04-04 12:32:39:149 [::1] request: http://localhost/images/favicon.ico
[INFO]2018-04-04 12:32:41:081 [::1] request: http://localhost/reg
[INFO]2018-04-04 12:32:51:131 [::1] request: http://localhost/
[INFO]2018-04-04 12:32:51:341 [::1] request: http://localhost/images/favicon.ico
[INFO]2018-04-04 12:32:53:596 [::1] request: http://localhost/hz
[INFO]2018-04-04 12:32:53:616 [::1] request: http://localhost/login
[INFO]2018-04-04 12:33:38:001 [::1] request: http://localhost/login
[INFO]2018-04-04 12:34:04:524 [::1] request: http://localhost/login
[INFO]2018-04-04 12:34:23:056 [::1] request: http://localhost/login
